2025-06-04 19:37:45,712 [INFO] Activator:176 - 


2025-06-04 19:37:45,721 [INFO] Activator:177 - !SESSION log4j initialized
2025-06-04 19:37:55,274 [INFO] LogOutputStream:77 - [STDOUT_REDIRECT] 
2025-06-04 19:37:59,772 [INFO] ApplicationProperties:184 - Using Application install path: C:\ST\STM32CubeIDE_1.14.1\STM32CubeIDE\plugins\com.st.stm32cube.common.mx_6.11.0.202403141607
2025-06-04 19:37:59,789 [INFO] DbMcusXml:78 - Set database path to: C:\ST\STM32CubeIDE_1.14.1\STM32CubeIDE\plugins\com.st.stm32cube.common.mx_6.11.0.202403141607\\db\/mcu/
2025-06-04 19:37:59,789 [INFO] ApiDb:274 - Set plugin database path to: C:\ST\STM32CubeIDE_1.14.1\STM32CubeIDE\plugins\com.st.stm32cube.common.mx_6.11.0.202403141607\\db\/plugins/boardmanager/
2025-06-04 19:37:59,789 [WARN] ApiDb:259 - Overriding images path with different value:  => C:\ST\STM32CubeIDE_1.14.1\STM32CubeIDE\plugins\com.st.stm32cube.common.mx_6.11.0.202403141607\\db\/plugins/mcufinder/images/
2025-06-04 19:37:59,804 [INFO] ApiDb:250 - Set database path to: C:\Users\axeel\.stmcufinder\plugins\mcufinder//mcu/
2025-06-04 19:37:59,805 [INFO] DbMcusAds:125 - Set database path to: C:\Users\axeel\.stmcufinder\plugins\mcufinder//mcu/
2025-06-04 19:37:59,807 [INFO] CrossReferenceDbSqlite:203 - Set database path to: C:\Users\axeel\.stmcufinder\plugins\mcufinder//mcu/cs/
2025-06-04 19:37:59,947 [INFO] RulesReader:64 - Compatibility file has been processed (297 Rules)
2025-06-04 19:38:00,083 [INFO] DbMcusXml:78 - Set database path to: C:\ST\STM32CubeIDE_1.14.1\STM32CubeIDE\plugins\com.st.stm32cube.common.mx_6.11.0.202403141607\\db\/mcu/
2025-06-04 19:38:00,083 [INFO] ApiDb:274 - Set plugin database path to: C:\ST\STM32CubeIDE_1.14.1\STM32CubeIDE\plugins\com.st.stm32cube.common.mx_6.11.0.202403141607\\db\/plugins/boardmanager/
2025-06-04 19:38:00,083 [INFO] ApiDb:261 - Set plugin images path to: C:\ST\STM32CubeIDE_1.14.1\STM32CubeIDE\plugins\com.st.stm32cube.common.mx_6.11.0.202403141607\\db\/plugins/mcufinder/images/
2025-06-04 19:38:00,083 [WARN] DbFile:41 - Overriding database path with different value: C:\Users\axeel\.stmcufinder\plugins\mcufinder/ => C:\Users\axeel\.stmcufinder\plugins\mcufinder
2025-06-04 19:38:00,083 [INFO] ApiDb:250 - Set database path to: C:\Users\axeel\.stmcufinder\plugins\mcufinder//mcu/
2025-06-04 19:38:00,084 [WARN] DbFile:41 - Overriding database path with different value: C:\Users\axeel\.stmcufinder\plugins\mcufinder/ => C:\Users\axeel\.stmcufinder\plugins\mcufinder
2025-06-04 19:38:00,084 [INFO] DbMcusAds:125 - Set database path to: C:\Users\axeel\.stmcufinder\plugins\mcufinder//mcu/
2025-06-04 19:38:00,084 [WARN] DbFile:41 - Overriding database path with different value: C:\Users\axeel\.stmcufinder\plugins\mcufinder/ => C:\Users\axeel\.stmcufinder\plugins\mcufinder
2025-06-04 19:38:00,084 [WARN] DbFile:41 - Overriding database path with different value: C:\Users\axeel\.stmcufinder\plugins\mcufinder/ => C:\Users\axeel\.stmcufinder\plugins\mcufinder
2025-06-04 19:38:00,084 [INFO] CrossReferenceDbSqlite:203 - Set database path to: C:\Users\axeel\.stmcufinder\plugins\mcufinder//mcu/cs/
2025-06-04 19:38:00,187 [INFO] MainPanel:264 - HeapMemory: 268435456
2025-06-04 19:38:00,286 [INFO] DbMcusXml:78 - Set database path to: C:\ST\STM32CubeIDE_1.14.1\STM32CubeIDE\plugins\com.st.stm32cube.common.mx_6.11.0.202403141607\\db\/mcu/
2025-06-04 19:38:00,286 [INFO] ApiDb:274 - Set plugin database path to: C:\ST\STM32CubeIDE_1.14.1\STM32CubeIDE\plugins\com.st.stm32cube.common.mx_6.11.0.202403141607\\db\/plugins/boardmanager/
2025-06-04 19:38:00,286 [INFO] ApiDb:261 - Set plugin images path to: C:\ST\STM32CubeIDE_1.14.1\STM32CubeIDE\plugins\com.st.stm32cube.common.mx_6.11.0.202403141607\\db\/plugins/mcufinder/images/
2025-06-04 19:38:00,288 [WARN] DbFile:41 - Overriding database path with different value: C:\Users\axeel\.stmcufinder\plugins\mcufinder/ => C:\Users\axeel\.stmcufinder\plugins\mcufinder
2025-06-04 19:38:00,288 [INFO] ApiDb:250 - Set database path to: C:\Users\axeel\.stmcufinder\plugins\mcufinder//mcu/
2025-06-04 19:38:00,288 [WARN] DbFile:41 - Overriding database path with different value: C:\Users\axeel\.stmcufinder\plugins\mcufinder/ => C:\Users\axeel\.stmcufinder\plugins\mcufinder
2025-06-04 19:38:00,288 [INFO] DbMcusAds:125 - Set database path to: C:\Users\axeel\.stmcufinder\plugins\mcufinder//mcu/
2025-06-04 19:38:00,288 [WARN] DbFile:41 - Overriding database path with different value: C:\Users\axeel\.stmcufinder\plugins\mcufinder/ => C:\Users\axeel\.stmcufinder\plugins\mcufinder
2025-06-04 19:38:00,288 [WARN] DbFile:41 - Overriding database path with different value: C:\Users\axeel\.stmcufinder\plugins\mcufinder/ => C:\Users\axeel\.stmcufinder\plugins\mcufinder
2025-06-04 19:38:00,288 [INFO] CrossReferenceDbSqlite:203 - Set database path to: C:\Users\axeel\.stmcufinder\plugins\mcufinder//mcu/cs/
2025-06-04 19:38:00,308 [INFO] ApplicationProperties:184 - Using Application install path: C:\ST\STM32CubeIDE_1.14.1\STM32CubeIDE\plugins\com.st.stm32cube.common.mx_6.11.0.202403141607
2025-06-04 19:38:00,310 [INFO] PluginManage:196 - Search for loadable plugins [exclusion list=, ]
2025-06-04 19:38:00,312 [INFO] PluginManage:310 - Check plugin analytics
2025-06-04 19:38:00,517 [INFO] AnalyticsPlugin:253 - Accepted Software Licenses: STM32CubeMX.6.14.0
2025-06-04 19:38:00,517 [INFO] AnalyticsPlugin:255 - Accepted CMSIS Pack Licenses: 
2025-06-04 19:38:00,517 [INFO] AnalyticsPlugin:257 - Accepted Firmware Licenses: FW.L4.1.18.0
2025-06-04 19:38:00,520 [INFO] PluginManage:359 - Loaded plugin analytics (category:tool,tabindex:-1)
2025-06-04 19:38:00,521 [INFO] PluginManage:310 - Check plugin cadmodel
2025-06-04 19:38:00,543 [INFO] CADModel:105 - Init CAD model plugin
2025-06-04 19:38:00,544 [INFO] PluginManage:359 - Loaded plugin cadmodel (category:power,tabindex:5)
2025-06-04 19:38:00,545 [INFO] PluginManage:310 - Check plugin clock
2025-06-04 19:38:00,584 [INFO] PluginManage:359 - Loaded plugin clock (category:base,tabindex:2)
2025-06-04 19:38:00,585 [INFO] PluginManage:310 - Check plugin ddr
2025-06-04 19:38:00,589 [INFO] PluginManage:359 - Loaded plugin ddr (category:tool,tabindex:6)
2025-06-04 19:38:00,590 [INFO] PluginManage:310 - Check plugin filemanager
2025-06-04 19:38:00,874 [INFO] PluginManage:359 - Loaded plugin filemanager (category:base,tabindex:10)
2025-06-04 19:38:00,874 [INFO] PluginManage:310 - Check plugin ipmanager
2025-06-04 19:38:00,886 [INFO] PluginManage:359 - Loaded plugin ipmanager (category:base,tabindex:5)
2025-06-04 19:38:00,886 [INFO] PluginManage:310 - Check plugin lpbam
2025-06-04 19:38:00,911 [INFO] PluginManage:359 - Loaded plugin lpbam (category:base,tabindex:0)
2025-06-04 19:38:00,911 [INFO] PluginManage:310 - Check plugin memorymap
2025-06-04 19:38:00,953 [INFO] PluginManage:359 - Loaded plugin memorymap (category:base,tabindex:4)
2025-06-04 19:38:00,954 [INFO] PluginManage:310 - Check plugin pinoutandconfiguration
2025-06-04 19:38:00,989 [INFO] PluginManage:359 - Loaded plugin pinoutandconfiguration (category:base,tabindex:1)
2025-06-04 19:38:00,989 [INFO] PluginManage:310 - Check plugin pinoutconfig
2025-06-04 19:38:01,124 [WARN] SupportedApi:132 - Cannot load RTOS API schema: s4s-elt-must-match.1: The content of 'definitions' must match (annotation?, (simpleType | complexType)?, (unique | key | keyref)*)). A problem was found starting at: attribute.
2025-06-04 19:38:01,297 [INFO] PluginManage:359 - Loaded plugin pinoutconfig (category:base,tabindex:0)
2025-06-04 19:38:01,297 [INFO] PluginManage:310 - Check plugin power
2025-06-04 19:38:01,333 [INFO] PluginManage:359 - Loaded plugin power (category:power,tabindex:4)
2025-06-04 19:38:01,333 [INFO] PluginManage:310 - Check plugin projectmanager
2025-06-04 19:38:01,354 [INFO] PluginManage:359 - Loaded plugin projectmanager (category:projectmanager,tabindex:3)
2025-06-04 19:38:01,354 [INFO] PluginManage:310 - Check plugin thirdparty
2025-06-04 19:38:01,748 [WARN] IntegrityCheckThread:84 - waiting for thirdparty lock release [integrity check]
2025-06-04 19:38:01,749 [INFO] IntegrityCheckThread:86 - entering critical section [integrity check]
2025-06-04 19:38:01,750 [INFO] PluginManage:359 - Loaded plugin thirdparty (category:base,tabindex:-1)
2025-06-04 19:38:01,750 [INFO] ThirdPartyUpdaterWithRetryManager:70 - Updater plugin not ready yet. [1/15]
2025-06-04 19:38:01,750 [INFO] PluginManage:310 - Check plugin tools
2025-06-04 19:38:01,824 [INFO] PluginManage:359 - Loaded plugin tools (category:base,tabindex:7)
2025-06-04 19:38:01,824 [INFO] PluginManage:310 - Check plugin tutovideos
2025-06-04 19:38:02,109 [INFO] PluginManage:359 - Loaded plugin tutovideos (category:base,tabindex:-1)
2025-06-04 19:38:02,110 [INFO] PluginManage:310 - Check plugin updater
2025-06-04 19:38:02,122 [INFO] PluginManage:359 - Loaded plugin updater (category:base,tabindex:12)
2025-06-04 19:38:02,122 [INFO] PluginManage:310 - Check plugin userauth
2025-06-04 19:38:02,132 [INFO] UserAuth:114 - Init User Auth plugin
2025-06-04 19:38:02,132 [INFO] PluginManage:359 - Loaded plugin userauth (category:base,tabindex:14)
2025-06-04 19:38:02,132 [INFO] PluginManage:283 - PluginManage : Loaded plugins [17]
2025-06-04 19:38:02,410 [INFO] PinOutPanel:1561 - setPackage(No Configuration,No Configuration)
2025-06-04 19:38:02,511 [INFO] CADModel:165 - CPN selected for project level
2025-06-04 19:38:02,511 [INFO] CADModel:114 - Register for checkConnection events
2025-06-04 19:38:02,548 [INFO] IPUIPlugin:80 - create IPUIPlugin
2025-06-04 19:38:02,549 [INFO] PluginManager:220 - loadIPPluginJar : add adc
2025-06-04 19:38:02,592 [INFO] IPUIPlugin:80 - create IPUIPlugin
2025-06-04 19:38:02,592 [INFO] PluginManager:220 - loadIPPluginJar : add aes
2025-06-04 19:38:02,649 [INFO] IPUIPlugin:80 - create IPUIPlugin
2025-06-04 19:38:02,649 [INFO] PluginManager:220 - loadIPPluginJar : add can
2025-06-04 19:38:02,715 [INFO] IPUIPlugin:80 - create IPUIPlugin
2025-06-04 19:38:02,716 [INFO] PluginManager:220 - loadIPPluginJar : add comp
2025-06-04 19:38:02,761 [INFO] IPUIPlugin:80 - create IPUIPlugin
2025-06-04 19:38:02,761 [INFO] PluginManager:220 - loadIPPluginJar : add cryp
2025-06-04 19:38:02,840 [INFO] IPUIPlugin:80 - create IPUIPlugin
2025-06-04 19:38:02,840 [INFO] PluginManager:220 - loadIPPluginJar : add dfsdm
2025-06-04 19:38:02,859 [INFO] IPUIPlugin:80 - create IPUIPlugin
2025-06-04 19:38:02,860 [INFO] PluginManager:220 - loadIPPluginJar : add dma
2025-06-04 19:38:02,933 [INFO] IPUIPlugin:80 - create IPUIPlugin
2025-06-04 19:38:02,933 [INFO] PluginManager:220 - loadIPPluginJar : add dma3
2025-06-04 19:38:03,048 [INFO] IPUIPlugin:80 - create IPUIPlugin
2025-06-04 19:38:03,048 [INFO] PluginManager:220 - loadIPPluginJar : add extmemmanager
2025-06-04 19:38:03,071 [INFO] IPUIPlugin:80 - create IPUIPlugin
2025-06-04 19:38:03,072 [INFO] PluginManager:220 - loadIPPluginJar : add fatfs
2025-06-04 19:38:03,194 [INFO] IPUIPlugin:80 - create IPUIPlugin
2025-06-04 19:38:03,194 [INFO] PluginManager:220 - loadIPPluginJar : add fmc
2025-06-04 19:38:03,225 [INFO] IPUIPlugin:80 - create IPUIPlugin
2025-06-04 19:38:03,225 [INFO] PluginManager:220 - loadIPPluginJar : add freertos
2025-06-04 19:38:03,282 [INFO] IPUIPlugin:80 - create IPUIPlugin
2025-06-04 19:38:03,282 [INFO] PluginManager:220 - loadIPPluginJar : add genericplugin
2025-06-04 19:38:03,528 [INFO] IPUIPlugin:80 - create IPUIPlugin
2025-06-04 19:38:03,528 [INFO] PluginManager:220 - loadIPPluginJar : add gfxmmu
2025-06-04 19:38:03,880 [INFO] IPUIPlugin:80 - create IPUIPlugin
2025-06-04 19:38:03,880 [INFO] PluginManager:220 - loadIPPluginJar : add gic
2025-06-04 19:38:03,910 [INFO] IPUIPlugin:80 - create IPUIPlugin
2025-06-04 19:38:03,910 [INFO] PluginManager:220 - loadIPPluginJar : add gpio
2025-06-04 19:38:04,089 [INFO] IPUIPlugin:80 - create IPUIPlugin
2025-06-04 19:38:04,090 [INFO] PluginManager:220 - loadIPPluginJar : add gtzc
2025-06-04 19:38:04,178 [INFO] IPUIPlugin:80 - create IPUIPlugin
2025-06-04 19:38:04,179 [INFO] PluginManager:220 - loadIPPluginJar : add hash
2025-06-04 19:38:04,323 [INFO] IPUIPlugin:80 - create IPUIPlugin
2025-06-04 19:38:04,323 [INFO] PluginManager:220 - loadIPPluginJar : add i2c
2025-06-04 19:38:04,380 [INFO] IPUIPlugin:80 - create IPUIPlugin
2025-06-04 19:38:04,380 [INFO] PluginManager:220 - loadIPPluginJar : add i2s
2025-06-04 19:38:04,499 [INFO] IPUIPlugin:80 - create IPUIPlugin
2025-06-04 19:38:04,499 [INFO] PluginManager:220 - loadIPPluginJar : add i3c
2025-06-04 19:38:04,707 [INFO] IPUIPlugin:80 - create IPUIPlugin
2025-06-04 19:38:04,707 [INFO] PluginManager:220 - loadIPPluginJar : add ipddr
2025-06-04 19:38:04,751 [INFO] ThirdPartyUpdaterWithRetryManager:70 - Updater plugin not ready yet. [2/15]
2025-06-04 19:38:04,895 [INFO] IPUIPlugin:80 - create IPUIPlugin
2025-06-04 19:38:04,895 [INFO] PluginManager:220 - loadIPPluginJar : add linkedlist
2025-06-04 19:38:04,941 [INFO] IPUIPlugin:80 - create IPUIPlugin
2025-06-04 19:38:04,941 [INFO] PluginManager:220 - loadIPPluginJar : add lorawan
2025-06-04 19:38:04,989 [INFO] IPUIPlugin:80 - create IPUIPlugin
2025-06-04 19:38:04,989 [INFO] PluginManager:220 - loadIPPluginJar : add ltdc
2025-06-04 19:38:05,014 [INFO] IPUIPlugin:80 - create IPUIPlugin
2025-06-04 19:38:05,014 [INFO] PluginManager:220 - loadIPPluginJar : add mdma
2025-06-04 19:38:05,039 [INFO] IPUIPlugin:80 - create IPUIPlugin
2025-06-04 19:38:05,039 [INFO] PluginManager:220 - loadIPPluginJar : add nvic
2025-06-04 19:38:05,130 [INFO] IPUIPlugin:80 - create IPUIPlugin
2025-06-04 19:38:05,130 [INFO] PluginManager:220 - loadIPPluginJar : add opamp
2025-06-04 19:38:05,289 [INFO] IPUIPlugin:80 - create IPUIPlugin
2025-06-04 19:38:05,289 [INFO] PluginManager:220 - loadIPPluginJar : add openamp
2025-06-04 19:38:05,404 [INFO] IPUIPlugin:80 - create IPUIPlugin
2025-06-04 19:38:05,406 [INFO] PluginManager:220 - loadIPPluginJar : add pdm2pcm
2025-06-04 19:38:05,432 [INFO] IPUIPlugin:80 - create IPUIPlugin
2025-06-04 19:38:05,434 [INFO] PluginManager:220 - loadIPPluginJar : add plateformsettings
2025-06-04 19:38:05,459 [INFO] IPUIPlugin:80 - create IPUIPlugin
2025-06-04 19:38:05,460 [INFO] PluginManager:220 - loadIPPluginJar : add quadspi
2025-06-04 19:38:05,476 [INFO] IPUIPlugin:80 - create IPUIPlugin
2025-06-04 19:38:05,476 [INFO] PluginManager:220 - loadIPPluginJar : add resmgrutility
2025-06-04 19:38:05,538 [INFO] IPUIPlugin:80 - create IPUIPlugin
2025-06-04 19:38:05,539 [INFO] PluginManager:220 - loadIPPluginJar : add sai
2025-06-04 19:38:05,631 [INFO] IPUIPlugin:80 - create IPUIPlugin
2025-06-04 19:38:05,631 [INFO] PluginManager:220 - loadIPPluginJar : add spi
2025-06-04 19:38:05,804 [INFO] IPUIPlugin:80 - create IPUIPlugin
2025-06-04 19:38:05,804 [INFO] PluginManager:220 - loadIPPluginJar : add stm32_wpan
2025-06-04 19:38:05,832 [INFO] IPUIPlugin:80 - create IPUIPlugin
2025-06-04 19:38:05,832 [INFO] PluginManager:220 - loadIPPluginJar : add tim
2025-06-04 19:38:05,996 [INFO] IPUIPlugin:80 - create IPUIPlugin
2025-06-04 19:38:05,996 [INFO] PluginManager:220 - loadIPPluginJar : add touchsensing
2025-06-04 19:38:06,020 [INFO] IPUIPlugin:80 - create IPUIPlugin
2025-06-04 19:38:06,020 [INFO] PluginManager:220 - loadIPPluginJar : add tracer_emb
2025-06-04 19:38:06,045 [INFO] IPUIPlugin:80 - create IPUIPlugin
2025-06-04 19:38:06,045 [INFO] PluginManager:220 - loadIPPluginJar : add ts
2025-06-04 19:38:06,106 [INFO] IPUIPlugin:80 - create IPUIPlugin
2025-06-04 19:38:06,107 [INFO] PluginManager:220 - loadIPPluginJar : add tsc
2025-06-04 19:38:06,165 [INFO] IPUIPlugin:80 - create IPUIPlugin
2025-06-04 19:38:06,165 [INFO] PluginManager:220 - loadIPPluginJar : add ucpd
2025-06-04 19:38:06,273 [INFO] IPUIPlugin:80 - create IPUIPlugin
2025-06-04 19:38:06,273 [INFO] PluginManager:220 - loadIPPluginJar : add usart
2025-06-04 19:38:06,382 [INFO] IPUIPlugin:80 - create IPUIPlugin
2025-06-04 19:38:06,382 [INFO] PluginManager:220 - loadIPPluginJar : add usbx
2025-06-04 19:38:06,508 [INFO] CADModel:165 - CPN selected for project level
2025-06-04 19:38:06,508 [INFO] CADModel:114 - Register for checkConnection events
2025-06-04 19:38:06,508 [FATAL] Updater:308 - Updater called before beeing initialized
2025-06-04 19:38:06,508 [ERROR] CADModel:125 - Updater not yet initialized, retry later 
2025-06-04 19:38:06,643 [INFO] CADModel:165 - CPN selected for project level
2025-06-04 19:38:06,643 [INFO] CADModel:114 - Register for checkConnection events
2025-06-04 19:38:06,643 [FATAL] Updater:308 - Updater called before beeing initialized
2025-06-04 19:38:06,643 [ERROR] CADModel:125 - Updater not yet initialized, retry later 
2025-06-04 19:38:06,647 [FATAL] Updater:308 - Updater called before beeing initialized
2025-06-04 19:38:06,771 [FATAL] Updater:308 - Updater called before beeing initialized
2025-06-04 19:38:06,792 [INFO] DbMcusAds:53 - JSON generation date=Wed May 07 11:07:55 CEST 2025 (1746608875638)
2025-06-04 19:38:06,792 [FATAL] Updater:308 - Updater called before beeing initialized
2025-06-04 19:38:06,883 [WARN] DetailPanel:346 - Failed to get advertising image, set to default
2025-06-04 19:38:06,946 [FATAL] Updater:308 - Updater called before beeing initialized
2025-06-04 19:38:06,949 [FATAL] Updater:308 - Updater called before beeing initialized
2025-06-04 19:38:06,949 [FATAL] Updater:308 - Updater called before beeing initialized
2025-06-04 19:38:06,949 [WARN] DetailPanel:346 - Failed to get advertising image, set to default
2025-06-04 19:38:06,950 [FATAL] Updater:308 - Updater called before beeing initialized
2025-06-04 19:38:07,018 [ERROR] Updater:1120 - MainUpdater not yet initialized. External WinMGr cannot be set.
2025-06-04 19:38:07,032 [INFO] Updater:1056 - Updater Version found : 6.11.0
2025-06-04 19:38:07,054 [INFO] ApplicationProperties:184 - Using Application install path: C:\ST\STM32CubeIDE_1.14.1\STM32CubeIDE\plugins\com.st.stm32cube.common.mx_6.11.0.202403141607
2025-06-04 19:38:07,752 [INFO] ThirdPartyUpdaterWithRetryManager:70 - Updater plugin not ready yet. [3/15]
2025-06-04 19:38:08,642 [ERROR] LogOutputStream:75 - [STDERR_REDIRECT] Jun 04, 2025 7:38:08 PM java.util.prefs.WindowsPreferences <init>
2025-06-04 19:38:08,645 [ERROR] LogOutputStream:75 - [STDERR_REDIRECT] WARNING: Could not open/create prefs root node Software\JavaSoft\Prefs at root 0xffffffff80000002. Windows RegCreateKeyEx(...) returned error code 5.
2025-06-04 19:38:08,646 [ERROR] LogOutputStream:75 - [STDERR_REDIRECT] 
2025-06-04 19:38:09,158 [INFO] MainUpdater:2873 - connection check result : 10
2025-06-04 19:38:09,159 [INFO] MainUpdater:290 - Updater Check For Update Now.
2025-06-04 19:38:09,159 [INFO] MicroXplorer:498 - Change Database Version : DB.6.0.110
2025-06-04 19:38:09,181 [INFO] McuFinderGlobals:63 - Set McuFinder mode to 2 (CubeIDE integrated)
2025-06-04 19:38:09,199 [INFO] UserAuth:415 - Internet connection configuration mode: 1
2025-06-04 19:38:09,242 [INFO] JxBrowserEngine:152 - Initiate JxBrowser Engine with user profile folder
2025-06-04 19:38:09,380 [INFO] CheckServerUpdateThread:120 - End of CheckServer Thread
2025-06-04 19:38:11,101 [WARN] PackLoader:240 - Cannot read IP mode file for STMicroelectronics.FP-SNS-MOTENVWB1.1.4.0
2025-06-04 19:38:11,119 [WARN] PackLoader:240 - Cannot read IP mode file for STMicroelectronics.FP-ATR-ASTRA1.2.0.2
2025-06-04 19:38:11,133 [WARN] PackLoader:240 - Cannot read IP mode file for STMicroelectronics.FP-ATR-ASTRA1.2.0.1
2025-06-04 19:38:11,153 [WARN] PackLoader:240 - Cannot read IP mode file for STMicroelectronics.X-CUBE-SMBUS.2.1.0
2025-06-04 19:38:11,175 [WARN] PackLoader:240 - Cannot read IP mode file for STMicroelectronics.X-CUBE-WB05N.1.1.0
2025-06-04 19:38:11,190 [ERROR] Engine:466 - C:\Users\axeel\.stm32cubemx\thirdparties\pdsc\STMicroelectronics.X-CUBE-ST60.1.0.0.pdsc: PDSC version is not supported
2025-06-04 19:38:11,210 [WARN] PackLoader:240 - Cannot read IP mode file for STMicroelectronics.X-CUBE-TOUCHGFX.4.23.0
2025-06-04 19:38:11,225 [WARN] PackLoader:240 - Cannot read IP mode file for STMicroelectronics.X-CUBE-TOUCHGFX.4.23.2
2025-06-04 19:38:11,270 [WARN] PackLoader:240 - Cannot read IP mode file for STMicroelectronics.X-CUBE-AZRTOS-F7.1.1.0
2025-06-04 19:38:11,295 [WARN] PackLoader:240 - Cannot read IP mode file for STMicroelectronics.FP-SNS-MOTENV1.4.3.2
2025-06-04 19:38:11,392 [WARN] PackLoader:240 - Cannot read IP mode file for STMicroelectronics.X-CUBE-MEMS1.11.0.0
2025-06-04 19:38:11,591 [WARN] PackLoader:240 - Cannot read IP mode file for STMicroelectronics.FP-SNS-FLIGHT1.5.0.2
2025-06-04 19:38:11,615 [WARN] PackLoader:240 - Cannot read IP mode file for STMicroelectronics.X-CUBE-DISPLAY.3.0.0
2025-06-04 19:38:11,636 [WARN] PackLoader:240 - Cannot read IP mode file for STMicroelectronics.X-CUBE-BLE1.7.0.0
2025-06-04 19:38:11,655 [WARN] PackLoader:240 - Cannot read IP mode file for STMicroelectronics.X-CUBE-NFC10.1.0.0
2025-06-04 19:38:11,677 [WARN] PackLoader:240 - Cannot read IP mode file for STMicroelectronics.X-CUBE-BLEMGR.4.0.0
2025-06-04 19:38:11,698 [WARN] PackLoader:240 - Cannot read IP mode file for emotas.I-CUBE-CANOPEN.1.3.0
2025-06-04 19:38:11,712 [WARN] PackLoader:240 - Cannot read IP mode file for STMicroelectronics.X-CUBE-BLEMGR.3.1.0
2025-06-04 19:38:11,735 [WARN] PackLoader:240 - Cannot read IP mode file for STMicroelectronics.X-CUBE-AI.10.0.0
2025-06-04 19:38:11,758 [WARN] PackLoader:240 - Cannot read IP mode file for STMicroelectronics.FP-SNS-SMARTAG2.1.2.0
2025-06-04 19:38:11,775 [ERROR] Engine:466 - C:\Users\axeel\.stm32cubemx\thirdparties\pdsc\STMicroelectronics.FP-SNS-FLIGHT1.5.1.0.pdsc: PDSC version is not supported
2025-06-04 19:38:11,842 [WARN] PackLoader:240 - Cannot read IP mode file for STMicroelectronics.X-CUBE-MEMS1.11.1.0
2025-06-04 19:38:11,986 [INFO] LogOutputStream:77 - [STDOUT_REDIRECT] 1 : Invalid condition id : UX_CORESTACK_Condition cause : null
2025-06-04 19:38:11,986 [INFO] LogOutputStream:77 - [STDOUT_REDIRECT] 1 : Invalid condition id : UX_CORESTACK_Condition cause : null
2025-06-04 19:38:11,988 [INFO] LogOutputStream:77 - [STDOUT_REDIRECT] 1 : Invalid condition id : UX_CORESTACK_Condition cause : null
2025-06-04 19:38:11,990 [INFO] LogOutputStream:77 - [STDOUT_REDIRECT] 1 : Invalid condition id : UX_CORESTACK_Condition cause : null
2025-06-04 19:38:11,992 [INFO] LogOutputStream:77 - [STDOUT_REDIRECT] 1 : Invalid condition id : UX_CORESTACK_Condition cause : null
2025-06-04 19:38:11,995 [WARN] PackLoader:240 - Cannot read IP mode file for STMicroelectronics.X-CUBE-AZRTOS-WL.2.0.0
2025-06-04 19:38:12,012 [WARN] PackLoader:240 - Cannot read IP mode file for STMicroelectronics.FP-SNS-MOTENV1.5.0.0
2025-06-04 19:38:12,029 [WARN] PackLoader:240 - Cannot read IP mode file for wolfSSL.I-CUBE-wolfMQTT.1.19.0
2025-06-04 19:38:12,049 [WARN] PackLoader:240 - Cannot read IP mode file for WES.I-CUBE-Cesium.1.3.0
2025-06-04 19:38:12,070 [WARN] PackLoader:240 - Cannot read IP mode file for STMicroelectronics.X-CUBE-BLE2.3.3.0
2025-06-04 19:38:12,090 [WARN] PackLoader:240 - Cannot read IP mode file for STMicroelectronics.X-CUBE-NFC9.1.0.0
2025-06-04 19:38:12,112 [WARN] PackLoader:240 - Cannot read IP mode file for STMicroelectronics.X-CUBE-BLE1.7.1.0
2025-06-04 19:38:12,135 [WARN] PackLoader:240 - Cannot read IP mode file for STMicroelectronics.X-CUBE-TCPP.4.1.0
2025-06-04 19:38:12,167 [WARN] PackLoader:240 - Cannot read IP mode file for STMicroelectronics.X-CUBE-AI.10.1.0
2025-06-04 19:38:12,199 [WARN] PackLoader:240 - Cannot read IP mode file for STMicroelectronics.X-CUBE-ALGOBUILD.1.3.0
2025-06-04 19:38:12,275 [WARN] PackLoader:240 - Cannot read IP mode file for STMicroelectronics.X-CUBE-MEMS1.11.2.0
2025-06-04 19:38:12,423 [WARN] PackLoader:240 - Cannot read IP mode file for STMicroelectronics.X-CUBE-AZRTOS-G0.1.1.0
2025-06-04 19:38:12,449 [WARN] PackLoader:240 - Cannot read IP mode file for STMicroelectronics.X-CUBE-SAFEA1.1.2.2
2025-06-04 19:38:12,474 [WARN] PackLoader:240 - Cannot read IP mode file for STMicroelectronics.X-CUBE-NFC4.3.0.0
2025-06-04 19:38:12,492 [WARN] PackLoader:240 - Cannot read IP mode file for wolfSSL.I-CUBE-wolfMQTT.1.18.0
2025-06-04 19:38:12,521 [WARN] PackLoader:240 - Cannot read IP mode file for EmbeddedOffice.I-CUBE-FS-RTOS.1.0.1
2025-06-04 19:38:12,521 [ERROR] ConditionMgr:805 - Attr not supported : Dmpu
2025-06-04 19:38:12,521 [ERROR] ConditionMgr:805 - Attr not supported : Dmpu
2025-06-04 19:38:12,522 [ERROR] ConditionMgr:805 - Attr not supported : Dmpu
2025-06-04 19:38:12,522 [ERROR] ConditionMgr:805 - Attr not supported : Dmpu
2025-06-04 19:38:12,522 [ERROR] ConditionMgr:805 - Attr not supported : Dmpu
2025-06-04 19:38:12,522 [ERROR] ConditionMgr:805 - Attr not supported : Dmpu
2025-06-04 19:38:12,522 [ERROR] ConditionMgr:805 - Attr not supported : Dmpu
2025-06-04 19:38:12,522 [ERROR] ConditionMgr:805 - Attr not supported : Dmpu
2025-06-04 19:38:12,522 [ERROR] ConditionMgr:805 - Attr not supported : Dmpu
2025-06-04 19:38:12,522 [ERROR] ConditionMgr:805 - Attr not supported : Dmpu
2025-06-04 19:38:12,522 [ERROR] ConditionMgr:805 - Attr not supported : Dmpu
2025-06-04 19:38:12,522 [ERROR] ConditionMgr:805 - Attr not supported : Dmpu
2025-06-04 19:38:12,522 [ERROR] ConditionMgr:805 - Attr not supported : Dmpu
2025-06-04 19:38:12,522 [ERROR] ConditionMgr:805 - Attr not supported : Dmpu
2025-06-04 19:38:12,522 [ERROR] ConditionMgr:805 - Attr not supported : Dmpu
2025-06-04 19:38:12,522 [ERROR] ConditionMgr:805 - Attr not supported : Dmpu
2025-06-04 19:38:12,522 [ERROR] ConditionMgr:805 - Attr not supported : Dmpu
2025-06-04 19:38:12,522 [ERROR] ConditionMgr:805 - Attr not supported : Dmpu
2025-06-04 19:38:12,523 [ERROR] ConditionMgr:805 - Attr not supported : Dmpu
2025-06-04 19:38:12,523 [ERROR] ConditionMgr:805 - Attr not supported : Dmpu
2025-06-04 19:38:12,523 [ERROR] ConditionMgr:805 - Attr not supported : Dmpu
2025-06-04 19:38:12,523 [ERROR] ConditionMgr:805 - Attr not supported : Dmpu
2025-06-04 19:38:12,523 [ERROR] ConditionMgr:805 - Attr not supported : Dmpu
2025-06-04 19:38:12,523 [ERROR] ConditionMgr:805 - Attr not supported : Dmpu
2025-06-04 19:38:12,523 [ERROR] ConditionMgr:805 - Attr not supported : Dmpu
2025-06-04 19:38:12,523 [ERROR] ConditionMgr:805 - Attr not supported : Dmpu
2025-06-04 19:38:12,523 [ERROR] ConditionMgr:805 - Attr not supported : Dmpu
2025-06-04 19:38:12,523 [ERROR] ConditionMgr:805 - Attr not supported : Dmpu
2025-06-04 19:38:12,523 [ERROR] ConditionMgr:805 - Attr not supported : Dmpu
2025-06-04 19:38:12,523 [ERROR] ConditionMgr:805 - Attr not supported : Dmpu
2025-06-04 19:38:12,523 [ERROR] ConditionMgr:805 - Attr not supported : Dmpu
2025-06-04 19:38:12,523 [ERROR] ConditionMgr:805 - Attr not supported : Dmpu
2025-06-04 19:38:12,523 [ERROR] ConditionMgr:805 - Attr not supported : Dmpu
2025-06-04 19:38:12,523 [ERROR] ConditionMgr:805 - Attr not supported : Dmpu
2025-06-04 19:38:12,523 [ERROR] ConditionMgr:805 - Attr not supported : Dmpu
2025-06-04 19:38:12,524 [ERROR] ConditionMgr:805 - Attr not supported : Dmpu
2025-06-04 19:38:12,524 [ERROR] ConditionMgr:805 - Attr not supported : Dmpu
2025-06-04 19:38:12,524 [ERROR] ConditionMgr:805 - Attr not supported : Dmpu
2025-06-04 19:38:12,524 [ERROR] ConditionMgr:805 - Attr not supported : Dmpu
2025-06-04 19:38:12,524 [ERROR] ConditionMgr:805 - Attr not supported : Dmpu
2025-06-04 19:38:12,524 [ERROR] ConditionMgr:805 - Attr not supported : Dmpu
2025-06-04 19:38:12,524 [ERROR] ConditionMgr:805 - Attr not supported : Dmpu
2025-06-04 19:38:12,524 [ERROR] ConditionMgr:805 - Attr not supported : Dmpu
2025-06-04 19:38:12,524 [ERROR] ConditionMgr:805 - Attr not supported : Dmpu
2025-06-04 19:38:12,524 [ERROR] ConditionMgr:805 - Attr not supported : Dmpu
2025-06-04 19:38:12,524 [ERROR] ConditionMgr:805 - Attr not supported : Dmpu
2025-06-04 19:38:12,524 [ERROR] ConditionMgr:805 - Attr not supported : Dmpu
2025-06-04 19:38:12,524 [ERROR] ConditionMgr:805 - Attr not supported : Dmpu
2025-06-04 19:38:12,524 [ERROR] ConditionMgr:805 - Attr not supported : Dmpu
2025-06-04 19:38:12,525 [ERROR] ConditionMgr:805 - Attr not supported : Dmpu
2025-06-04 19:38:12,525 [ERROR] ConditionMgr:805 - Attr not supported : Dmpu
2025-06-04 19:38:12,525 [ERROR] ConditionMgr:805 - Attr not supported : Dmpu
2025-06-04 19:38:12,525 [ERROR] ConditionMgr:805 - Attr not supported : Dmpu
2025-06-04 19:38:12,525 [ERROR] ConditionMgr:805 - Attr not supported : Dmpu
2025-06-04 19:38:12,525 [ERROR] ConditionMgr:805 - Attr not supported : Dmpu
2025-06-04 19:38:12,525 [ERROR] ConditionMgr:805 - Attr not supported : Dmpu
2025-06-04 19:38:12,525 [ERROR] ConditionMgr:805 - Attr not supported : Dmpu
2025-06-04 19:38:12,525 [ERROR] ConditionMgr:805 - Attr not supported : Dmpu
2025-06-04 19:38:12,525 [ERROR] ConditionMgr:805 - Attr not supported : Dmpu
2025-06-04 19:38:12,525 [ERROR] ConditionMgr:805 - Attr not supported : Dmpu
2025-06-04 19:38:12,525 [ERROR] ConditionMgr:805 - Attr not supported : Dmpu
2025-06-04 19:38:12,525 [ERROR] ConditionMgr:805 - Attr not supported : Dmpu
2025-06-04 19:38:12,525 [ERROR] ConditionMgr:805 - Attr not supported : Dmpu
2025-06-04 19:38:12,525 [ERROR] ConditionMgr:805 - Attr not supported : Dmpu
2025-06-04 19:38:12,542 [WARN] PackLoader:240 - Cannot read IP mode file for STMicroelectronics.X-CUBE-WB05N.2.0.0
2025-06-04 19:38:12,558 [ERROR] Engine:466 - C:\Users\axeel\.stm32cubemx\thirdparties\pdsc\STMicroelectronics.X-CUBE-TCPP.4.2.0.pdsc: PDSC version is not supported
2025-06-04 19:38:12,579 [WARN] PackLoader:240 - Cannot read IP mode file for RealThread.X-CUBE-RT-Thread_Nano.4.1.1
2025-06-04 19:38:12,597 [WARN] PackLoader:240 - Cannot read IP mode file for STMicroelectronics.FP-ATR-SIGFOX1.3.2.0
2025-06-04 19:38:12,618 [WARN] ConditionMgr:438 - getConditionDescription Invalid condition id : Cortex-A Device cause : null
2025-06-04 19:38:12,649 [WARN] ConditionMgr:1039 - genDependencies : Invalid condition id : Cortex-A Device cause : null
2025-06-04 19:38:12,649 [WARN] ConditionMgr:1039 - genDependencies : Invalid condition id : Cortex-A Device cause : null
2025-06-04 19:38:12,649 [WARN] ConditionMgr:1039 - genDependencies : Invalid condition id : Cortex-A Device cause : null
2025-06-04 19:38:12,673 [WARN] PackLoader:240 - Cannot read IP mode file for STMicroelectronics.X-CUBE-EEPRMA1.5.1.0
2025-06-04 19:38:12,725 [WARN] PackLoader:240 - Cannot read IP mode file for SEGGER.I-CUBE-embOS.1.3.1
2025-06-04 19:38:12,792 [WARN] PackLoader:240 - Cannot read IP mode file for STMicroelectronics.X-CUBE-ALGOBUILD.1.4.0
2025-06-04 19:38:12,820 [WARN] PackLoader:240 - Cannot read IP mode file for STMicroelectronics.X-CUBE-AI.9.1.0
2025-06-04 19:38:12,844 [WARN] PackLoader:240 - Cannot read IP mode file for STMicroelectronics.X-CUBE-GNSS1.6.0.0
2025-06-04 19:38:12,903 [WARN] PackLoader:240 - Cannot read IP mode file for STMicroelectronics.X-CUBE-AZRTOS-F4.1.1.0
2025-06-04 19:38:12,941 [ERROR] Engine:466 - C:\Users\axeel\.stm32cubemx\thirdparties\pdsc\Avnet-IotConnect.X-CUBE-IoTC-DA16k-PMOD.1.0.0.pdsc: PDSC version is not supported
2025-06-04 19:38:12,970 [WARN] PackLoader:240 - Cannot read IP mode file for STMicroelectronics.X-CUBE-ISPU.2.1.0
2025-06-04 19:38:12,999 [WARN] PackLoader:240 - Cannot read IP mode file for STMicroelectronics.X-CUBE-FREERTOS.1.2.0
2025-06-04 19:38:13,024 [WARN] PackLoader:240 - Cannot read IP mode file for wolfSSL.I-CUBE-wolfSSL.5.6.6
2025-06-04 19:38:13,073 [WARN] PackLoader:240 - Cannot read IP mode file for STMicroelectronics.X-CUBE-AZRTOS-L5.2.0.0
2025-06-04 19:38:13,113 [WARN] PackLoader:240 - Cannot read IP mode file for STMicroelectronics.X-CUBE-NFC6.3.1.0
2025-06-04 19:38:13,153 [WARN] PackLoader:240 - Cannot read IP mode file for ITTIA_DB.I-CUBE-ITTIADB.8.8.0
2025-06-04 19:38:13,192 [WARN] PackLoader:240 - Cannot read IP mode file for STMicroelectronics.X-CUBE-DPower.1.2.0
2025-06-04 19:38:13,219 [WARN] PackLoader:240 - Cannot read IP mode file for STMicroelectronics.X-CUBE-AI.9.0.0
2025-06-04 19:38:13,247 [WARN] PackLoader:240 - Cannot read IP mode file for STMicroelectronics.X-CUBE-FREERTOS.1.3.1
2025-06-04 19:38:13,275 [WARN] PackLoader:240 - Cannot read IP mode file for STMicroelectronics.X-CUBE-FREERTOS.1.3.0
2025-06-04 19:38:13,306 [WARN] PackLoader:240 - Cannot read IP mode file for STMicroelectronics.X-CUBE-NFC7.1.0.1
2025-06-04 19:38:13,335 [WARN] PackLoader:240 - Cannot read IP mode file for wolfSSL.I-CUBE-wolfTPM.3.2.0
2025-06-04 19:38:13,367 [WARN] PackLoader:240 - Cannot read IP mode file for STMicroelectronics.X-CUBE-NFC6.3.0.0
2025-06-04 19:38:13,393 [WARN] PackLoader:240 - Cannot read IP mode file for STMicroelectronics.X-CUBE-DPower.1.3.0
2025-06-04 19:38:13,418 [WARN] PackLoader:240 - Cannot read IP mode file for STMicroelectronics.X-CUBE-AI.8.1.0
2025-06-04 19:38:13,468 [WARN] ConditionMgr:438 - getConditionDescription Invalid condition id : LAN8742 Phy interface Condition cause : null
2025-06-04 19:38:13,470 [WARN] PackLoader:240 - Cannot read IP mode file for STMicroelectronics.X-CUBE-AZRTOS-L4.2.0.0
2025-06-04 19:38:13,472 [WARN] ConditionMgr:1039 - genDependencies : Invalid condition id : LAN8742 Phy interface Condition cause : null
2025-06-04 19:38:13,472 [WARN] ConditionMgr:1039 - genDependencies : Invalid condition id : LAN8742 Phy interface Condition cause : null
2025-06-04 19:38:13,473 [WARN] ConditionMgr:1039 - genDependencies : Invalid condition id : LAN8742 Phy interface Condition cause : null
2025-06-04 19:38:13,505 [WARN] PackLoader:240 - Cannot read IP mode file for STMicroelectronics.X-CUBE-SFXS2LP1.4.0.0
2025-06-04 19:38:13,570 [WARN] PackLoader:240 - Cannot read IP mode file for STMicroelectronics.X-CUBE-AZRTOS-H7.3.3.0
2025-06-04 19:38:13,614 [WARN] PackLoader:240 - Cannot read IP mode file for STMicroelectronics.X-CUBE-IPS.3.0.0
2025-06-04 19:38:13,671 [WARN] ConditionMgr:438 - getConditionDescription Invalid condition id : UX DEVICE CLASS RTOS Condition cause : null
2025-06-04 19:38:13,671 [WARN] ConditionMgr:438 - getConditionDescription Invalid condition id : UX DEVICE CLASS RTOS Condition cause : null
2025-06-04 19:38:13,674 [WARN] PackLoader:240 - Cannot read IP mode file for STMicroelectronics.X-CUBE-AZRTOS-WB.2.0.0
2025-06-04 19:38:13,675 [WARN] ConditionMgr:1039 - genDependencies : Invalid condition id : UX DEVICE CLASS RTOS Condition cause : null
2025-06-04 19:38:13,675 [WARN] ConditionMgr:1039 - genDependencies : Invalid condition id : UX DEVICE CLASS RTOS Condition cause : null
2025-06-04 19:38:13,675 [WARN] ConditionMgr:1039 - genDependencies : Invalid condition id : UX DEVICE CLASS RTOS Condition cause : null
2025-06-04 19:38:13,676 [WARN] ConditionMgr:1039 - genDependencies : Invalid condition id : UX DEVICE CLASS RTOS Condition cause : null
2025-06-04 19:38:13,676 [WARN] ConditionMgr:1039 - genDependencies : Invalid condition id : UX DEVICE CLASS RTOS Condition cause : null
2025-06-04 19:38:13,705 [WARN] PackLoader:240 - Cannot read IP mode file for STMicroelectronics.X-CUBE-GNSS1.7.0.0
2025-06-04 19:38:13,737 [WARN] PackLoader:240 - Cannot read IP mode file for STMicroelectronics.X-CUBE-GNSS1.7.0.1
2025-06-04 19:38:13,766 [WARN] PackLoader:240 - Cannot read IP mode file for STMicroelectronics.X-CUBE-TOUCHGFX.4.25.0
2025-06-04 19:38:13,795 [WARN] PackLoader:240 - Cannot read IP mode file for STMicroelectronics.FP-SNS-STBOX1.2.0.0
2025-06-04 19:38:13,833 [WARN] PackLoader:240 - Cannot read IP mode file for STMicroelectronics.X-CUBE-SUBG2.5.0.0
2025-06-04 19:38:13,896 [WARN] PackLoader:240 - Cannot read IP mode file for STMicroelectronics.X-CUBE-AZRTOS-H7RS.1.1.0
2025-06-04 19:38:13,947 [WARN] PackLoader:240 - Cannot read IP mode file for STMicroelectronics.X-CUBE-AZRTOS-G4.2.0.0
2025-06-04 19:38:13,989 [WARN] PackLoader:240 - Cannot read IP mode file for Infineon.AIROC-Wi-Fi-Bluetooth-STM32.1.5.1
2025-06-04 19:38:14,018 [WARN] PackLoader:240 - Cannot read IP mode file for STMicroelectronics.X-CUBE-NFC7.2.0.0
2025-06-04 19:38:14,044 [WARN] PackLoader:240 - Cannot read IP mode file for STMicroelectronics.FP-SNS-MOTENVWB1.1.3.1
2025-06-04 19:38:14,070 [WARN] PackLoader:240 - Cannot read IP mode file for STMicroelectronics.X-CUBE-ISPU.2.0.0
2025-06-04 19:38:14,097 [ERROR] Engine:466 - C:\Users\axeel\.stm32cubemx\thirdparties\pdsc\STMicroelectronics.X-CUBE-IPS.3.1.0.pdsc: PDSC version is not supported
2025-06-04 19:38:14,119 [WARN] PackLoader:240 - Cannot read IP mode file for STMicroelectronics.X-CUBE-ALS.1.0.2
2025-06-04 19:38:14,181 [WARN] PackLoader:240 - Cannot read IP mode file for STMicroelectronics.X-CUBE-MEMS1.10.0.0
2025-06-04 19:38:14,322 [WARN] PackLoader:240 - Cannot read IP mode file for STMicroelectronics.X-CUBE-FREERTOS.1.1.0
2025-06-04 19:38:14,350 [WARN] PackLoader:240 - Cannot read IP mode file for STMicroelectronics.X-CUBE-TOUCHGFX.4.24.0
2025-06-04 19:38:14,376 [WARN] PackLoader:240 - Cannot read IP mode file for STMicroelectronics.X-CUBE-TOUCHGFX.4.24.2
2025-06-04 19:38:14,401 [WARN] PackLoader:240 - Cannot read IP mode file for STMicroelectronics.X-CUBE-TOUCHGFX.4.24.1
2025-06-04 19:38:14,434 [WARN] PackLoader:240 - Cannot read IP mode file for portGmbH.I-Cube-SoM-uGOAL.1.1.0
2025-06-04 19:38:14,455 [WARN] PackLoader:240 - Cannot read IP mode file for STMicroelectronics.X-CUBE-ALS.1.0.1
2025-06-04 19:38:14,500 [WARN] PackLoader:240 - Cannot read IP mode file for STMicroelectronics.X-CUBE-AZRTOS-H7RS.1.0.0
2025-06-04 19:38:14,527 [WARN] PackLoader:240 - Cannot read IP mode file for STMicroelectronics.FP-ATR-ASTRA1.2.0.0
2025-06-04 19:38:14,559 [WARN] PackLoader:240 - Cannot read IP mode file for STMicroelectronics.X-CUBE-TOF1.3.4.2
2025-06-04 19:38:14,593 [ERROR] Engine:466 - C:\Users\axeel\.stm32cubemx\thirdparties\pdsc\STMicroelectronics.X-CUBE-TOF1.3.4.3.pdsc: PDSC version is not supported
2025-06-04 19:38:14,622 [WARN] PackLoader:240 - Cannot read IP mode file for STMicroelectronics.X-CUBE-TOF1.3.4.1
2025-06-04 19:38:14,685 [WARN] PackLoader:240 - Cannot read IP mode file for STMicroelectronics.X-CUBE-AZRTOS-H7.3.2.0
2025-06-04 19:38:14,711 [WARN] PackLoader:240 - Cannot read IP mode file for wolfSSL.I-CUBE-wolfSSH.1.4.17
2025-06-04 19:38:14,713 [INFO] ThirdParty:978 - Integrity check success = true
2025-06-04 19:38:14,713 [INFO] IntegrityCheckThread:100 - exiting critical section [integrity check]
2025-06-04 19:38:14,714 [INFO] IntegrityCheckThread:103 - End integrity checks thread
2025-06-04 19:38:15,796 [INFO] WebApp:161 - Instantiating new browser for Auth
2025-06-04 19:38:17,433 [INFO] WebApp:779 - Register for checkConnection events
2025-06-04 19:38:17,434 [INFO] WebApp:414 - Apply proxy settings
2025-06-04 19:38:17,434 [INFO] WebApp:499 - Chromium requires no authentication
2025-06-04 19:38:17,447 [INFO] WebApp:442 - Direct internet connection detected
2025-06-04 19:38:17,804 [INFO] WebApp:192 - Starting web application
2025-06-04 19:38:17,805 [INFO] WebApp:544 - Web application path used C:\ST\STM32CubeIDE_1.14.1\STM32CubeIDE\plugins\com.st.stm32cube.common.mx_6.11.0.202403141607\db\plugins\mcufinder\reactClient1\index.html
2025-06-04 20:45:38,218 [ERROR] LogOutputStream:75 - [STDERR_REDIRECT] 
2025-06-08 12:47:24,228 [INFO] Activator:176 - 


2025-06-08 12:47:24,231 [INFO] Activator:177 - !SESSION log4j initialized
2025-06-08 12:47:29,983 [INFO] LogOutputStream:77 - [STDOUT_REDIRECT] 
