2025-05-18 11:46:07,805 [INFO] MainUpdater:2873 - connection check result : 10
2025-05-18 11:46:07,833 [INFO] McuFinderGlobals:76 - Set McuFinderConnectedMode to true
2025-05-18 11:46:08,137 [INFO] ServerAccessManage:473 - Download File mcusAds.json._tmp_
2025-05-18 11:46:08,263 [INFO] LoadUrlFilesThread:156 - End of LoadUrlFiles Thread
2025-05-18 11:46:08,517 [INFO] ServerAccessManage:473 - Download File cube-finder-db.zip
2025-05-18 11:46:11,116 [INFO] FileExtend:240 - Unzip File : cube-finder-db.zip
2025-05-18 11:46:11,117 [INFO] FileExtend:255 - Standard Zip Deflate
2025-05-18 11:46:12,198 [INFO] LoadUrlFilesThread:156 - End of LoadUrlFiles Thread
2025-05-18 11:46:12,631 [INFO] ServerAccessManage:473 - Download File crdb.zip
2025-05-18 11:46:12,813 [INFO] FileExtend:240 - Unzip File : crdb.zip
2025-05-18 11:46:12,813 [INFO] FileExtend:255 - Standard Zip Deflate
2025-05-18 11:46:12,949 [INFO] LoadUrlFilesThread:156 - End of LoadUrlFiles Thread
2025-05-18 11:46:13,088 [INFO] ServerAccessManage:473 - Download File tutoVideoDB.zip
2025-05-18 11:46:13,096 [INFO] FileExtend:240 - Unzip File : tutoVideoDB.zip
2025-05-18 11:46:13,096 [INFO] FileExtend:255 - Standard Zip Deflate
2025-05-18 11:46:13,213 [INFO] LoadUrlFilesThread:156 - End of LoadUrlFiles Thread
2025-05-18 11:46:13,217 [WARN] DbFile:41 - Overriding database path with different value: C:\Users\axeel\.stmcufinder\plugins\mcufinder/ => C:\Users\axeel\.stmcufinder\plugins\mcufinder
2025-05-18 11:46:13,254 [INFO] ServerAccessManage:473 - Download File api_config.json
2025-05-18 11:46:13,361 [INFO] LoadUrlFilesThread:156 - End of LoadUrlFiles Thread
2025-05-18 11:46:13,362 [INFO] DbMcusAds:53 - JSON generation date=Wed May 07 11:07:55 CEST 2025 (1746608875679)
2025-05-18 11:46:13,366 [INFO] ApiDb:448 - Save user favorites file C:\Users\axeel/.stm32cubeide/favorites.mcus.txt: 0 item(s)
2025-05-18 11:46:13,367 [INFO] ApiDb:452 - User favorites MCUs=[]
2025-05-18 11:46:13,379 [INFO] ApiDb:581 - Connected to CubeFinder SQLite database (C:\Users\axeel\.stmcufinder\plugins\mcufinder\mcu\cube-finder-db.db)
2025-05-18 11:46:13,430 [INFO] ApiDb:668 - CubeFinder database Data Model version=2.1
2025-05-18 11:46:13,430 [INFO] ApiDb:669 - CubeFinder database Configuration version=3.0.39
2025-05-18 11:46:13,430 [INFO] ApiDb:670 - CubeFinder database generation date=2025-04-23 (1745419778)
2025-05-18 11:46:13,430 [INFO] ApiDb:671 - CubeFinder database FW Pack versions=[FP-ATR-ASTRA1_V2.0.0, FP-SNS-FLIGHT1_V5.1.0, FP-SNS-MOTENV1_V5.0.0, FP-SNS-MOTENVWB1_V1.4.0, FP-SNS-SMARTAG2_V1.2.0, FP-SNS-STBOX1_V2.0.0, STM32Cube_FW_C0_V1.4.0, STM32Cube_FW_F4_V1.28.1, STM32Cube_FW_F7_V1.17.2, STM32Cube_FW_G0_V1.6.2, STM32Cube_FW_G4_V1.6.1, STM32Cube_FW_H5_V1.5.0, STM32Cube_FW_H7RS_V1.2.0, STM32Cube_FW_H7_V1.12.1, STM32Cube_FW_L0_V1.12.2, STM32Cube_FW_L4_V1.18.1, STM32Cube_FW_L5_V1.5.1, STM32Cube_FW_N6_V1.1.1, STM32Cube_FW_U0_V1.2.0, STM32Cube_FW_U3_V1.1.0, STM32Cube_FW_U5_V1.7.0, STM32Cube_FW_WB0_V1.2.0, STM32Cube_FW_WBA_V1.6.0, STM32Cube_FW_WB_V1.22.0, STM32Cube_FW_WL3_V1.1.0, STM32Cube_FW_WL_V1.3.1, X-CUBE-ALGOBUILD_V1.4.0, X-CUBE-ALS_V1.0.2, X-CUBE-AZRTOS-F4_V1.1.0, X-CUBE-AZRTOS-F7_V1.1.0, X-CUBE-AZRTOS-G0_V1.1.0, X-CUBE-AZRTOS-G4_V2.0.0, X-CUBE-AZRTOS-H7RS_V1.1.0, X-CUBE-AZRTOS-H7_V3.3.0, X-CUBE-AZRTOS-L4_V2.0.0, X-CUBE-AZRTOS-L5_V2.0.0, X-CUBE-AZRTOS-WB_V2.0.0, X-CUBE-AZRTOS-WL_V2.0.0, X-CUBE-BLE1_V7.1.0, X-CUBE-BLE2_V3.3.0, X-CUBE-BLEMGR_V4.0.0, X-CUBE-EEPRMA1_V5.1.0, X-CUBE-FREERTOS_V1.3.0, X-CUBE-GNSS1_V6.0.0, X-CUBE-MEMS1_V11.2.0, X-CUBE-NFC4_V3.0.0, X-CUBE-NFC7_V1.0.1, X-CUBE-SFXS2LP1_V4.0.0, X-CUBE-SUBG2_V5.0.0, X-CUBE-TOF1_V3.4.3]
2025-05-18 11:46:14,859 [INFO] ApiDb:240 - Found 483 in-development CPN: [B-G473E-ZEST1S, B-WB1M-WPAN1, B-WL5M-SUBG1, NUCLEO-C031C6, NUCLEO-H503RB, NUCLEO-H533RE, NUCLEO-H563ZI, NUCLEO-H7S3L8, NUCLEO-U031R8, NUCLEO-U083RC, NUCLEO-U545RE-Q, NUCLEO-U5A5ZJ-Q, NUCLEO-WBA52CG, NUCLEO-WBA55CG, STEVAL-PROTEUS1, STEVAL-SMARTAG2, STEVAL-STWINBX1, STM320518-EVAL, STM32C0116-DK, STM32C011D6Y3TR, STM32C011D6Y6TR, STM32C011F4P3, STM32C011F4P6, STM32C011F4U3, STM32C011F4U6TR, STM32C011F6P3, STM32C011F6P6, STM32C011F6U3, STM32C011F6U6TR, STM32C011J4M3, STM32C011J4M6, STM32C011J6M3, STM32C011J6M6, STM32C0316-DK, STM32C031C4T3, STM32C031C4T6, STM32C031C4U3, STM32C031C4U6, STM32C031C6T3, STM32C031C6T6, STM32C031C6U3, STM32C031C6U6, STM32C031F4P3, STM32C031F4P6, STM32C031F6P3, STM32C031F6P6, STM32C031G4U3, STM32C031G4U6, STM32C031G6U3, STM32C031G6U6, STM32C031K4T3, STM32C031K4T6, STM32C031K4U3, STM32C031K4U6, STM32C031K6T3, STM32C031K6T6, STM32C031K6U3, STM32C031K6U6, STM32G071K8TXN, STM32G071K8UXN, STM32G081GBU6N, STM32G081KBT6N, STM32G081KBUXN, STM32G0B1CCT6N, STM32G0B1KCT6, STM32G0B1NEY6TR, STM32G0B1RCT6N, STM32G0C1CCT6, STM32G0C1CCT6N, STM32G0C1CCU6N, STM32G0C1CET6N, STM32G0C1CEU6N, STM32G0C1KCT6, STM32G0C1NEY6TR, STM32G0C1RCI6N, STM32G0C1RCT6N, STM32G0C1REI6N, STM32G0C1RET6N, STM32G0C1VCI6, STM32G0C1VEI6, STM32G471CCT6, STM32G471CCU6, STM32G471CET3, STM32G471CET6, STM32G471CEU3, STM32G471CEU6, STM32G471MCT6, STM32G471MET3, STM32G471MET6, STM32G471MEY6TR, STM32G471QCT6, STM32G471QET3, STM32G471RCT6, STM32G471RET3, STM32G471RET6, STM32G471VCH6, STM32G471VCI6, STM32G471VCT6, STM32G471VEH3, STM32G471VEH6, STM32G471VEI3, STM32G471VEI6, STM32G471VET3, STM32G471VET6, STM32G474CCT6, STM32H503CBT6, STM32H503CBU6, STM32H503EBY6TR, STM32H503KBU6, STM32H503RBT6, STM32H523CCT6, STM32H523CCU6, STM32H523CET6, STM32H523CEU6, STM32H523HEY6TR, STM32H523RCT6, STM32H523RET6, STM32H523VCI6, STM32H523VCT6, STM32H523VEI6, STM32H523VET6, STM32H523ZCJ6, STM32H523ZCT6, STM32H523ZEJ6, STM32H523ZET6, STM32H533CET6, STM32H533CEU6, STM32H533HEY6TR, STM32H533RET6, STM32H533VEI6, STM32H533VET6, STM32H533ZEJ6, STM32H533ZET6, STM32H562AGI6, STM32H562AII6, STM32H562IGK6, STM32H562IGT6, STM32H562IIK6, STM32H562IIT6, STM32H562RGT6, STM32H562RGV6, STM32H562RIT6, STM32H562RIV6, STM32H562VGT6, STM32H562VIT6, STM32H562ZGT6, STM32H562ZIT6, STM32H563AGI6, STM32H563AII3Q, STM32H563AII6, STM32H563IGK6, STM32H563IGT6, STM32H563IIK3Q, STM32H563IIK6, STM32H563IIT3Q, STM32H563IIT6, STM32H563MIY3QTR, STM32H563RGT6, STM32H563RGV6, STM32H563RIT6, STM32H563RIV6, STM32H563VGT6, STM32H563VIT3Q, STM32H563VIT6, STM32H563ZGT6, STM32H563ZIT3Q, STM32H563ZIT6, STM32H573AII3Q, STM32H573AII6, STM32H573I-DK, STM32H573IIK3Q, STM32H573IIK6, STM32H573IIT3Q, STM32H573IIT6, STM32H573MIY3QTR, STM32H573RIT6, STM32H573RIV6, STM32H573VIT3Q, STM32H573VIT6, STM32H573ZIT3Q, STM32H573ZIT6, STM32H7R3A8I6, STM32H7R3I8K6, STM32H7R3I8T6, STM32H7R3L8H6, STM32H7R3L8H6H, STM32H7R3R8V6, STM32H7R3V8H6, STM32H7R3V8T6, STM32H7R3V8Y6, STM32H7R3Z8J6, STM32H7R3Z8T6, STM32H7R7A8I6, STM32H7R7I8K6, STM32H7R7I8T6, STM32H7R7L8H6, STM32H7R7L8H6H, STM32H7R7Z8J6, STM32H7S3A8I6, STM32H7S3I8K6, STM32H7S3I8T6, STM32H7S3L8H6, STM32H7S3L8H6H, STM32H7S3R8V6, STM32H7S3V8H6, STM32H7S3V8T6, STM32H7S3V8Y6, STM32H7S3Z8J6, STM32H7S3Z8T6, STM32H7S78-DK, STM32H7S7A8I6, STM32H7S7I8K6, STM32H7S7I8T6, STM32H7S7L8H6, STM32H7S7L8H6H, STM32H7S7Z8J6, STM32L4R5QGI6STR, STM32MP131AAE3, STM32MP131AAF3, STM32MP131AAG3, STM32MP131CAE3, STM32MP131CAF3, STM32MP131CAG3, STM32MP131DAE7, STM32MP131DAF7, STM32MP131DAG7, STM32MP131FAE7, STM32MP131FAF7, STM32MP131FAG7, STM32MP133AAE3, STM32MP133AAF3, STM32MP133AAG3, STM32MP133CAE3, STM32MP133CAF3, STM32MP133CAG3, STM32MP133DAE7, STM32MP133DAF7, STM32MP133DAG7, STM32MP133FAE7, STM32MP133FAF7, STM32MP133FAG7, STM32MP135AAE3, STM32MP135AAF3, STM32MP135AAG3, STM32MP135CAE3, STM32MP135CAF3, STM32MP135CAG3, STM32MP135DAE7, STM32MP135DAF7, STM32MP135DAG7, STM32MP135F-DK, STM32MP135FAE7, STM32MP135FAF7, STM32MP135FAF7T, STM32MP135FAF7U, STM32MP135FAG7, STM32U031C6T6, STM32U031C6U6, STM32U031C8T6, STM32U031C8U6, STM32U031F4P6, STM32U031F6P6, STM32U031F8P6, STM32U031G6Y6TR, STM32U031G8Y6TR, STM32U031K4U6, STM32U031K6U6, STM32U031K8U6, STM32U031R6I6, STM32U031R6T6, STM32U031R8I6, STM32U031R8T6, STM32U073C8T6, STM32U073C8U6, STM32U073CBT6, STM32U073CBU6, STM32U073CCT6, STM32U073CCU6, STM32U073H8Y6TR, STM32U073HBY6TR, STM32U073HCY6TR, STM32U073K8U6, STM32U073KBU6, STM32U073KCU6, STM32U073M8I6, STM32U073M8T6, STM32U073MBI6, STM32U073MBT6, STM32U073MCI6, STM32U073MCT6, STM32U073R8I6, STM32U073R8T6, STM32U073RBI6, STM32U073RBT6, STM32U073RCI6, STM32U073RCT6, STM32U083C-DK, STM32U083CCT6, STM32U083CCU6, STM32U083HCY6TR, STM32U083KCU6, STM32U083MCI6, STM32U083MCT6, STM32U083RCI6, STM32U083RCT6, STM32U535CBT6, STM32U535CBT6Q, STM32U535CBU6, STM32U535CBU6Q, STM32U535CCT6, STM32U535CCT6Q, STM32U535CCU6, STM32U535CCU6Q, STM32U535CET6, STM32U535CET6Q, STM32U535CEU6, STM32U535CEU6Q, STM32U535JEY6QTR, STM32U535NCY6QTR, STM32U535NEY6QTR, STM32U535RBI6, STM32U535RBI6Q, STM32U535RBT6, STM32U535RBT6Q, STM32U535RCI6, STM32U535RCI6Q, STM32U535RCT6, STM32U535RCT6Q, STM32U535REI6, STM32U535REI6Q, STM32U535RET6, STM32U535RET6Q, STM32U535VCI6, STM32U535VCI6Q, STM32U535VCT6, STM32U535VCT6Q, STM32U535VEI6, STM32U535VEI6Q, STM32U535VET6, STM32U535VET6Q, STM32U545CET6, STM32U545CET6Q, STM32U545CEU6, STM32U545CEU6Q, STM32U545JEY6QTR, STM32U545NEY6QTR, STM32U545REI6, STM32U545REI6Q, STM32U545RET6, STM32U545RET6Q, STM32U545VEI6, STM32U545VEI6Q, STM32U545VET6, STM32U545VET6Q, STM32U595AIH6, STM32U595AIH6Q, STM32U595AJH6, STM32U595AJH6Q, STM32U595QII6, STM32U595QII6Q, STM32U595QJI6, STM32U595QJI6Q, STM32U595RIT6, STM32U595RIT6Q, STM32U595RJT6, STM32U595RJT6Q, STM32U595VIT6, STM32U595VIT6Q, STM32U595VJT6, STM32U595VJT6Q, STM32U595ZIT6, STM32U595ZIT6Q, STM32U595ZIY6QTR, STM32U595ZJT6, STM32U595ZJT6Q, STM32U595ZJY6QTR, STM32U599BJY6QTR, STM32U599NIH6Q, STM32U599NJH6Q, STM32U599VIT6Q, STM32U599VJT6, STM32U599VJT6Q, STM32U599ZIT6Q, STM32U599ZIY6QTR, STM32U599ZJT6Q, STM32U599ZJY6QTR, STM32U5A5AJH6, STM32U5A5AJH6Q, STM32U5A5QII3Q , STM32U5A5QJI6, STM32U5A5QJI6Q, STM32U5A5RJT6, STM32U5A5RJT6Q, STM32U5A5VJT6, STM32U5A5VJT6Q, STM32U5A5ZJT6, STM32U5A5ZJT6Q, STM32U5A5ZJY6QTR, STM32U5A9BJY6QTR, STM32U5A9J-DK, STM32U5A9NJH6Q, STM32U5A9VJT6Q, STM32U5A9ZJT6Q, STM32U5A9ZJY6QTR, STM32U5F7VIT6, STM32U5F7VIT6Q, STM32U5F7VJT6, STM32U5F7VJT6Q, STM32U5F9BJY6QTR, STM32U5F9NJH6Q, STM32U5F9VIT6Q, STM32U5F9VJT6Q, STM32U5F9ZIJ6QTR, STM32U5F9ZIT6Q, STM32U5F9ZJJ6QTR, STM32U5F9ZJT6Q, STM32U5G7VJT6, STM32U5G7VJT6Q, STM32U5G9BJY6QTR, STM32U5G9J-DK1, STM32U5G9J-DK2, STM32U5G9NJH6Q, STM32U5G9VJT6Q, STM32U5G9ZJJ6QTR, STM32U5G9ZJT6Q, STM32WB1MMCH6, STM32WBA50KEU6, STM32WBA50KEU6TR, STM32WBA50KGU6, STM32WBA50KGU6TR, STM32WBA52CEU6, STM32WBA52CEU6TR, STM32WBA52CEU7, STM32WBA52CEU7TR, STM32WBA52CGU6, STM32WBA52CGU6TR, STM32WBA52CGU6U, STM32WBA52CGU7, STM32WBA52CGU7TR, STM32WBA52KEU6, STM32WBA52KEU6TR, STM32WBA52KGU6, STM32WBA52KGU6TR, STM32WBA54CEU6, STM32WBA54CEU6TR, STM32WBA54CEU7, STM32WBA54CEU7TR, STM32WBA54CGU6, STM32WBA54CGU6TR, STM32WBA54CGU7, STM32WBA54CGU7TR, STM32WBA54KEU6, STM32WBA54KEU6TR, STM32WBA54KEU7, STM32WBA54KEU7TR, STM32WBA54KGU6, STM32WBA54KGU6TR, STM32WBA54KGU7, STM32WBA54KGU7TR, STM32WBA55CEU6, STM32WBA55CEU6TR, STM32WBA55CEU7, STM32WBA55CEU7TR, STM32WBA55CGU6, STM32WBA55CGU6TR, STM32WBA55CGU6U, STM32WBA55CGU7, STM32WBA55CGU7TR, STM32WBA55G-DK1, STM32WBA55HEF6, STM32WBA55HEF7, STM32WBA55HGF6, STM32WBA55HGF7, STM32WBA55UEI6, STM32WBA55UEI6TR, STM32WBA55UEI7, STM32WBA55UEI7TR, STM32WBA55UGI6, STM32WBA55UGI6TR, STM32WBA55UGI7, STM32WBA55UGI7TR, STM32WL5MOCH6, STM32WL5MOCH6TR]
2025-05-18 11:46:14,861 [INFO] DbMcus:218 - Found 4657 MCUs, 4657 are supported
2025-05-18 11:46:14,861 [INFO] ApiDb:423 - Load user favorites file C:\Users\axeel/.stm32cubeide/favorites.mcus.txt: 0 item(s)
2025-05-18 11:46:14,861 [INFO] ApiDb:427 - User favorites MCUs=[]
2025-05-18 11:46:14,861 [INFO] DbMcus:224 - Set 0 / 0 favorites MCUs
2025-05-18 11:46:15,133 [INFO] ApiDb:448 - Save user favorites file C:\Users\axeel/.stm32cubeide/favorites.boards.txt: 0 item(s)
2025-05-18 11:46:15,133 [INFO] ApiDb:452 - User favorites Boards=[]
2025-05-18 11:46:15,134 [INFO] ApiDb:581 - Connected to CubeFinder SQLite database (C:\Users\axeel\.stmcufinder\plugins\mcufinder\mcu\cube-finder-db.db)
2025-05-18 11:46:15,181 [INFO] ApiDb:668 - CubeFinder database Data Model version=2.1
2025-05-18 11:46:15,181 [INFO] ApiDb:669 - CubeFinder database Configuration version=3.0.39
2025-05-18 11:46:15,181 [INFO] ApiDb:670 - CubeFinder database generation date=2025-04-23 (1745419778)
2025-05-18 11:46:15,181 [INFO] ApiDb:671 - CubeFinder database FW Pack versions=[FP-ATR-ASTRA1_V2.0.0, FP-SNS-FLIGHT1_V5.1.0, FP-SNS-MOTENV1_V5.0.0, FP-SNS-MOTENVWB1_V1.4.0, FP-SNS-SMARTAG2_V1.2.0, FP-SNS-STBOX1_V2.0.0, STM32Cube_FW_C0_V1.4.0, STM32Cube_FW_F4_V1.28.1, STM32Cube_FW_F7_V1.17.2, STM32Cube_FW_G0_V1.6.2, STM32Cube_FW_G4_V1.6.1, STM32Cube_FW_H5_V1.5.0, STM32Cube_FW_H7RS_V1.2.0, STM32Cube_FW_H7_V1.12.1, STM32Cube_FW_L0_V1.12.2, STM32Cube_FW_L4_V1.18.1, STM32Cube_FW_L5_V1.5.1, STM32Cube_FW_N6_V1.1.1, STM32Cube_FW_U0_V1.2.0, STM32Cube_FW_U3_V1.1.0, STM32Cube_FW_U5_V1.7.0, STM32Cube_FW_WB0_V1.2.0, STM32Cube_FW_WBA_V1.6.0, STM32Cube_FW_WB_V1.22.0, STM32Cube_FW_WL3_V1.1.0, STM32Cube_FW_WL_V1.3.1, X-CUBE-ALGOBUILD_V1.4.0, X-CUBE-ALS_V1.0.2, X-CUBE-AZRTOS-F4_V1.1.0, X-CUBE-AZRTOS-F7_V1.1.0, X-CUBE-AZRTOS-G0_V1.1.0, X-CUBE-AZRTOS-G4_V2.0.0, X-CUBE-AZRTOS-H7RS_V1.1.0, X-CUBE-AZRTOS-H7_V3.3.0, X-CUBE-AZRTOS-L4_V2.0.0, X-CUBE-AZRTOS-L5_V2.0.0, X-CUBE-AZRTOS-WB_V2.0.0, X-CUBE-AZRTOS-WL_V2.0.0, X-CUBE-BLE1_V7.1.0, X-CUBE-BLE2_V3.3.0, X-CUBE-BLEMGR_V4.0.0, X-CUBE-EEPRMA1_V5.1.0, X-CUBE-FREERTOS_V1.3.0, X-CUBE-GNSS1_V6.0.0, X-CUBE-MEMS1_V11.2.0, X-CUBE-NFC4_V3.0.0, X-CUBE-NFC7_V1.0.1, X-CUBE-SFXS2LP1_V4.0.0, X-CUBE-SUBG2_V5.0.0, X-CUBE-TOF1_V3.4.3]
2025-05-18 11:46:15,220 [INFO] DbBoardsSqlite:226 - include board P-NUCLEO-WB55-NUCLEO as a kit item of type 'Nucleo-64'
2025-05-18 11:46:15,220 [INFO] DbBoardsSqlite:226 - include board P-NUCLEO-WB55-USBDONGLE as a kit item of type 'Nucleo USB Dongle'
2025-05-18 11:46:15,220 [INFO] DbBoardsSqlite:226 - include board STEVAL-IDP005V1 as a kit item of type 'Evaluation Board'
2025-05-18 11:46:15,221 [INFO] DbBoardsSqlite:226 - include board STEVAL-IDP005V2 as a kit item of type 'Evaluation Board'
2025-05-18 11:46:15,294 [INFO] ApiDb:240 - Found 483 in-development CPN: [B-G473E-ZEST1S, B-WB1M-WPAN1, B-WL5M-SUBG1, NUCLEO-C031C6, NUCLEO-H503RB, NUCLEO-H533RE, NUCLEO-H563ZI, NUCLEO-H7S3L8, NUCLEO-U031R8, NUCLEO-U083RC, NUCLEO-U545RE-Q, NUCLEO-U5A5ZJ-Q, NUCLEO-WBA52CG, NUCLEO-WBA55CG, STEVAL-PROTEUS1, STEVAL-SMARTAG2, STEVAL-STWINBX1, STM320518-EVAL, STM32C0116-DK, STM32C011D6Y3TR, STM32C011D6Y6TR, STM32C011F4P3, STM32C011F4P6, STM32C011F4U3, STM32C011F4U6TR, STM32C011F6P3, STM32C011F6P6, STM32C011F6U3, STM32C011F6U6TR, STM32C011J4M3, STM32C011J4M6, STM32C011J6M3, STM32C011J6M6, STM32C0316-DK, STM32C031C4T3, STM32C031C4T6, STM32C031C4U3, STM32C031C4U6, STM32C031C6T3, STM32C031C6T6, STM32C031C6U3, STM32C031C6U6, STM32C031F4P3, STM32C031F4P6, STM32C031F6P3, STM32C031F6P6, STM32C031G4U3, STM32C031G4U6, STM32C031G6U3, STM32C031G6U6, STM32C031K4T3, STM32C031K4T6, STM32C031K4U3, STM32C031K4U6, STM32C031K6T3, STM32C031K6T6, STM32C031K6U3, STM32C031K6U6, STM32G071K8TXN, STM32G071K8UXN, STM32G081GBU6N, STM32G081KBT6N, STM32G081KBUXN, STM32G0B1CCT6N, STM32G0B1KCT6, STM32G0B1NEY6TR, STM32G0B1RCT6N, STM32G0C1CCT6, STM32G0C1CCT6N, STM32G0C1CCU6N, STM32G0C1CET6N, STM32G0C1CEU6N, STM32G0C1KCT6, STM32G0C1NEY6TR, STM32G0C1RCI6N, STM32G0C1RCT6N, STM32G0C1REI6N, STM32G0C1RET6N, STM32G0C1VCI6, STM32G0C1VEI6, STM32G471CCT6, STM32G471CCU6, STM32G471CET3, STM32G471CET6, STM32G471CEU3, STM32G471CEU6, STM32G471MCT6, STM32G471MET3, STM32G471MET6, STM32G471MEY6TR, STM32G471QCT6, STM32G471QET3, STM32G471RCT6, STM32G471RET3, STM32G471RET6, STM32G471VCH6, STM32G471VCI6, STM32G471VCT6, STM32G471VEH3, STM32G471VEH6, STM32G471VEI3, STM32G471VEI6, STM32G471VET3, STM32G471VET6, STM32G474CCT6, STM32H503CBT6, STM32H503CBU6, STM32H503EBY6TR, STM32H503KBU6, STM32H503RBT6, STM32H523CCT6, STM32H523CCU6, STM32H523CET6, STM32H523CEU6, STM32H523HEY6TR, STM32H523RCT6, STM32H523RET6, STM32H523VCI6, STM32H523VCT6, STM32H523VEI6, STM32H523VET6, STM32H523ZCJ6, STM32H523ZCT6, STM32H523ZEJ6, STM32H523ZET6, STM32H533CET6, STM32H533CEU6, STM32H533HEY6TR, STM32H533RET6, STM32H533VEI6, STM32H533VET6, STM32H533ZEJ6, STM32H533ZET6, STM32H562AGI6, STM32H562AII6, STM32H562IGK6, STM32H562IGT6, STM32H562IIK6, STM32H562IIT6, STM32H562RGT6, STM32H562RGV6, STM32H562RIT6, STM32H562RIV6, STM32H562VGT6, STM32H562VIT6, STM32H562ZGT6, STM32H562ZIT6, STM32H563AGI6, STM32H563AII3Q, STM32H563AII6, STM32H563IGK6, STM32H563IGT6, STM32H563IIK3Q, STM32H563IIK6, STM32H563IIT3Q, STM32H563IIT6, STM32H563MIY3QTR, STM32H563RGT6, STM32H563RGV6, STM32H563RIT6, STM32H563RIV6, STM32H563VGT6, STM32H563VIT3Q, STM32H563VIT6, STM32H563ZGT6, STM32H563ZIT3Q, STM32H563ZIT6, STM32H573AII3Q, STM32H573AII6, STM32H573I-DK, STM32H573IIK3Q, STM32H573IIK6, STM32H573IIT3Q, STM32H573IIT6, STM32H573MIY3QTR, STM32H573RIT6, STM32H573RIV6, STM32H573VIT3Q, STM32H573VIT6, STM32H573ZIT3Q, STM32H573ZIT6, STM32H7R3A8I6, STM32H7R3I8K6, STM32H7R3I8T6, STM32H7R3L8H6, STM32H7R3L8H6H, STM32H7R3R8V6, STM32H7R3V8H6, STM32H7R3V8T6, STM32H7R3V8Y6, STM32H7R3Z8J6, STM32H7R3Z8T6, STM32H7R7A8I6, STM32H7R7I8K6, STM32H7R7I8T6, STM32H7R7L8H6, STM32H7R7L8H6H, STM32H7R7Z8J6, STM32H7S3A8I6, STM32H7S3I8K6, STM32H7S3I8T6, STM32H7S3L8H6, STM32H7S3L8H6H, STM32H7S3R8V6, STM32H7S3V8H6, STM32H7S3V8T6, STM32H7S3V8Y6, STM32H7S3Z8J6, STM32H7S3Z8T6, STM32H7S78-DK, STM32H7S7A8I6, STM32H7S7I8K6, STM32H7S7I8T6, STM32H7S7L8H6, STM32H7S7L8H6H, STM32H7S7Z8J6, STM32L4R5QGI6STR, STM32MP131AAE3, STM32MP131AAF3, STM32MP131AAG3, STM32MP131CAE3, STM32MP131CAF3, STM32MP131CAG3, STM32MP131DAE7, STM32MP131DAF7, STM32MP131DAG7, STM32MP131FAE7, STM32MP131FAF7, STM32MP131FAG7, STM32MP133AAE3, STM32MP133AAF3, STM32MP133AAG3, STM32MP133CAE3, STM32MP133CAF3, STM32MP133CAG3, STM32MP133DAE7, STM32MP133DAF7, STM32MP133DAG7, STM32MP133FAE7, STM32MP133FAF7, STM32MP133FAG7, STM32MP135AAE3, STM32MP135AAF3, STM32MP135AAG3, STM32MP135CAE3, STM32MP135CAF3, STM32MP135CAG3, STM32MP135DAE7, STM32MP135DAF7, STM32MP135DAG7, STM32MP135F-DK, STM32MP135FAE7, STM32MP135FAF7, STM32MP135FAF7T, STM32MP135FAF7U, STM32MP135FAG7, STM32U031C6T6, STM32U031C6U6, STM32U031C8T6, STM32U031C8U6, STM32U031F4P6, STM32U031F6P6, STM32U031F8P6, STM32U031G6Y6TR, STM32U031G8Y6TR, STM32U031K4U6, STM32U031K6U6, STM32U031K8U6, STM32U031R6I6, STM32U031R6T6, STM32U031R8I6, STM32U031R8T6, STM32U073C8T6, STM32U073C8U6, STM32U073CBT6, STM32U073CBU6, STM32U073CCT6, STM32U073CCU6, STM32U073H8Y6TR, STM32U073HBY6TR, STM32U073HCY6TR, STM32U073K8U6, STM32U073KBU6, STM32U073KCU6, STM32U073M8I6, STM32U073M8T6, STM32U073MBI6, STM32U073MBT6, STM32U073MCI6, STM32U073MCT6, STM32U073R8I6, STM32U073R8T6, STM32U073RBI6, STM32U073RBT6, STM32U073RCI6, STM32U073RCT6, STM32U083C-DK, STM32U083CCT6, STM32U083CCU6, STM32U083HCY6TR, STM32U083KCU6, STM32U083MCI6, STM32U083MCT6, STM32U083RCI6, STM32U083RCT6, STM32U535CBT6, STM32U535CBT6Q, STM32U535CBU6, STM32U535CBU6Q, STM32U535CCT6, STM32U535CCT6Q, STM32U535CCU6, STM32U535CCU6Q, STM32U535CET6, STM32U535CET6Q, STM32U535CEU6, STM32U535CEU6Q, STM32U535JEY6QTR, STM32U535NCY6QTR, STM32U535NEY6QTR, STM32U535RBI6, STM32U535RBI6Q, STM32U535RBT6, STM32U535RBT6Q, STM32U535RCI6, STM32U535RCI6Q, STM32U535RCT6, STM32U535RCT6Q, STM32U535REI6, STM32U535REI6Q, STM32U535RET6, STM32U535RET6Q, STM32U535VCI6, STM32U535VCI6Q, STM32U535VCT6, STM32U535VCT6Q, STM32U535VEI6, STM32U535VEI6Q, STM32U535VET6, STM32U535VET6Q, STM32U545CET6, STM32U545CET6Q, STM32U545CEU6, STM32U545CEU6Q, STM32U545JEY6QTR, STM32U545NEY6QTR, STM32U545REI6, STM32U545REI6Q, STM32U545RET6, STM32U545RET6Q, STM32U545VEI6, STM32U545VEI6Q, STM32U545VET6, STM32U545VET6Q, STM32U595AIH6, STM32U595AIH6Q, STM32U595AJH6, STM32U595AJH6Q, STM32U595QII6, STM32U595QII6Q, STM32U595QJI6, STM32U595QJI6Q, STM32U595RIT6, STM32U595RIT6Q, STM32U595RJT6, STM32U595RJT6Q, STM32U595VIT6, STM32U595VIT6Q, STM32U595VJT6, STM32U595VJT6Q, STM32U595ZIT6, STM32U595ZIT6Q, STM32U595ZIY6QTR, STM32U595ZJT6, STM32U595ZJT6Q, STM32U595ZJY6QTR, STM32U599BJY6QTR, STM32U599NIH6Q, STM32U599NJH6Q, STM32U599VIT6Q, STM32U599VJT6, STM32U599VJT6Q, STM32U599ZIT6Q, STM32U599ZIY6QTR, STM32U599ZJT6Q, STM32U599ZJY6QTR, STM32U5A5AJH6, STM32U5A5AJH6Q, STM32U5A5QII3Q , STM32U5A5QJI6, STM32U5A5QJI6Q, STM32U5A5RJT6, STM32U5A5RJT6Q, STM32U5A5VJT6, STM32U5A5VJT6Q, STM32U5A5ZJT6, STM32U5A5ZJT6Q, STM32U5A5ZJY6QTR, STM32U5A9BJY6QTR, STM32U5A9J-DK, STM32U5A9NJH6Q, STM32U5A9VJT6Q, STM32U5A9ZJT6Q, STM32U5A9ZJY6QTR, STM32U5F7VIT6, STM32U5F7VIT6Q, STM32U5F7VJT6, STM32U5F7VJT6Q, STM32U5F9BJY6QTR, STM32U5F9NJH6Q, STM32U5F9VIT6Q, STM32U5F9VJT6Q, STM32U5F9ZIJ6QTR, STM32U5F9ZIT6Q, STM32U5F9ZJJ6QTR, STM32U5F9ZJT6Q, STM32U5G7VJT6, STM32U5G7VJT6Q, STM32U5G9BJY6QTR, STM32U5G9J-DK1, STM32U5G9J-DK2, STM32U5G9NJH6Q, STM32U5G9VJT6Q, STM32U5G9ZJJ6QTR, STM32U5G9ZJT6Q, STM32WB1MMCH6, STM32WBA50KEU6, STM32WBA50KEU6TR, STM32WBA50KGU6, STM32WBA50KGU6TR, STM32WBA52CEU6, STM32WBA52CEU6TR, STM32WBA52CEU7, STM32WBA52CEU7TR, STM32WBA52CGU6, STM32WBA52CGU6TR, STM32WBA52CGU6U, STM32WBA52CGU7, STM32WBA52CGU7TR, STM32WBA52KEU6, STM32WBA52KEU6TR, STM32WBA52KGU6, STM32WBA52KGU6TR, STM32WBA54CEU6, STM32WBA54CEU6TR, STM32WBA54CEU7, STM32WBA54CEU7TR, STM32WBA54CGU6, STM32WBA54CGU6TR, STM32WBA54CGU7, STM32WBA54CGU7TR, STM32WBA54KEU6, STM32WBA54KEU6TR, STM32WBA54KEU7, STM32WBA54KEU7TR, STM32WBA54KGU6, STM32WBA54KGU6TR, STM32WBA54KGU7, STM32WBA54KGU7TR, STM32WBA55CEU6, STM32WBA55CEU6TR, STM32WBA55CEU7, STM32WBA55CEU7TR, STM32WBA55CGU6, STM32WBA55CGU6TR, STM32WBA55CGU6U, STM32WBA55CGU7, STM32WBA55CGU7TR, STM32WBA55G-DK1, STM32WBA55HEF6, STM32WBA55HEF7, STM32WBA55HGF6, STM32WBA55HGF7, STM32WBA55UEI6, STM32WBA55UEI6TR, STM32WBA55UEI7, STM32WBA55UEI7TR, STM32WBA55UGI6, STM32WBA55UGI6TR, STM32WBA55UGI7, STM32WBA55UGI7TR, STM32WL5MOCH6, STM32WL5MOCH6TR]
2025-05-18 11:46:15,323 [INFO] BoardInfo:889 - No configuration file found for board NUCLEO-C051C8
2025-05-18 11:46:15,323 [INFO] DbBoards:161 - Board is not supported: NUCLEO-C051C8
2025-05-18 11:46:15,325 [INFO] BoardInfo:889 - No configuration file found for board NUCLEO-C071RB
2025-05-18 11:46:15,325 [INFO] DbBoards:161 - Board is not supported: NUCLEO-C071RB
2025-05-18 11:46:15,326 [INFO] BoardInfo:889 - No configuration file found for board NUCLEO-C092RC
2025-05-18 11:46:15,327 [INFO] DbBoards:161 - Board is not supported: NUCLEO-C092RC
2025-05-18 11:46:15,433 [INFO] BoardInfo:889 - No configuration file found for board NUCLEO-N657X0-Q
2025-05-18 11:46:15,433 [INFO] DbBoards:161 - Board is not supported: NUCLEO-N657X0-Q
2025-05-18 11:46:15,438 [INFO] BoardInfo:889 - No configuration file found for board NUCLEO-U385RG-Q
2025-05-18 11:46:15,439 [INFO] DbBoards:161 - Board is not supported: NUCLEO-U385RG-Q
2025-05-18 11:46:15,446 [INFO] BoardInfo:889 - No configuration file found for board NUCLEO-WB05KZ
2025-05-18 11:46:15,447 [INFO] DbBoards:161 - Board is not supported: NUCLEO-WB05KZ
2025-05-18 11:46:15,448 [INFO] BoardInfo:889 - No configuration file found for board NUCLEO-WB07CC
2025-05-18 11:46:15,449 [INFO] DbBoards:161 - Board is not supported: NUCLEO-WB07CC
2025-05-18 11:46:15,450 [INFO] BoardInfo:889 - No configuration file found for board NUCLEO-WB09KE
2025-05-18 11:46:15,451 [INFO] DbBoards:161 - Board is not supported: NUCLEO-WB09KE
2025-05-18 11:46:15,457 [INFO] BoardInfo:889 - No configuration file found for board NUCLEO-WBA65RI
2025-05-18 11:46:15,458 [INFO] DbBoards:161 - Board is not supported: NUCLEO-WBA65RI
2025-05-18 11:46:15,459 [INFO] BoardInfo:889 - No configuration file found for board NUCLEO-WL33CC1
2025-05-18 11:46:15,459 [INFO] DbBoards:161 - Board is not supported: NUCLEO-WL33CC1
2025-05-18 11:46:15,460 [INFO] BoardInfo:889 - No configuration file found for board NUCLEO-WL33CC2
2025-05-18 11:46:15,461 [INFO] DbBoards:161 - Board is not supported: NUCLEO-WL33CC2
2025-05-18 11:46:15,468 [INFO] BoardInfo:889 - No configuration file found for board P-NUCLEO-WB55
2025-05-18 11:46:15,469 [INFO] DbBoards:161 - Kit is not supported: P-NUCLEO-WB55
2025-05-18 11:46:15,475 [INFO] BoardInfo:889 - No configuration file found for board STEVAL-BFA001V1B
2025-05-18 11:46:15,475 [INFO] DbBoards:161 - Kit is not supported: STEVAL-BFA001V1B
2025-05-18 11:46:15,477 [INFO] BoardInfo:889 - No configuration file found for board STEVAL-BFA001V2B
2025-05-18 11:46:15,477 [INFO] DbBoards:161 - Kit is not supported: STEVAL-BFA001V2B
2025-05-18 11:46:15,583 [INFO] BoardInfo:889 - No configuration file found for board STM32MP257F-DK
2025-05-18 11:46:15,584 [INFO] DbBoards:161 - Board is not supported: STM32MP257F-DK
2025-05-18 11:46:15,584 [INFO] BoardInfo:889 - No configuration file found for board STM32MP257F-EV1
2025-05-18 11:46:15,585 [INFO] DbBoards:161 - Board is not supported: STM32MP257F-EV1
2025-05-18 11:46:15,585 [INFO] BoardInfo:889 - No configuration file found for board STM32N6570-DK
2025-05-18 11:46:15,586 [INFO] DbBoards:161 - Board is not supported: STM32N6570-DK
2025-05-18 11:46:15,599 [INFO] BoardInfo:889 - No configuration file found for board STM32WBA65I-DK1
2025-05-18 11:46:15,599 [INFO] DbBoards:161 - Board is not supported: STM32WBA65I-DK1
2025-05-18 11:46:15,600 [INFO] DbBoards:168 - Found 210 boards, 192 are supported
2025-05-18 11:46:15,600 [INFO] DbBoards:169 - Found 210 boards, 8 of them is supported for  Bsp
2025-05-18 11:46:15,602 [INFO] ApiDb:423 - Load user favorites file C:\Users\axeel/.stm32cubeide/favorites.boards.txt: 0 item(s)
2025-05-18 11:46:15,602 [INFO] ApiDb:427 - User favorites Boards=[]
2025-05-18 11:46:15,602 [INFO] DbBoards:198 - Set 0 / 0 favorites Boards
2025-05-18 11:46:15,622 [INFO] LoadUrlFilesThread:185 - End of LoadServerUrlFiles without Thread
2025-05-18 11:46:15,622 [INFO] TargetSelectorAdapter:259 - Refresh data is successful
2025-05-18 11:46:15,625 [INFO] ApiDb:668 - CubeFinder database Data Model version=2.1
2025-05-18 11:46:15,625 [INFO] ApiDb:669 - CubeFinder database Configuration version=3.0.39
2025-05-18 11:46:15,625 [INFO] ApiDb:670 - CubeFinder database generation date=2025-04-23 (1745419778)
2025-05-18 11:46:15,625 [INFO] ApiDb:671 - CubeFinder database FW Pack versions=[FP-ATR-ASTRA1_V2.0.0, FP-SNS-FLIGHT1_V5.1.0, FP-SNS-MOTENV1_V5.0.0, FP-SNS-MOTENVWB1_V1.4.0, FP-SNS-SMARTAG2_V1.2.0, FP-SNS-STBOX1_V2.0.0, STM32Cube_FW_C0_V1.4.0, STM32Cube_FW_F4_V1.28.1, STM32Cube_FW_F7_V1.17.2, STM32Cube_FW_G0_V1.6.2, STM32Cube_FW_G4_V1.6.1, STM32Cube_FW_H5_V1.5.0, STM32Cube_FW_H7RS_V1.2.0, STM32Cube_FW_H7_V1.12.1, STM32Cube_FW_L0_V1.12.2, STM32Cube_FW_L4_V1.18.1, STM32Cube_FW_L5_V1.5.1, STM32Cube_FW_N6_V1.1.1, STM32Cube_FW_U0_V1.2.0, STM32Cube_FW_U3_V1.1.0, STM32Cube_FW_U5_V1.7.0, STM32Cube_FW_WB0_V1.2.0, STM32Cube_FW_WBA_V1.6.0, STM32Cube_FW_WB_V1.22.0, STM32Cube_FW_WL3_V1.1.0, STM32Cube_FW_WL_V1.3.1, X-CUBE-ALGOBUILD_V1.4.0, X-CUBE-ALS_V1.0.2, X-CUBE-AZRTOS-F4_V1.1.0, X-CUBE-AZRTOS-F7_V1.1.0, X-CUBE-AZRTOS-G0_V1.1.0, X-CUBE-AZRTOS-G4_V2.0.0, X-CUBE-AZRTOS-H7RS_V1.1.0, X-CUBE-AZRTOS-H7_V3.3.0, X-CUBE-AZRTOS-L4_V2.0.0, X-CUBE-AZRTOS-L5_V2.0.0, X-CUBE-AZRTOS-WB_V2.0.0, X-CUBE-AZRTOS-WL_V2.0.0, X-CUBE-BLE1_V7.1.0, X-CUBE-BLE2_V3.3.0, X-CUBE-BLEMGR_V4.0.0, X-CUBE-EEPRMA1_V5.1.0, X-CUBE-FREERTOS_V1.3.0, X-CUBE-GNSS1_V6.0.0, X-CUBE-MEMS1_V11.2.0, X-CUBE-NFC4_V3.0.0, X-CUBE-NFC7_V1.0.1, X-CUBE-SFXS2LP1_V4.0.0, X-CUBE-SUBG2_V5.0.0, X-CUBE-TOF1_V3.4.3]
2025-05-18 11:46:16,340 [ERROR] DbExamplesSqlite:437 - Missing JSON key: board_cpn
2025-05-18 11:46:16,341 [ERROR] DbExamplesSqlite:437 - Missing JSON key: board_cpn
2025-05-18 11:46:16,341 [ERROR] DbExamplesSqlite:437 - Missing JSON key: board_cpn
2025-05-18 11:46:16,341 [ERROR] DbExamplesSqlite:437 - Missing JSON key: board_cpn
2025-05-18 11:46:16,535 [ERROR] DbExamplesSqlite:437 - Missing JSON key: board_cpn
2025-05-18 11:46:16,536 [ERROR] DbExamplesSqlite:437 - Missing JSON key: board_cpn
2025-05-18 11:46:16,536 [ERROR] DbExamplesSqlite:437 - Missing JSON key: board_cpn
2025-05-18 11:46:16,536 [ERROR] DbExamplesSqlite:437 - Missing JSON key: board_cpn
2025-05-18 11:46:16,537 [ERROR] DbExamplesSqlite:437 - Missing JSON key: board_cpn
2025-05-18 11:46:16,537 [ERROR] DbExamplesSqlite:437 - Missing JSON key: board_cpn
2025-05-18 11:46:16,537 [ERROR] DbExamplesSqlite:437 - Missing JSON key: board_cpn
2025-05-18 11:46:16,537 [ERROR] DbExamplesSqlite:437 - Missing JSON key: board_cpn
2025-05-18 11:46:16,538 [ERROR] DbExamplesSqlite:437 - Missing JSON key: board_cpn
2025-05-18 11:46:16,716 [ERROR] DbExamplesSqlite:437 - Missing JSON key: board_cpn
2025-05-18 11:46:16,727 [INFO] DbExamplesSqlite:395 - Ignored 46 examples not supported by CubeIDE
2025-05-18 11:46:16,728 [INFO] DbExamplesSqlite:396 - Found 10821 examples active
2025-05-18 11:46:16,728 [INFO] DbExamplesSqlite:397 - Found 0 examples obsolete
2025-05-18 11:46:16,728 [INFO] DbExamplesSqlite:398 - Found 0 examples under development
2025-05-18 11:46:16,728 [INFO] DbExamplesSqlite:399 - Found 79 examples not building
2025-05-18 11:46:16,731 [INFO] DbExamples:125 - Found 10854 examples
2025-05-18 11:46:16,751 [ERROR] DbExamples:208 - Found 3 examples with invalid data (board or MCU)
2025-05-18 11:46:16,751 [INFO] DbExamples:222 - Found 133 boards with related examples
2025-05-18 11:46:16,753 [INFO] DbExamples:235 - Found 110 MCUs with related examples
2025-05-18 11:46:16,779 [INFO] ApiDb:414 - User favorites file not found: C:\Users\axeel/.stm32cubeide/favorites.examples.txt
2025-05-18 11:46:16,780 [INFO] DbExamples:250 - Set 0 / 0 favorites Examples
2025-05-18 11:46:16,954 [INFO] McuFinderGlobals:76 - Set McuFinderConnectedMode to true
2025-05-18 11:46:16,967 [INFO] MultiScanPanel:200 - Auto-refresh data requested => check proxy status ongoing
2025-05-18 11:46:16,971 [INFO] FinderPluginLoader:95 - Searching for filters in installed packs
2025-05-18 11:46:18,394 [INFO] LoadUrlFilesThread:185 - End of LoadServerUrlFiles without Thread
2025-05-18 11:46:18,423 [INFO] DetailPanel:341 - Set advertising image to C:/Users/axeel/STM32Cube/Repository/\en.summit-h1-25-promotion.jpg
2025-05-18 11:46:59,400 [INFO] MainUpdater:2873 - connection check result : 10
2025-05-18 11:46:59,400 [INFO] MainUpdater:2873 - connection check result : 10
2025-05-18 11:46:59,431 [INFO] MicroXplorer:468 - Change Database Path : 
2025-05-18 11:46:59,431 [INFO] MicroXplorer:498 - Change Database Version : DB.6.0.110
2025-05-18 11:46:59,455 [ERROR] ProjectManagerView:394 - 
java.lang.NullPointerException: Cannot invoke "javax.swing.JTextField.getText()" because the return value of "java.util.List.get(int)" is null
	at com.st.microxplorer.plugins.projectmanager.gui.ProjectChoiceTab$10.caretUpdate(ProjectChoiceTab.java:2504) ~[filemanager.jar:?]
	at javax.swing.text.JTextComponent.fireCaretUpdate(JTextComponent.java:412) ~[?:?]
	at javax.swing.text.JTextComponent$MutableCaretEvent.fire(JTextComponent.java:4491) ~[?:?]
	at javax.swing.text.JTextComponent$MutableCaretEvent.stateChanged(JTextComponent.java:4513) ~[?:?]
	at javax.swing.text.DefaultCaret.fireStateChanged(DefaultCaret.java:842) ~[?:?]
	at javax.swing.text.DefaultCaret.changeCaretPosition(DefaultCaret.java:1313) ~[?:?]
	at javax.swing.text.DefaultCaret.handleSetDot(DefaultCaret.java:1212) ~[?:?]
	at javax.swing.text.DefaultCaret.setDot(DefaultCaret.java:1193) ~[?:?]
	at javax.swing.text.DefaultCaret$Handler.insertUpdate(DefaultCaret.java:1789) ~[?:?]
	at javax.swing.text.AbstractDocument.fireInsertUpdate(AbstractDocument.java:226) ~[?:?]
	at javax.swing.text.AbstractDocument.handleInsertString(AbstractDocument.java:780) ~[?:?]
	at javax.swing.text.AbstractDocument.insertString(AbstractDocument.java:739) ~[?:?]
	at javax.swing.text.PlainDocument.insertString(PlainDocument.java:131) ~[?:?]
	at javax.swing.text.AbstractDocument.replace(AbstractDocument.java:698) ~[?:?]
	at javax.swing.text.JTextComponent.setText(JTextComponent.java:1729) ~[?:?]
	at com.st.microxplorer.plugins.projectmanager.gui.ProjectChoiceTab.createHeapStackFields(ProjectChoiceTab.java:944) ~[filemanager.jar:?]
	at com.st.microxplorer.plugins.projectmanager.gui.ProjectChoiceTab.buildLinkSettingsPanel(ProjectChoiceTab.java:3475) ~[filemanager.jar:?]
	at com.st.microxplorer.plugins.projectmanager.gui.ProjectChoiceTab.defineWindowsFields(ProjectChoiceTab.java:1816) ~[filemanager.jar:?]
	at com.st.microxplorer.plugins.projectmanager.gui.ProjectChoiceTab.updateSettings(ProjectChoiceTab.java:544) ~[filemanager.jar:?]
	at com.st.microxplorer.plugins.projectmanager.gui.ProjectSettingsPanel.UpdateDialog(ProjectSettingsPanel.java:245) ~[filemanager.jar:?]
	at com.st.microxplorer.plugins.projectmanager.ProjectManagerView.propertyChange(ProjectManagerView.java:391) ~[filemanager.jar:?]
	at java.beans.PropertyChangeSupport.fire(PropertyChangeSupport.java:343) ~[?:?]
	at java.beans.PropertyChangeSupport.firePropertyChange(PropertyChangeSupport.java:335) ~[?:?]
	at java.beans.PropertyChangeSupport.firePropertyChange(PropertyChangeSupport.java:268) ~[?:?]
	at com.st.microxplorer.util.MXPropertyChangeSupport.firePropertyChange(MXPropertyChangeSupport.java:54) ~[STM32CubeMX.jar:?]
	at com.st.microxplorer.mxsystem.MxSystem.closeConfig(MxSystem.java:900) ~[STM32CubeMX.jar:?]
	at com.st.microxplorer.maingui.MainPanel.closeConfig(MainPanel.java:776) ~[STM32CubeMX.jar:?]
	at com.st.microxplorer.plugins.filemanager.engine.OpenFileManager.loadConfigurationFile(OpenFileManager.java:245) ~[filemanager.jar:?]
	at com.st.microxplorer.plugins.filemanager.engine.MainFileManager.userLoadConfig(MainFileManager.java:315) ~[filemanager.jar:?]
	at com.st.microxplorer.plugins.filemanager.engine.MainFileManager.userLoadConfig(MainFileManager.java:293) ~[filemanager.jar:?]
	at com.st.microxplorer.plugins.filemanager.FileManagerView.getSpecificTask(FileManagerView.java:247) ~[filemanager.jar:?]
	at com.st.stm32cube.common.mx.editor.CubeMxEditor.getMxTabbedPaneInstance(CubeMxEditor.java:1198) ~[com.st.stm32cube.common.mx_6.11.0.202403141607/:?]
	at com.st.stm32cube.common.mx.editor.CubeMxEditor$12$1.createSwingComponent(CubeMxEditor.java:1068) ~[com.st.stm32cube.common.mx_6.11.0.202403141607/:?]
	at com.st.stm32cube.common.mx.oss.core.awtswtbridge.EmbeddedSwingComposite.doComponentCreation(EmbeddedSwingComposite.java:492) ~[com.st.stm32cube.common.mx.oss_6.11.0.202403141607/:?]
	at com.st.stm32cube.common.mx.oss.core.awtswtbridge.EmbeddedSwingComposite$4.run(EmbeddedSwingComposite.java:291) ~[com.st.stm32cube.common.mx.oss_6.11.0.202403141607/:?]
	at com.st.stm32cube.common.mx.oss.core.awtswtbridge.AwtEnvironment$2.run(AwtEnvironment.java:166) ~[com.st.stm32cube.common.mx.oss_6.11.0.202403141607/:?]
	at java.awt.event.InvocationEvent.dispatch(InvocationEvent.java:318) ~[?:?]
	at java.awt.EventQueue.dispatchEventImpl(EventQueue.java:773) ~[?:?]
	at java.awt.EventQueue$4.run(EventQueue.java:720) ~[?:?]
	at java.awt.EventQueue$4.run(EventQueue.java:714) ~[?:?]
	at java.security.AccessController.doPrivileged(AccessController.java:399) ~[?:?]
	at java.security.ProtectionDomain$JavaSecurityAccessImpl.doIntersectionPrivilege(ProtectionDomain.java:86) ~[?:?]
	at java.awt.EventQueue.dispatchEvent(EventQueue.java:742) ~[?:?]
	at java.awt.EventDispatchThread.pumpOneEventForFilters(EventDispatchThread.java:203) ~[?:?]
	at java.awt.EventDispatchThread.pumpEventsForFilter(EventDispatchThread.java:124) ~[?:?]
	at java.awt.EventDispatchThread.pumpEventsForHierarchy(EventDispatchThread.java:113) ~[?:?]
	at java.awt.EventDispatchThread.pumpEvents(EventDispatchThread.java:109) ~[?:?]
	at java.awt.EventDispatchThread.pumpEvents(EventDispatchThread.java:101) ~[?:?]
	at java.awt.EventDispatchThread.run(EventDispatchThread.java:90) ~[?:?]
2025-05-18 11:46:59,468 [WARN] ThirdParty:871 - waiting for thirdparty lock release [close project]
2025-05-18 11:46:59,468 [INFO] ThirdParty:873 - entering critical section [close project]
2025-05-18 11:46:59,468 [INFO] ThirdParty:883 - exiting critical section [close project]
2025-05-18 11:46:59,469 [INFO] PinOutPanel:1561 - setPackage(No Configuration,No Configuration)
2025-05-18 11:46:59,478 [WARN] IpParametersView:151 - Warning: This peripheral hasn't parameters
2025-05-18 11:46:59,482 [WARN] MainPanel:272 - <html><b><center>Warning: This peripheral has no parameters to be configured<br></b></html>
2025-05-18 11:46:59,488 [INFO] UtilMem:75 - Begin LoadConfig() Used Memory: 797672984 Bytes (1073741824)
2025-05-18 11:46:59,489 [INFO] MicroXplorer:468 - Change Database Path : 
2025-05-18 11:46:59,489 [INFO] MicroXplorer:498 - Change Database Version : DB.6.0.110
2025-05-18 11:46:59,489 [INFO] OpenFileManager:312 - Change cursor
2025-05-18 11:46:59,517 [INFO] Mcu:2021 - Initializing MCU STM32U031R8Tx STM32U031R8Tx STM32U031R8T6
2025-05-18 11:47:00,965 [INFO] Context:663 - Trying to add GPIOservice into a context  which must be forbidden
2025-05-18 11:47:01,531 [INFO] ImportTextPane:194 - (OptionalMessage_ERROR) Unable to find key (Mcu.ThirdPartyNb) in loaded IOC file
2025-05-18 11:47:01,531 [INFO] ImportTextPane:194 - (OptionalMessage_ERROR) Unable to find key (Mcu.PinsNb) in loaded IOC file
2025-05-18 11:47:01,531 [INFO] ImportTextPane:194 - (OptionalMessage_ERROR) Unable to find key (Mcu.IPNb) in loaded IOC file
2025-05-18 11:47:01,620 [WARN] ModelIntegratedComponent:63 - No mode defined for component null
2025-05-18 11:47:01,620 [WARN] ModelIntegratedComponent:63 - No mode defined for component null
2025-05-18 11:47:01,620 [WARN] ModelIntegratedComponent:63 - No mode defined for component null
2025-05-18 11:47:01,620 [WARN] ModelIntegratedComponent:63 - No mode defined for component null
2025-05-18 11:47:01,620 [WARN] ModelIntegratedComponent:63 - No mode defined for component null
2025-05-18 11:47:01,620 [WARN] ModelIntegratedComponent:63 - No mode defined for component null
2025-05-18 11:47:01,620 [WARN] ModelIntegratedComponent:63 - No mode defined for component null
2025-05-18 11:47:01,620 [WARN] ModelIntegratedComponent:63 - No mode defined for component null
2025-05-18 11:47:01,620 [WARN] ModelIntegratedComponent:63 - No mode defined for component null
2025-05-18 11:47:01,620 [WARN] ModelIntegratedComponent:63 - No mode defined for component null
2025-05-18 11:47:01,621 [WARN] ModelIntegratedComponent:63 - No mode defined for component null
2025-05-18 11:47:01,621 [WARN] ModelIntegratedComponent:63 - No mode defined for component null
2025-05-18 11:47:01,621 [WARN] ModelIntegratedComponent:63 - No mode defined for component null
2025-05-18 11:47:01,621 [WARN] ModelIntegratedComponent:63 - No mode defined for component null
2025-05-18 11:47:01,621 [WARN] ModelIntegratedComponent:63 - No mode defined for component null
2025-05-18 11:47:01,621 [WARN] ModelIntegratedComponent:63 - No mode defined for component null
2025-05-18 11:47:01,621 [WARN] ModelIntegratedComponent:63 - No mode defined for component null
2025-05-18 11:47:01,621 [WARN] ModelIntegratedComponent:63 - No mode defined for component null
2025-05-18 11:47:01,621 [WARN] ModelIntegratedComponent:63 - No mode defined for component null
2025-05-18 11:47:01,621 [WARN] ModelIntegratedComponent:63 - No mode defined for component null
2025-05-18 11:47:01,621 [WARN] ModelIntegratedComponent:63 - No mode defined for component null
2025-05-18 11:47:01,621 [WARN] ModelIntegratedComponent:63 - No mode defined for component null
2025-05-18 11:47:01,621 [WARN] ModelIntegratedComponent:63 - No mode defined for component null
2025-05-18 11:47:01,621 [WARN] ModelIntegratedComponent:63 - No mode defined for component null
2025-05-18 11:47:01,621 [WARN] ModelIntegratedComponent:63 - No mode defined for component null
2025-05-18 11:47:01,621 [WARN] ModelIntegratedComponent:63 - No mode defined for component null
2025-05-18 11:47:01,621 [WARN] ModelIntegratedComponent:63 - No mode defined for component null
2025-05-18 11:47:01,621 [WARN] ModelIntegratedComponent:63 - No mode defined for component null
2025-05-18 11:47:01,621 [WARN] ModelIntegratedComponent:63 - No mode defined for component null
2025-05-18 11:47:01,621 [WARN] ModelIntegratedComponent:63 - No mode defined for component null
2025-05-18 11:47:01,621 [WARN] ModelIntegratedComponent:63 - No mode defined for component null
2025-05-18 11:47:01,621 [WARN] ModelIntegratedComponent:63 - No mode defined for component null
2025-05-18 11:47:01,621 [WARN] ModelIntegratedComponent:63 - No mode defined for component null
2025-05-18 11:47:01,621 [WARN] ModelIntegratedComponent:63 - No mode defined for component null
2025-05-18 11:47:01,747 [INFO] RtosManager:555 - Registered RTOS mode: class=RTOS, group=ThreadX, mode=Core, owner=THREADX
2025-05-18 11:47:01,757 [INFO] ThirdPartyModel:298 - Start build external matchings
2025-05-18 11:47:02,414 [INFO] ThirdPartyModel:316 - End build external matchings
2025-05-18 11:47:02,688 [INFO] UtilMem:75 - End LoadConfig() Used Memory: 860387624 Bytes (1073741824)
2025-05-18 11:47:02,721 [WARN] ThirdParty:833 - waiting for thirdparty lock release [change project]
2025-05-18 11:47:02,722 [INFO] ThirdParty:835 - entering critical section [change project]
2025-05-18 11:47:02,722 [INFO] ThirdParty:1030 - CMSIS Pack Vendor :STMicroelectronics USBPD 4.1
2025-05-18 11:47:02,722 [INFO] ThirdParty:1030 - CMSIS Pack Vendor :STMicroelectronics X-CUBE-GNSS1 6.0.0
2025-05-18 11:47:02,722 [INFO] ThirdParty:1030 - CMSIS Pack Vendor :STMicroelectronics USB_HOST 2.0.0
2025-05-18 11:47:02,722 [INFO] ThirdParty:1030 - CMSIS Pack Vendor :STMicroelectronics FP-SNS-MOTENVWB1 1.4.0
2025-05-18 11:47:02,722 [INFO] ThirdParty:1030 - CMSIS Pack Vendor :STMicroelectronics X-CUBE-AZRTOS-F4 1.1.0
2025-05-18 11:47:02,722 [INFO] ThirdParty:1030 - CMSIS Pack Vendor :STMicroelectronics LIBJPEG 8.0.0
2025-05-18 11:47:02,722 [INFO] ThirdParty:1030 - CMSIS Pack Vendor :STMicroelectronics FP-ATR-ASTRA1 2.0.2
2025-05-18 11:47:02,722 [INFO] ThirdParty:1030 - CMSIS Pack Vendor :STMicroelectronics FP-ATR-ASTRA1 2.0.1
2025-05-18 11:47:02,722 [INFO] ThirdParty:1030 - CMSIS Pack Vendor :STMicroelectronics X-CUBE-SMBUS 2.1.0
2025-05-18 11:47:02,722 [INFO] ThirdParty:1030 - CMSIS Pack Vendor :STMicroelectronics X-CUBE-WB05N 1.1.0
2025-05-18 11:47:02,722 [INFO] ThirdParty:1030 - CMSIS Pack Vendor :STMicroelectronics X-CUBE-ISPU 2.1.0
2025-05-18 11:47:02,722 [INFO] ThirdParty:1030 - CMSIS Pack Vendor :STMicroelectronics X-CUBE-FREERTOS 1.2.0
2025-05-18 11:47:02,722 [INFO] ThirdParty:1030 - CMSIS Pack Vendor :wolfSSL I-CUBE-wolfSSL 5.6.6
2025-05-18 11:47:02,722 [INFO] ThirdParty:1030 - CMSIS Pack Vendor :STMicroelectronics X-CUBE-TOUCHGFX 4.23.0
2025-05-18 11:47:02,722 [INFO] ThirdParty:1030 - CMSIS Pack Vendor :STMicroelectronics X-CUBE-TOUCHGFX 4.23.2
2025-05-18 11:47:02,722 [INFO] ThirdParty:1030 - CMSIS Pack Vendor :STMicroelectronics X-CUBE-AZRTOS-F7 1.1.0
2025-05-18 11:47:02,723 [INFO] ThirdParty:1030 - CMSIS Pack Vendor :STMicroelectronics X-CUBE-AZRTOS-L5 2.0.0
2025-05-18 11:47:02,723 [INFO] ThirdParty:1030 - CMSIS Pack Vendor :STMicroelectronics USB_DEVICE 2.0.0
2025-05-18 11:47:02,723 [INFO] ThirdParty:1030 - CMSIS Pack Vendor :STMicroelectronics X-CUBE-NFC6 3.1.0
2025-05-18 11:47:02,723 [INFO] ThirdParty:1030 - CMSIS Pack Vendor :ITTIA_DB I-CUBE-ITTIADB 8.8.0
2025-05-18 11:47:02,723 [INFO] ThirdParty:1030 - CMSIS Pack Vendor :STMicroelectronics FP-SNS-MOTENV1 4.3.2
2025-05-18 11:47:02,723 [INFO] ThirdParty:1030 - CMSIS Pack Vendor :STMicroelectronics X-CUBE-MEMS1 11.0.0
2025-05-18 11:47:02,723 [INFO] ThirdParty:1030 - CMSIS Pack Vendor :STMicroelectronics FreeRTOS 0.0.1
2025-05-18 11:47:02,723 [INFO] ThirdParty:1030 - CMSIS Pack Vendor :STMicroelectronics X-CUBE-DPower 1.2.0
2025-05-18 11:47:02,723 [INFO] ThirdParty:1030 - CMSIS Pack Vendor :STMicroelectronics FP-SNS-FLIGHT1 5.0.2
2025-05-18 11:47:02,723 [INFO] ThirdParty:1030 - CMSIS Pack Vendor :STMicroelectronics X-CUBE-AI 9.0.0
2025-05-18 11:47:02,723 [INFO] ThirdParty:1030 - CMSIS Pack Vendor :STMicroelectronics PDM2PCM 3.3.0
2025-05-18 11:47:02,723 [INFO] ThirdParty:1030 - CMSIS Pack Vendor :STMicroelectronics X-CUBE-DISPLAY 3.0.0
2025-05-18 11:47:02,723 [INFO] ThirdParty:1030 - CMSIS Pack Vendor :STMicroelectronics X-CUBE-BLE1 7.0.0
2025-05-18 11:47:02,723 [INFO] ThirdParty:1030 - CMSIS Pack Vendor :STMicroelectronics X-CUBE-NFC10 1.0.0
2025-05-18 11:47:02,723 [INFO] ThirdParty:1030 - CMSIS Pack Vendor :STMicroelectronics X-CUBE-BLEMGR 4.0.0
2025-05-18 11:47:02,723 [INFO] ThirdParty:1030 - CMSIS Pack Vendor :STMicroelectronics X-CUBE-FREERTOS 1.3.1
2025-05-18 11:47:02,723 [INFO] ThirdParty:1030 - CMSIS Pack Vendor :STMicroelectronics HAL Drivers 0.0.0
2025-05-18 11:47:02,723 [INFO] ThirdParty:1030 - CMSIS Pack Vendor :emotas I-CUBE-CANOPEN 1.3.0
2025-05-18 11:47:02,723 [INFO] ThirdParty:1030 - CMSIS Pack Vendor :STMicroelectronics X-CUBE-FREERTOS 1.3.0
2025-05-18 11:47:02,723 [INFO] ThirdParty:1030 - CMSIS Pack Vendor :STMicroelectronics X-CUBE-NFC7 1.0.1
2025-05-18 11:47:02,723 [INFO] ThirdParty:1030 - CMSIS Pack Vendor :STMicroelectronics MBEDTLS 2.14.1
2025-05-18 11:47:02,723 [INFO] ThirdParty:1030 - CMSIS Pack Vendor :wolfSSL I-CUBE-wolfTPM 3.2.0
2025-05-18 11:47:02,723 [INFO] ThirdParty:1030 - CMSIS Pack Vendor :STMicroelectronics X-CUBE-NFC6 3.0.0
2025-05-18 11:47:02,723 [INFO] ThirdParty:1030 - CMSIS Pack Vendor :STMicroelectronics X-CUBE-BLEMGR 3.1.0
2025-05-18 11:47:02,723 [INFO] ThirdParty:1030 - CMSIS Pack Vendor :STMicroelectronics X-CUBE-AI 10.0.0
2025-05-18 11:47:02,723 [INFO] ThirdParty:1030 - CMSIS Pack Vendor :STMicroelectronics FP-SNS-SMARTAG2 1.2.0
2025-05-18 11:47:02,724 [INFO] ThirdParty:1030 - CMSIS Pack Vendor :STMicroelectronics X-CUBE-MEMS1 11.1.0
2025-05-18 11:47:02,724 [INFO] ThirdParty:1030 - CMSIS Pack Vendor :STMicroelectronics X-CUBE-AZRTOS-WL 2.0.0
2025-05-18 11:47:02,724 [INFO] ThirdParty:1030 - CMSIS Pack Vendor :STMicroelectronics X-CUBE-DPower 1.3.0
2025-05-18 11:47:02,724 [INFO] ThirdParty:1030 - CMSIS Pack Vendor :STMicroelectronics FP-SNS-MOTENV1 5.0.0
2025-05-18 11:47:02,724 [INFO] ThirdParty:1030 - CMSIS Pack Vendor :STMicroelectronics USB_DEVICE 1.0.0
2025-05-18 11:47:02,724 [INFO] ThirdParty:1030 - CMSIS Pack Vendor :STMicroelectronics X-CUBE-AI 8.1.0
2025-05-18 11:47:02,724 [INFO] ThirdParty:1030 - CMSIS Pack Vendor :wolfSSL I-CUBE-wolfMQTT 1.19.0
2025-05-18 11:47:02,724 [INFO] ThirdParty:1030 - CMSIS Pack Vendor :STMicroelectronics X-CUBE-AZRTOS-L4 2.0.0
2025-05-18 11:47:02,724 [INFO] ThirdParty:1030 - CMSIS Pack Vendor :STMicroelectronics ThreadX 0.0.2
2025-05-18 11:47:02,724 [INFO] ThirdParty:1030 - CMSIS Pack Vendor :WES I-CUBE-Cesium 1.3.0
2025-05-18 11:47:02,724 [INFO] ThirdParty:1030 - CMSIS Pack Vendor :STMicroelectronics lwIP 2.1.2
2025-05-18 11:47:02,724 [INFO] ThirdParty:1030 - CMSIS Pack Vendor :STMicroelectronics X-CUBE-SFXS2LP1 4.0.0
2025-05-18 11:47:02,724 [INFO] ThirdParty:1030 - CMSIS Pack Vendor :STMicroelectronics X-CUBE-BLE2 3.3.0
2025-05-18 11:47:02,724 [INFO] ThirdParty:1030 - CMSIS Pack Vendor :STMicroelectronics PDM2PCM 3.2.0
2025-05-18 11:47:02,724 [INFO] ThirdParty:1030 - CMSIS Pack Vendor :STMicroelectronics X-CUBE-AZRTOS-H7 3.3.0
2025-05-18 11:47:02,724 [INFO] ThirdParty:1030 - CMSIS Pack Vendor :STMicroelectronics X-CUBE-NFC9 1.0.0
2025-05-18 11:47:02,724 [INFO] ThirdParty:1030 - CMSIS Pack Vendor :STMicroelectronics X-CUBE-BLE1 7.1.0
2025-05-18 11:47:02,724 [INFO] ThirdParty:1030 - CMSIS Pack Vendor :STMicroelectronics USB_DEVICE 3.0.0
2025-05-18 11:47:02,724 [INFO] ThirdParty:1030 - CMSIS Pack Vendor :STMicroelectronics X-CUBE-TCPP 4.1.0
2025-05-18 11:47:02,724 [INFO] ThirdParty:1030 - CMSIS Pack Vendor :STMicroelectronics X-CUBE-IPS 3.0.0
2025-05-18 11:47:02,724 [INFO] ThirdParty:1030 - CMSIS Pack Vendor :STMicroelectronics X-CUBE-AZRTOS-WB 2.0.0
2025-05-18 11:47:02,724 [INFO] ThirdParty:1030 - CMSIS Pack Vendor :STMicroelectronics X-CUBE-GNSS1 7.0.0
2025-05-18 11:47:02,724 [INFO] ThirdParty:1030 - CMSIS Pack Vendor :STMicroelectronics X-CUBE-GNSS1 7.0.1
2025-05-18 11:47:02,724 [INFO] ThirdParty:1030 - CMSIS Pack Vendor :STMicroelectronics X-CUBE-TOUCHGFX 4.25.0
2025-05-18 11:47:02,724 [INFO] ThirdParty:1030 - CMSIS Pack Vendor :STMicroelectronics FP-SNS-STBOX1 2.0.0
2025-05-18 11:47:02,724 [INFO] ThirdParty:1030 - CMSIS Pack Vendor :STMicroelectronics X-CUBE-ALGOBUILD 1.3.0
2025-05-18 11:47:02,724 [INFO] ThirdParty:1030 - CMSIS Pack Vendor :STMicroelectronics X-CUBE-MEMS1 11.2.0
2025-05-18 11:47:02,724 [INFO] ThirdParty:1030 - CMSIS Pack Vendor :STMicroelectronics X-CUBE-AZRTOS-G0 1.1.0
2025-05-18 11:47:02,724 [INFO] ThirdParty:1030 - CMSIS Pack Vendor :STMicroelectronics X-CUBE-SAFEA1 1.2.2
2025-05-18 11:47:02,724 [INFO] ThirdParty:1030 - CMSIS Pack Vendor :STMicroelectronics X-CUBE-NFC4 3.0.0
2025-05-18 11:47:02,724 [INFO] ThirdParty:1030 - CMSIS Pack Vendor :STMicroelectronics X-CUBE-SUBG2 5.0.0
2025-05-18 11:47:02,724 [INFO] ThirdParty:1030 - CMSIS Pack Vendor :STMicroelectronics X-CUBE-AZRTOS-H7RS 1.1.0
2025-05-18 11:47:02,724 [INFO] ThirdParty:1030 - CMSIS Pack Vendor :STMicroelectronics STM32_WPAN 1.0.0
2025-05-18 11:47:02,724 [INFO] ThirdParty:1030 - CMSIS Pack Vendor :wolfSSL I-CUBE-wolfMQTT 1.18.0
2025-05-18 11:47:02,724 [INFO] ThirdParty:1030 - CMSIS Pack Vendor :EmbeddedOffice I-CUBE-FS-RTOS 1.0.1
2025-05-18 11:47:02,724 [INFO] ThirdParty:1030 - CMSIS Pack Vendor :STMicroelectronics lwIP 2.0.3
2025-05-18 11:47:02,724 [INFO] ThirdParty:1030 - CMSIS Pack Vendor :STMicroelectronics USB_HOST 1.0.0
2025-05-18 11:47:02,724 [INFO] ThirdParty:1030 - CMSIS Pack Vendor :STMicroelectronics X-CUBE-AZRTOS-G4 2.0.0
2025-05-18 11:47:02,724 [INFO] ThirdParty:1030 - CMSIS Pack Vendor :STMicroelectronics X-CUBE-WB05N 2.0.0
2025-05-18 11:47:02,724 [INFO] ThirdParty:1030 - CMSIS Pack Vendor :STMicroelectronics PDM2PCM 3.1.0
2025-05-18 11:47:02,724 [INFO] ThirdParty:1030 - CMSIS Pack Vendor :Infineon AIROC-Wi-Fi-Bluetooth-STM32 1.5.1
2025-05-18 11:47:02,724 [INFO] ThirdParty:1030 - CMSIS Pack Vendor :STMicroelectronics X-CUBE-NFC7 2.0.0
2025-05-18 11:47:02,724 [INFO] ThirdParty:1030 - CMSIS Pack Vendor :RealThread X-CUBE-RT-Thread_Nano 4.1.1
2025-05-18 11:47:02,726 [INFO] ThirdParty:1030 - CMSIS Pack Vendor :STMicroelectronics FP-SNS-MOTENVWB1 1.3.1
2025-05-18 11:47:02,726 [INFO] ThirdParty:1030 - CMSIS Pack Vendor :STMicroelectronics FP-ATR-SIGFOX1 3.2.0
2025-05-18 11:47:02,726 [INFO] ThirdParty:1030 - CMSIS Pack Vendor :quantropi X-CUBE-qispace-sdk-base 1.9.3
2025-05-18 11:47:02,726 [INFO] ThirdParty:1030 - CMSIS Pack Vendor :STMicroelectronics X-CUBE-ISPU 2.0.0
2025-05-18 11:47:02,726 [INFO] ThirdParty:1030 - CMSIS Pack Vendor :STMicroelectronics X-CUBE-EEPRMA1 5.1.0
2025-05-18 11:47:02,726 [INFO] ThirdParty:1030 - CMSIS Pack Vendor :STMicroelectronics MBEDTLS 2.16.2
2025-05-18 11:47:02,726 [INFO] ThirdParty:1030 - CMSIS Pack Vendor :STMicroelectronics X-CUBE-ALS 1.0.2
2025-05-18 11:47:02,726 [INFO] ThirdParty:1030 - CMSIS Pack Vendor :STMicroelectronics X-CUBE-MEMS1 10.0.0
2025-05-18 11:47:02,726 [INFO] ThirdParty:1030 - CMSIS Pack Vendor :STMicroelectronics X-CUBE-FREERTOS 1.1.0
2025-05-18 11:47:02,726 [INFO] ThirdParty:1030 - CMSIS Pack Vendor :STMicroelectronics X-CUBE-TOUCHGFX 4.24.0
2025-05-18 11:47:02,726 [INFO] ThirdParty:1030 - CMSIS Pack Vendor :STMicroelectronics X-CUBE-TOUCHGFX 4.24.2
2025-05-18 11:47:02,726 [INFO] ThirdParty:1030 - CMSIS Pack Vendor :STMicroelectronics X-CUBE-TOUCHGFX 4.24.1
2025-05-18 11:47:02,726 [INFO] ThirdParty:1030 - CMSIS Pack Vendor :portGmbH I-Cube-SoM-uGOAL 1.1.0
2025-05-18 11:47:02,726 [INFO] ThirdParty:1030 - CMSIS Pack Vendor :STMicroelectronics X-CUBE-ALS 1.0.1
2025-05-18 11:47:02,726 [INFO] ThirdParty:1030 - CMSIS Pack Vendor :STMicroelectronics ThreadX 1.0.0
2025-05-18 11:47:02,726 [INFO] ThirdParty:1030 - CMSIS Pack Vendor :SEGGER I-CUBE-embOS 1.3.1
2025-05-18 11:47:02,726 [INFO] ThirdParty:1030 - CMSIS Pack Vendor :STMicroelectronics X-CUBE-ALGOBUILD 1.4.0
2025-05-18 11:47:02,726 [INFO] ThirdParty:1030 - CMSIS Pack Vendor :STMicroelectronics X-CUBE-AZRTOS-H7RS 1.0.0
2025-05-18 11:47:02,726 [INFO] ThirdParty:1030 - CMSIS Pack Vendor :STMicroelectronics FP-ATR-ASTRA1 2.0.0
2025-05-18 11:47:02,726 [INFO] ThirdParty:1030 - CMSIS Pack Vendor :STMicroelectronics X-CUBE-TOF1 3.4.2
2025-05-18 11:47:02,726 [INFO] ThirdParty:1030 - CMSIS Pack Vendor :STMicroelectronics X-CUBE-AI 9.1.0
2025-05-18 11:47:02,726 [INFO] ThirdParty:1030 - CMSIS Pack Vendor :STMicroelectronics X-CUBE-TOF1 3.4.1
2025-05-18 11:47:02,726 [INFO] ThirdParty:1030 - CMSIS Pack Vendor :STMicroelectronics X-CUBE-AZRTOS-H7 3.2.0
2025-05-18 11:47:02,726 [INFO] ThirdParty:1030 - CMSIS Pack Vendor :wolfSSL I-CUBE-wolfSSH 1.4.17
2025-05-18 11:47:02,726 [INFO] ThirdParty:841 - exiting critical section [change project]
2025-05-18 11:47:02,868 [INFO] PinOutPanel:1561 - setPackage(No Configuration,No Configuration)
2025-05-18 11:47:02,871 [INFO] PinOutPanel:1561 - setPackage(STM32U031R8Tx,LQFP64)
2025-05-18 11:47:03,160 [INFO] UtilMem:75 - Before build in PCC Used Memory: 865821392 Bytes (1073741824)
2025-05-18 11:47:05,166 [INFO] UtilMem:75 - After build in PCC Used Memory: 784612096 Bytes (1073741824)
2025-05-18 11:47:05,195 [INFO] IPUIPlugin:80 - create IPUIPlugin
2025-05-18 11:47:05,195 [INFO] IPUIPlugin:80 - create IPUIPlugin
2025-05-18 11:47:05,196 [INFO] IPUIPlugin:80 - create IPUIPlugin
2025-05-18 11:47:05,196 [INFO] IPUIPlugin:80 - create IPUIPlugin
2025-05-18 11:47:05,196 [INFO] IPUIPlugin:80 - create IPUIPlugin
2025-05-18 11:47:05,196 [INFO] IPUIPlugin:80 - create IPUIPlugin
2025-05-18 11:47:05,196 [INFO] IPUIPlugin:80 - create IPUIPlugin
2025-05-18 11:47:05,196 [INFO] IPUIPlugin:80 - create IPUIPlugin
2025-05-18 11:47:05,196 [INFO] IPUIPlugin:80 - create IPUIPlugin
2025-05-18 11:47:05,197 [INFO] IPUIPlugin:80 - create IPUIPlugin
2025-05-18 11:47:05,197 [INFO] IPUIPlugin:80 - create IPUIPlugin
2025-05-18 11:47:05,197 [INFO] IPUIPlugin:80 - create IPUIPlugin
2025-05-18 11:47:05,197 [INFO] IPUIPlugin:80 - create IPUIPlugin
2025-05-18 11:47:05,197 [INFO] IPUIPlugin:80 - create IPUIPlugin
2025-05-18 11:47:05,197 [INFO] IPUIPlugin:80 - create IPUIPlugin
2025-05-18 11:47:05,197 [INFO] IPUIPlugin:80 - create IPUIPlugin
2025-05-18 11:47:05,198 [INFO] IPUIPlugin:80 - create IPUIPlugin
2025-05-18 11:47:05,198 [INFO] IPUIPlugin:80 - create IPUIPlugin
2025-05-18 11:47:05,198 [INFO] IPUIPlugin:80 - create IPUIPlugin
2025-05-18 11:47:05,198 [INFO] IPUIPlugin:80 - create IPUIPlugin
2025-05-18 11:47:05,198 [INFO] IPUIPlugin:80 - create IPUIPlugin
2025-05-18 11:47:05,199 [INFO] IPUIPlugin:80 - create IPUIPlugin
2025-05-18 11:47:05,199 [INFO] IPUIPlugin:80 - create IPUIPlugin
2025-05-18 11:47:05,199 [INFO] IPUIPlugin:80 - create IPUIPlugin
2025-05-18 11:47:05,199 [INFO] IPUIPlugin:80 - create IPUIPlugin
2025-05-18 11:47:05,200 [INFO] IPUIPlugin:80 - create IPUIPlugin
2025-05-18 11:47:05,200 [INFO] IPUIPlugin:80 - create IPUIPlugin
2025-05-18 11:47:05,200 [INFO] IPUIPlugin:80 - create IPUIPlugin
2025-05-18 11:47:05,201 [INFO] IPUIPlugin:80 - create IPUIPlugin
2025-05-18 11:47:05,201 [INFO] IPUIPlugin:80 - create IPUIPlugin
2025-05-18 11:47:05,201 [INFO] IPUIPlugin:80 - create IPUIPlugin
2025-05-18 11:47:05,201 [INFO] IPUIPlugin:80 - create IPUIPlugin
2025-05-18 11:47:05,202 [INFO] IPUIPlugin:80 - create IPUIPlugin
2025-05-18 11:47:05,202 [INFO] IPUIPlugin:80 - create IPUIPlugin
2025-05-18 11:47:05,202 [INFO] IPUIPlugin:80 - create IPUIPlugin
2025-05-18 11:47:05,202 [INFO] IPUIPlugin:80 - create IPUIPlugin
2025-05-18 11:47:05,203 [INFO] IPUIPlugin:80 - create IPUIPlugin
2025-05-18 11:47:05,203 [INFO] IPUIPlugin:80 - create IPUIPlugin
2025-05-18 11:47:05,203 [INFO] IPUIPlugin:80 - create IPUIPlugin
2025-05-18 11:47:05,203 [INFO] IPUIPlugin:80 - create IPUIPlugin
2025-05-18 11:47:05,204 [INFO] IPUIPlugin:80 - create IPUIPlugin
2025-05-18 11:47:05,204 [INFO] IPUIPlugin:80 - create IPUIPlugin
2025-05-18 11:47:05,205 [INFO] IPUIPlugin:80 - create IPUIPlugin
2025-05-18 11:47:05,205 [INFO] IPUIPlugin:80 - create IPUIPlugin
2025-05-18 11:47:05,205 [INFO] IPUIPlugin:80 - create IPUIPlugin
2025-05-18 11:47:05,338 [INFO] CADModel:165 - CPN selected for project levelSTM32U031R8T6
2025-05-18 11:47:05,338 [INFO] CADModel:114 - Register for checkConnection events
2025-05-18 11:47:05,403 [INFO] OpenFileManager:343 - Restore cursor
2025-05-18 11:47:05,833 [INFO] UtilMem:75 - End SaveConfig() Used Memory: 753681792 Bytes (1073741824)
2025-05-18 11:47:06,667 [INFO] ServerAccessManage:473 - Download File stm32cube_fw_u0_v100.zip
2025-05-18 11:47:24,197 [INFO] AnalyticsPlugin:363 - Accepted License(s) without tracking enabled: [FW.U0.1.0.0]
2025-05-18 11:47:24,198 [INFO] FileExtend:240 - Unzip File : stm32cube_fw_u0_v100.zip
2025-05-18 11:47:24,198 [INFO] FileExtend:255 - Standard Zip Deflate
2025-05-18 11:48:32,511 [INFO] LoadServerPackagesThread:196 - End of LoadServerPackages Thread
2025-05-18 11:48:33,093 [INFO] ThirdPartyModel:298 - Start build external matchings
2025-05-18 11:48:33,147 [INFO] UtilMem:75 - End SaveConfig() Used Memory: 753220112 Bytes (1073741824)
2025-05-18 11:48:34,474 [INFO] BlockDiagram:2759 - set Specific Code input for plugin: NVIC
2025-05-18 11:48:34,475 [INFO] BlockDiagram:2759 - set Specific Code input for plugin: RCC
2025-05-18 11:48:34,477 [INFO] CodeGenerator:807 - code generatio: config db path: C:\ST\STM32CubeIDE_1.14.1\STM32CubeIDE\plugins\com.st.stm32cube.common.mx_6.11.0.202403141607\\db\
2025-05-18 11:48:34,730 [INFO] CodeEngine:255 - oldGeneratedFile, C:\Users\axeel\Desktop\alarm\Alarm_slave\MXTmpFiles\license.tmp_save
2025-05-18 11:48:35,455 [INFO] CodeEngine:279 - Generated code: C:\Users\axeel\Desktop\alarm\Alarm_slave\MXTmpFiles\license.tmp
2025-05-18 11:48:35,651 [INFO] CodeEngine:255 - oldGeneratedFile, C:\Users\axeel\Desktop\alarm\Alarm_slave\MXTmpFiles\cortex.tmp_save
2025-05-18 11:48:35,898 [INFO] CodeEngine:279 - Generated code: C:\Users\axeel\Desktop\alarm\Alarm_slave\MXTmpFiles\cortex.tmp
2025-05-18 11:48:35,951 [INFO] CodeEngine:255 - oldGeneratedFile, C:\Users\axeel\Desktop\alarm\Alarm_slave\Core\Src\stm32u0xx_it.c_save
2025-05-18 11:48:36,176 [INFO] ThirdPartyModel:316 - End build external matchings
2025-05-18 11:48:36,208 [INFO] CheckServerUpdateThread:120 - End of CheckServer Thread
2025-05-18 11:48:36,253 [INFO] CodeEngine:279 - Generated code: C:\Users\axeel\Desktop\alarm\Alarm_slave\Core\Src\stm32u0xx_it.c
2025-05-18 11:48:36,283 [INFO] CodeEngine:255 - oldGeneratedFile, C:\Users\axeel\Desktop\alarm\Alarm_slave\Core\Inc\stm32u0xx_it.h_save
2025-05-18 11:48:36,479 [INFO] CodeEngine:279 - Generated code: C:\Users\axeel\Desktop\alarm\Alarm_slave\Core\Inc\stm32u0xx_it.h
2025-05-18 11:48:36,598 [INFO] CodeEngine:255 - oldGeneratedFile, C:\Users\axeel\Desktop\alarm\Alarm_slave\Core\Src\stm32u0xx_hal_msp.c_save
2025-05-18 11:48:36,949 [INFO] CodeEngine:279 - Generated code: C:\Users\axeel\Desktop\alarm\Alarm_slave\Core\Src\stm32u0xx_hal_msp.c
2025-05-18 11:48:36,978 [INFO] CodeEngine:255 - oldGeneratedFile, C:\Users\axeel\Desktop\alarm\Alarm_slave\MXTmpFiles\system.tmp_save
2025-05-18 11:48:37,116 [INFO] CodeEngine:279 - Generated code: C:\Users\axeel\Desktop\alarm\Alarm_slave\MXTmpFiles\system.tmp
2025-05-18 11:48:37,160 [INFO] CodeEngine:311 - oldGeneratedFile, C:\Users\axeel\Desktop\alarm\Alarm_slave\Core\Inc\stm32u0xx_hal_conf.h_save
2025-05-18 11:48:37,347 [INFO] CodeEngine:335 - Generated code: C:\Users\axeel\Desktop\alarm\Alarm_slave\Core\Inc\stm32u0xx_hal_conf.h
2025-05-18 11:48:37,411 [INFO] CodeEngine:255 - oldGeneratedFile, C:\Users\axeel\Desktop\alarm\Alarm_slave\Core\Inc\main.h_save
2025-05-18 11:48:37,586 [INFO] CodeEngine:279 - Generated code: C:\Users\axeel\Desktop\alarm\Alarm_slave\Core\Inc\main.h
2025-05-18 11:48:37,614 [INFO] CodeEngine:255 - oldGeneratedFile, C:\Users\axeel\Desktop\alarm\Alarm_slave\Core\Src\main.c_save
2025-05-18 11:48:37,848 [INFO] CodeEngine:279 - Generated code: C:\Users\axeel\Desktop\alarm\Alarm_slave\Core\Src\main.c
2025-05-18 11:48:38,364 [INFO] ProjectBuilder:3163 - Time for Copy HAL[1] : 274mS.
2025-05-18 11:48:38,377 [INFO] ProjectBuilder:4736 - Project Generator version: 4.3.0-B58
2025-05-18 11:48:38,550 [INFO] ConfigFileManager:1503 - The Die is : DIE459
2025-05-18 11:48:38,583 [INFO] ApiDbMcu:508 - Load IP Config File for FileX
2025-05-18 11:48:38,611 [INFO] ApiDbMcu:508 - Load IP Config File for LevelX
2025-05-18 11:48:38,634 [INFO] ApiDbMcu:508 - Load IP Config File for ThreadX
2025-05-18 11:48:38,671 [INFO] ApiDbMcu:508 - Load IP Config File for TOUCHSENSING
