2025-05-26 14:49:07,542 [ERROR] LogOutputStream:75 - [STDERR_REDIRECT] Exception in thread "AWT-EventQueue-0" java.awt.IllegalComponentStateException: Native resources unavailable
2025-05-26 14:49:07,564 [ERROR] LogOutputStream:75 - [STDERR_REDIRECT] 	at java.desktop/sun.awt.windows.WWindowPeer.getScreenImOn(Native Method)
2025-05-26 14:49:07,565 [ERROR] LogOutputStream:75 - [STDERR_REDIRECT] 	at java.desktop/sun.awt.windows.WWindowPeer.updateGC(WWindowPeer.java:566)
2025-05-26 14:49:07,567 [ERROR] LogOutputStream:75 - [STDERR_REDIRECT] 	at java.desktop/java.awt.event.InvocationEvent.dispatch(InvocationEvent.java:318)
2025-05-26 14:49:07,568 [ERROR] LogOutputStream:75 - [STDERR_REDIRECT] 	at java.desktop/java.awt.EventQueue.dispatchEventImpl(EventQueue.java:773)
2025-05-26 14:49:07,569 [ERROR] LogOutputStream:75 - [STDERR_REDIRECT] 	at java.desktop/java.awt.EventQueue$4.run(EventQueue.java:720)
2025-05-26 14:49:07,570 [ERROR] LogOutputStream:75 - [STDERR_REDIRECT] 	at java.desktop/java.awt.EventQueue$4.run(EventQueue.java:714)
2025-05-26 14:49:07,571 [ERROR] LogOutputStream:75 - [STDERR_REDIRECT] 	at java.base/java.security.AccessController.doPrivileged(AccessController.java:399)
2025-05-26 14:49:07,572 [ERROR] LogOutputStream:75 - [STDERR_REDIRECT] 	at java.base/java.security.ProtectionDomain$JavaSecurityAccessImpl.doIntersectionPrivilege(ProtectionDomain.java:86)
2025-05-26 14:49:07,574 [ERROR] LogOutputStream:75 - [STDERR_REDIRECT] 	at java.base/java.security.ProtectionDomain$JavaSecurityAccessImpl.doIntersectionPrivilege(ProtectionDomain.java:97)
2025-05-26 14:49:07,575 [ERROR] LogOutputStream:75 - [STDERR_REDIRECT] 	at java.desktop/java.awt.EventQueue$5.run(EventQueue.java:747)
2025-05-26 14:49:07,576 [ERROR] LogOutputStream:75 - [STDERR_REDIRECT] 	at java.desktop/java.awt.EventQueue$5.run(EventQueue.java:745)
2025-05-26 14:49:07,577 [ERROR] LogOutputStream:75 - [STDERR_REDIRECT] 	at java.base/java.security.AccessController.doPrivileged(AccessController.java:399)
2025-05-26 14:49:07,578 [ERROR] LogOutputStream:75 - [STDERR_REDIRECT] 	at java.base/java.security.ProtectionDomain$JavaSecurityAccessImpl.doIntersectionPrivilege(ProtectionDomain.java:86)
2025-05-26 14:49:07,579 [ERROR] LogOutputStream:75 - [STDERR_REDIRECT] 	at java.desktop/java.awt.EventQueue.dispatchEvent(EventQueue.java:744)
2025-05-26 14:49:07,580 [ERROR] LogOutputStream:75 - [STDERR_REDIRECT] 	at java.desktop/java.awt.EventDispatchThread.pumpOneEventForFilters(EventDispatchThread.java:203)
2025-05-26 14:49:07,582 [ERROR] LogOutputStream:75 - [STDERR_REDIRECT] 	at java.desktop/java.awt.EventDispatchThread.pumpEventsForFilter(EventDispatchThread.java:124)
2025-05-26 14:49:07,584 [ERROR] LogOutputStream:75 - [STDERR_REDIRECT] 	at java.desktop/java.awt.EventDispatchThread.pumpEventsForHierarchy(EventDispatchThread.java:113)
2025-05-26 14:49:07,586 [ERROR] LogOutputStream:75 - [STDERR_REDIRECT] 	at java.desktop/java.awt.EventDispatchThread.pumpEvents(EventDispatchThread.java:109)
2025-05-26 14:49:07,587 [ERROR] LogOutputStream:75 - [STDERR_REDIRECT] 	at java.desktop/java.awt.EventDispatchThread.pumpEvents(EventDispatchThread.java:101)
2025-05-26 14:49:07,588 [ERROR] LogOutputStream:75 - [STDERR_REDIRECT] 	at java.desktop/java.awt.EventDispatchThread.run(EventDispatchThread.java:90)
2025-05-26 14:49:11,547 [ERROR] LogOutputStream:75 - [STDERR_REDIRECT] 
2025-05-26 14:49:11,549 [ERROR] LogOutputStream:75 - [STDERR_REDIRECT] 
2025-05-26 20:29:06,423 [INFO] Activator:176 - 


2025-05-26 20:29:06,425 [INFO] Activator:177 - !SESSION log4j initialized
2025-05-26 20:29:12,496 [INFO] LogOutputStream:77 - [STDOUT_REDIRECT] 
2025-05-26 20:29:16,637 [INFO] ApplicationProperties:184 - Using Application install path: C:\ST\STM32CubeIDE_1.14.1\STM32CubeIDE\plugins\com.st.stm32cube.common.mx_6.11.0.202403141607
2025-05-26 20:29:16,663 [INFO] DbMcusXml:78 - Set database path to: C:\ST\STM32CubeIDE_1.14.1\STM32CubeIDE\plugins\com.st.stm32cube.common.mx_6.11.0.202403141607\\db\/mcu/
2025-05-26 20:29:16,663 [INFO] ApiDb:274 - Set plugin database path to: C:\ST\STM32CubeIDE_1.14.1\STM32CubeIDE\plugins\com.st.stm32cube.common.mx_6.11.0.202403141607\\db\/plugins/boardmanager/
2025-05-26 20:29:16,663 [WARN] ApiDb:259 - Overriding images path with different value:  => C:\ST\STM32CubeIDE_1.14.1\STM32CubeIDE\plugins\com.st.stm32cube.common.mx_6.11.0.202403141607\\db\/plugins/mcufinder/images/
2025-05-26 20:29:16,676 [INFO] ApiDb:250 - Set database path to: C:\Users\axeel\.stmcufinder\plugins\mcufinder//mcu/
2025-05-26 20:29:16,677 [INFO] DbMcusAds:125 - Set database path to: C:\Users\axeel\.stmcufinder\plugins\mcufinder//mcu/
2025-05-26 20:29:16,680 [INFO] CrossReferenceDbSqlite:203 - Set database path to: C:\Users\axeel\.stmcufinder\plugins\mcufinder//mcu/cs/
2025-05-26 20:29:16,832 [INFO] RulesReader:64 - Compatibility file has been processed (297 Rules)
2025-05-26 20:29:16,979 [INFO] DbMcusXml:78 - Set database path to: C:\ST\STM32CubeIDE_1.14.1\STM32CubeIDE\plugins\com.st.stm32cube.common.mx_6.11.0.202403141607\\db\/mcu/
2025-05-26 20:29:16,979 [INFO] ApiDb:274 - Set plugin database path to: C:\ST\STM32CubeIDE_1.14.1\STM32CubeIDE\plugins\com.st.stm32cube.common.mx_6.11.0.202403141607\\db\/plugins/boardmanager/
2025-05-26 20:29:16,979 [INFO] ApiDb:261 - Set plugin images path to: C:\ST\STM32CubeIDE_1.14.1\STM32CubeIDE\plugins\com.st.stm32cube.common.mx_6.11.0.202403141607\\db\/plugins/mcufinder/images/
2025-05-26 20:29:16,980 [WARN] DbFile:41 - Overriding database path with different value: C:\Users\axeel\.stmcufinder\plugins\mcufinder/ => C:\Users\axeel\.stmcufinder\plugins\mcufinder
2025-05-26 20:29:16,980 [INFO] ApiDb:250 - Set database path to: C:\Users\axeel\.stmcufinder\plugins\mcufinder//mcu/
2025-05-26 20:29:16,980 [WARN] DbFile:41 - Overriding database path with different value: C:\Users\axeel\.stmcufinder\plugins\mcufinder/ => C:\Users\axeel\.stmcufinder\plugins\mcufinder
2025-05-26 20:29:16,980 [INFO] DbMcusAds:125 - Set database path to: C:\Users\axeel\.stmcufinder\plugins\mcufinder//mcu/
2025-05-26 20:29:16,980 [WARN] DbFile:41 - Overriding database path with different value: C:\Users\axeel\.stmcufinder\plugins\mcufinder/ => C:\Users\axeel\.stmcufinder\plugins\mcufinder
2025-05-26 20:29:16,980 [WARN] DbFile:41 - Overriding database path with different value: C:\Users\axeel\.stmcufinder\plugins\mcufinder/ => C:\Users\axeel\.stmcufinder\plugins\mcufinder
2025-05-26 20:29:16,980 [INFO] CrossReferenceDbSqlite:203 - Set database path to: C:\Users\axeel\.stmcufinder\plugins\mcufinder//mcu/cs/
2025-05-26 20:29:17,093 [INFO] MainPanel:264 - HeapMemory: 268435456
2025-05-26 20:29:17,180 [INFO] DbMcusXml:78 - Set database path to: C:\ST\STM32CubeIDE_1.14.1\STM32CubeIDE\plugins\com.st.stm32cube.common.mx_6.11.0.202403141607\\db\/mcu/
2025-05-26 20:29:17,180 [INFO] ApiDb:274 - Set plugin database path to: C:\ST\STM32CubeIDE_1.14.1\STM32CubeIDE\plugins\com.st.stm32cube.common.mx_6.11.0.202403141607\\db\/plugins/boardmanager/
2025-05-26 20:29:17,180 [INFO] ApiDb:261 - Set plugin images path to: C:\ST\STM32CubeIDE_1.14.1\STM32CubeIDE\plugins\com.st.stm32cube.common.mx_6.11.0.202403141607\\db\/plugins/mcufinder/images/
2025-05-26 20:29:17,180 [WARN] DbFile:41 - Overriding database path with different value: C:\Users\axeel\.stmcufinder\plugins\mcufinder/ => C:\Users\axeel\.stmcufinder\plugins\mcufinder
2025-05-26 20:29:17,180 [INFO] ApiDb:250 - Set database path to: C:\Users\axeel\.stmcufinder\plugins\mcufinder//mcu/
2025-05-26 20:29:17,181 [WARN] DbFile:41 - Overriding database path with different value: C:\Users\axeel\.stmcufinder\plugins\mcufinder/ => C:\Users\axeel\.stmcufinder\plugins\mcufinder
2025-05-26 20:29:17,181 [INFO] DbMcusAds:125 - Set database path to: C:\Users\axeel\.stmcufinder\plugins\mcufinder//mcu/
2025-05-26 20:29:17,181 [WARN] DbFile:41 - Overriding database path with different value: C:\Users\axeel\.stmcufinder\plugins\mcufinder/ => C:\Users\axeel\.stmcufinder\plugins\mcufinder
2025-05-26 20:29:17,181 [WARN] DbFile:41 - Overriding database path with different value: C:\Users\axeel\.stmcufinder\plugins\mcufinder/ => C:\Users\axeel\.stmcufinder\plugins\mcufinder
2025-05-26 20:29:17,181 [INFO] CrossReferenceDbSqlite:203 - Set database path to: C:\Users\axeel\.stmcufinder\plugins\mcufinder//mcu/cs/
2025-05-26 20:29:17,198 [INFO] ApplicationProperties:184 - Using Application install path: C:\ST\STM32CubeIDE_1.14.1\STM32CubeIDE\plugins\com.st.stm32cube.common.mx_6.11.0.202403141607
2025-05-26 20:29:17,200 [INFO] PluginManage:196 - Search for loadable plugins [exclusion list=, ]
2025-05-26 20:29:17,202 [INFO] PluginManage:310 - Check plugin analytics
2025-05-26 20:29:17,452 [INFO] AnalyticsPlugin:253 - Accepted Software Licenses: STM32CubeMX.6.14.0
2025-05-26 20:29:17,453 [INFO] AnalyticsPlugin:255 - Accepted CMSIS Pack Licenses: 
2025-05-26 20:29:17,453 [INFO] AnalyticsPlugin:257 - Accepted Firmware Licenses: FW.L4.1.18.0
2025-05-26 20:29:17,457 [INFO] PluginManage:359 - Loaded plugin analytics (category:tool,tabindex:-1)
2025-05-26 20:29:17,458 [INFO] PluginManage:310 - Check plugin cadmodel
2025-05-26 20:29:17,479 [INFO] CADModel:105 - Init CAD model plugin
2025-05-26 20:29:17,479 [INFO] PluginManage:359 - Loaded plugin cadmodel (category:power,tabindex:5)
2025-05-26 20:29:17,479 [INFO] PluginManage:310 - Check plugin clock
2025-05-26 20:29:17,512 [INFO] PluginManage:359 - Loaded plugin clock (category:base,tabindex:2)
2025-05-26 20:29:17,512 [INFO] PluginManage:310 - Check plugin ddr
2025-05-26 20:29:17,515 [INFO] PluginManage:359 - Loaded plugin ddr (category:tool,tabindex:6)
2025-05-26 20:29:17,515 [INFO] PluginManage:310 - Check plugin filemanager
2025-05-26 20:29:17,684 [INFO] PluginManage:359 - Loaded plugin filemanager (category:base,tabindex:10)
2025-05-26 20:29:17,684 [INFO] PluginManage:310 - Check plugin ipmanager
2025-05-26 20:29:17,690 [INFO] PluginManage:359 - Loaded plugin ipmanager (category:base,tabindex:5)
2025-05-26 20:29:17,691 [INFO] PluginManage:310 - Check plugin lpbam
2025-05-26 20:29:17,710 [INFO] PluginManage:359 - Loaded plugin lpbam (category:base,tabindex:0)
2025-05-26 20:29:17,711 [INFO] PluginManage:310 - Check plugin memorymap
2025-05-26 20:29:17,736 [INFO] PluginManage:359 - Loaded plugin memorymap (category:base,tabindex:4)
2025-05-26 20:29:17,736 [INFO] PluginManage:310 - Check plugin pinoutandconfiguration
2025-05-26 20:29:17,757 [INFO] PluginManage:359 - Loaded plugin pinoutandconfiguration (category:base,tabindex:1)
2025-05-26 20:29:17,757 [INFO] PluginManage:310 - Check plugin pinoutconfig
2025-05-26 20:29:17,857 [WARN] SupportedApi:132 - Cannot load RTOS API schema: s4s-elt-must-match.1: The content of 'definitions' must match (annotation?, (simpleType | complexType)?, (unique | key | keyref)*)). A problem was found starting at: attribute.
2025-05-26 20:29:17,978 [INFO] PluginManage:359 - Loaded plugin pinoutconfig (category:base,tabindex:0)
2025-05-26 20:29:17,979 [INFO] PluginManage:310 - Check plugin power
2025-05-26 20:29:18,006 [INFO] PluginManage:359 - Loaded plugin power (category:power,tabindex:4)
2025-05-26 20:29:18,006 [INFO] PluginManage:310 - Check plugin projectmanager
2025-05-26 20:29:18,027 [INFO] PluginManage:359 - Loaded plugin projectmanager (category:projectmanager,tabindex:3)
2025-05-26 20:29:18,028 [INFO] PluginManage:310 - Check plugin thirdparty
2025-05-26 20:29:18,273 [INFO] PluginManage:359 - Loaded plugin thirdparty (category:base,tabindex:-1)
2025-05-26 20:29:18,273 [INFO] PluginManage:310 - Check plugin tools
2025-05-26 20:29:18,273 [WARN] IntegrityCheckThread:84 - waiting for thirdparty lock release [integrity check]
2025-05-26 20:29:18,273 [INFO] IntegrityCheckThread:86 - entering critical section [integrity check]
2025-05-26 20:29:18,274 [INFO] ThirdPartyUpdaterWithRetryManager:70 - Updater plugin not ready yet. [1/15]
2025-05-26 20:29:18,314 [INFO] PluginManage:359 - Loaded plugin tools (category:base,tabindex:7)
2025-05-26 20:29:18,314 [INFO] PluginManage:310 - Check plugin tutovideos
2025-05-26 20:29:18,480 [INFO] PluginManage:359 - Loaded plugin tutovideos (category:base,tabindex:-1)
2025-05-26 20:29:18,480 [INFO] PluginManage:310 - Check plugin updater
2025-05-26 20:29:18,495 [INFO] PluginManage:359 - Loaded plugin updater (category:base,tabindex:12)
2025-05-26 20:29:18,496 [INFO] PluginManage:310 - Check plugin userauth
2025-05-26 20:29:18,502 [INFO] UserAuth:114 - Init User Auth plugin
2025-05-26 20:29:18,502 [INFO] PluginManage:359 - Loaded plugin userauth (category:base,tabindex:14)
2025-05-26 20:29:18,503 [INFO] PluginManage:283 - PluginManage : Loaded plugins [17]
2025-05-26 20:29:18,751 [INFO] PinOutPanel:1561 - setPackage(No Configuration,No Configuration)
2025-05-26 20:29:18,850 [INFO] CADModel:165 - CPN selected for project level
2025-05-26 20:29:18,850 [INFO] CADModel:114 - Register for checkConnection events
2025-05-26 20:29:18,880 [INFO] IPUIPlugin:80 - create IPUIPlugin
2025-05-26 20:29:18,880 [INFO] PluginManager:220 - loadIPPluginJar : add adc
2025-05-26 20:29:18,920 [INFO] IPUIPlugin:80 - create IPUIPlugin
2025-05-26 20:29:18,921 [INFO] PluginManager:220 - loadIPPluginJar : add aes
2025-05-26 20:29:18,968 [INFO] IPUIPlugin:80 - create IPUIPlugin
2025-05-26 20:29:18,968 [INFO] PluginManager:220 - loadIPPluginJar : add can
2025-05-26 20:29:18,994 [INFO] IPUIPlugin:80 - create IPUIPlugin
2025-05-26 20:29:18,994 [INFO] PluginManager:220 - loadIPPluginJar : add comp
2025-05-26 20:29:19,030 [INFO] IPUIPlugin:80 - create IPUIPlugin
2025-05-26 20:29:19,030 [INFO] PluginManager:220 - loadIPPluginJar : add cryp
2025-05-26 20:29:19,065 [INFO] IPUIPlugin:80 - create IPUIPlugin
2025-05-26 20:29:19,065 [INFO] PluginManager:220 - loadIPPluginJar : add dfsdm
2025-05-26 20:29:19,081 [INFO] IPUIPlugin:80 - create IPUIPlugin
2025-05-26 20:29:19,081 [INFO] PluginManager:220 - loadIPPluginJar : add dma
2025-05-26 20:29:19,128 [INFO] IPUIPlugin:80 - create IPUIPlugin
2025-05-26 20:29:19,129 [INFO] PluginManager:220 - loadIPPluginJar : add dma3
2025-05-26 20:29:19,177 [INFO] IPUIPlugin:80 - create IPUIPlugin
2025-05-26 20:29:19,178 [INFO] PluginManager:220 - loadIPPluginJar : add extmemmanager
2025-05-26 20:29:19,202 [INFO] IPUIPlugin:80 - create IPUIPlugin
2025-05-26 20:29:19,202 [INFO] PluginManager:220 - loadIPPluginJar : add fatfs
2025-05-26 20:29:19,266 [INFO] IPUIPlugin:80 - create IPUIPlugin
2025-05-26 20:29:19,266 [INFO] PluginManager:220 - loadIPPluginJar : add fmc
2025-05-26 20:29:19,282 [INFO] IPUIPlugin:80 - create IPUIPlugin
2025-05-26 20:29:19,282 [INFO] PluginManager:220 - loadIPPluginJar : add freertos
2025-05-26 20:29:19,307 [INFO] IPUIPlugin:80 - create IPUIPlugin
2025-05-26 20:29:19,307 [INFO] PluginManager:220 - loadIPPluginJar : add genericplugin
2025-05-26 20:29:19,418 [INFO] IPUIPlugin:80 - create IPUIPlugin
2025-05-26 20:29:19,418 [INFO] PluginManager:220 - loadIPPluginJar : add gfxmmu
2025-05-26 20:29:19,577 [INFO] IPUIPlugin:80 - create IPUIPlugin
2025-05-26 20:29:19,577 [INFO] PluginManager:220 - loadIPPluginJar : add gic
2025-05-26 20:29:19,592 [INFO] IPUIPlugin:80 - create IPUIPlugin
2025-05-26 20:29:19,592 [INFO] PluginManager:220 - loadIPPluginJar : add gpio
2025-05-26 20:29:19,695 [INFO] IPUIPlugin:80 - create IPUIPlugin
2025-05-26 20:29:19,695 [INFO] PluginManager:220 - loadIPPluginJar : add gtzc
2025-05-26 20:29:19,737 [INFO] IPUIPlugin:80 - create IPUIPlugin
2025-05-26 20:29:19,737 [INFO] PluginManager:220 - loadIPPluginJar : add hash
2025-05-26 20:29:19,799 [INFO] IPUIPlugin:80 - create IPUIPlugin
2025-05-26 20:29:19,800 [INFO] PluginManager:220 - loadIPPluginJar : add i2c
2025-05-26 20:29:19,848 [INFO] IPUIPlugin:80 - create IPUIPlugin
2025-05-26 20:29:19,848 [INFO] PluginManager:220 - loadIPPluginJar : add i2s
2025-05-26 20:29:19,899 [INFO] IPUIPlugin:80 - create IPUIPlugin
2025-05-26 20:29:19,899 [INFO] PluginManager:220 - loadIPPluginJar : add i3c
2025-05-26 20:29:20,022 [INFO] IPUIPlugin:80 - create IPUIPlugin
2025-05-26 20:29:20,022 [INFO] PluginManager:220 - loadIPPluginJar : add ipddr
2025-05-26 20:29:20,135 [INFO] IPUIPlugin:80 - create IPUIPlugin
2025-05-26 20:29:20,135 [INFO] PluginManager:220 - loadIPPluginJar : add linkedlist
2025-05-26 20:29:20,182 [INFO] IPUIPlugin:80 - create IPUIPlugin
2025-05-26 20:29:20,182 [INFO] PluginManager:220 - loadIPPluginJar : add lorawan
2025-05-26 20:29:20,235 [INFO] IPUIPlugin:80 - create IPUIPlugin
2025-05-26 20:29:20,235 [INFO] PluginManager:220 - loadIPPluginJar : add ltdc
2025-05-26 20:29:20,250 [INFO] IPUIPlugin:80 - create IPUIPlugin
2025-05-26 20:29:20,252 [INFO] PluginManager:220 - loadIPPluginJar : add mdma
2025-05-26 20:29:20,264 [INFO] IPUIPlugin:80 - create IPUIPlugin
2025-05-26 20:29:20,264 [INFO] PluginManager:220 - loadIPPluginJar : add nvic
2025-05-26 20:29:20,303 [INFO] IPUIPlugin:80 - create IPUIPlugin
2025-05-26 20:29:20,304 [INFO] PluginManager:220 - loadIPPluginJar : add opamp
2025-05-26 20:29:20,379 [INFO] IPUIPlugin:80 - create IPUIPlugin
2025-05-26 20:29:20,380 [INFO] PluginManager:220 - loadIPPluginJar : add openamp
2025-05-26 20:29:20,442 [INFO] IPUIPlugin:80 - create IPUIPlugin
2025-05-26 20:29:20,442 [INFO] PluginManager:220 - loadIPPluginJar : add pdm2pcm
2025-05-26 20:29:20,459 [INFO] IPUIPlugin:80 - create IPUIPlugin
2025-05-26 20:29:20,461 [INFO] PluginManager:220 - loadIPPluginJar : add plateformsettings
2025-05-26 20:29:20,491 [INFO] IPUIPlugin:80 - create IPUIPlugin
2025-05-26 20:29:20,491 [INFO] PluginManager:220 - loadIPPluginJar : add quadspi
2025-05-26 20:29:20,505 [INFO] IPUIPlugin:80 - create IPUIPlugin
2025-05-26 20:29:20,505 [INFO] PluginManager:220 - loadIPPluginJar : add resmgrutility
2025-05-26 20:29:20,559 [INFO] IPUIPlugin:80 - create IPUIPlugin
2025-05-26 20:29:20,559 [INFO] PluginManager:220 - loadIPPluginJar : add sai
2025-05-26 20:29:20,604 [INFO] IPUIPlugin:80 - create IPUIPlugin
2025-05-26 20:29:20,604 [INFO] PluginManager:220 - loadIPPluginJar : add spi
2025-05-26 20:29:20,680 [INFO] IPUIPlugin:80 - create IPUIPlugin
2025-05-26 20:29:20,680 [INFO] PluginManager:220 - loadIPPluginJar : add stm32_wpan
2025-05-26 20:29:20,707 [INFO] IPUIPlugin:80 - create IPUIPlugin
2025-05-26 20:29:20,707 [INFO] PluginManager:220 - loadIPPluginJar : add tim
2025-05-26 20:29:20,767 [INFO] IPUIPlugin:80 - create IPUIPlugin
2025-05-26 20:29:20,767 [INFO] PluginManager:220 - loadIPPluginJar : add touchsensing
2025-05-26 20:29:20,793 [INFO] IPUIPlugin:80 - create IPUIPlugin
2025-05-26 20:29:20,794 [INFO] PluginManager:220 - loadIPPluginJar : add tracer_emb
2025-05-26 20:29:20,819 [INFO] IPUIPlugin:80 - create IPUIPlugin
2025-05-26 20:29:20,819 [INFO] PluginManager:220 - loadIPPluginJar : add ts
2025-05-26 20:29:20,844 [INFO] IPUIPlugin:80 - create IPUIPlugin
2025-05-26 20:29:20,844 [INFO] PluginManager:220 - loadIPPluginJar : add tsc
2025-05-26 20:29:20,867 [INFO] IPUIPlugin:80 - create IPUIPlugin
2025-05-26 20:29:20,867 [INFO] PluginManager:220 - loadIPPluginJar : add ucpd
2025-05-26 20:29:20,910 [INFO] IPUIPlugin:80 - create IPUIPlugin
2025-05-26 20:29:20,910 [INFO] PluginManager:220 - loadIPPluginJar : add usart
2025-05-26 20:29:20,954 [INFO] IPUIPlugin:80 - create IPUIPlugin
2025-05-26 20:29:20,954 [INFO] PluginManager:220 - loadIPPluginJar : add usbx
2025-05-26 20:29:21,067 [INFO] CADModel:165 - CPN selected for project level
2025-05-26 20:29:21,067 [INFO] CADModel:114 - Register for checkConnection events
2025-05-26 20:29:21,067 [FATAL] Updater:308 - Updater called before beeing initialized
2025-05-26 20:29:21,067 [ERROR] CADModel:125 - Updater not yet initialized, retry later 
2025-05-26 20:29:21,275 [INFO] ThirdPartyUpdaterWithRetryManager:70 - Updater plugin not ready yet. [2/15]
2025-05-26 20:29:21,288 [INFO] CADModel:165 - CPN selected for project level
2025-05-26 20:29:21,288 [INFO] CADModel:114 - Register for checkConnection events
2025-05-26 20:29:21,288 [FATAL] Updater:308 - Updater called before beeing initialized
2025-05-26 20:29:21,288 [ERROR] CADModel:125 - Updater not yet initialized, retry later 
2025-05-26 20:29:21,299 [FATAL] Updater:308 - Updater called before beeing initialized
2025-05-26 20:29:21,492 [FATAL] Updater:308 - Updater called before beeing initialized
2025-05-26 20:29:21,499 [INFO] DbMcusAds:53 - JSON generation date=Wed May 07 11:07:55 CEST 2025 (1746608875638)
2025-05-26 20:29:21,500 [FATAL] Updater:308 - Updater called before beeing initialized
2025-05-26 20:29:21,638 [WARN] DetailPanel:346 - Failed to get advertising image, set to default
2025-05-26 20:29:21,743 [FATAL] Updater:308 - Updater called before beeing initialized
2025-05-26 20:29:21,745 [FATAL] Updater:308 - Updater called before beeing initialized
2025-05-26 20:29:21,745 [FATAL] Updater:308 - Updater called before beeing initialized
2025-05-26 20:29:21,745 [WARN] DetailPanel:346 - Failed to get advertising image, set to default
2025-05-26 20:29:21,746 [FATAL] Updater:308 - Updater called before beeing initialized
2025-05-26 20:29:21,860 [ERROR] Updater:1120 - MainUpdater not yet initialized. External WinMGr cannot be set.
2025-05-26 20:29:21,877 [INFO] Updater:1056 - Updater Version found : 6.11.0
2025-05-26 20:29:21,907 [INFO] ApplicationProperties:184 - Using Application install path: C:\ST\STM32CubeIDE_1.14.1\STM32CubeIDE\plugins\com.st.stm32cube.common.mx_6.11.0.202403141607
2025-05-26 20:29:23,481 [ERROR] LogOutputStream:75 - [STDERR_REDIRECT] May 26, 2025 8:29:23 PM java.util.prefs.WindowsPreferences <init>
2025-05-26 20:29:23,485 [ERROR] LogOutputStream:75 - [STDERR_REDIRECT] WARNING: Could not open/create prefs root node Software\JavaSoft\Prefs at root 0xffffffff80000002. Windows RegCreateKeyEx(...) returned error code 5.
2025-05-26 20:29:23,485 [ERROR] LogOutputStream:75 - [STDERR_REDIRECT] 
2025-05-26 20:29:23,545 [INFO] MainUpdater:526 - Copy updater definitions from MX database
2025-05-26 20:29:23,927 [INFO] MainUpdater:2873 - connection check result : 10
2025-05-26 20:29:23,927 [INFO] MainUpdater:3567 - Updater definition file requires update
2025-05-26 20:29:23,928 [INFO] MainUpdater:290 - Updater Check For Update Now.
2025-05-26 20:29:23,928 [INFO] MicroXplorer:498 - Change Database Version : DB.6.0.110
2025-05-26 20:29:23,947 [INFO] McuFinderGlobals:63 - Set McuFinder mode to 2 (CubeIDE integrated)
2025-05-26 20:29:23,958 [INFO] UserAuth:415 - Internet connection configuration mode: 1
2025-05-26 20:29:23,972 [INFO] JxBrowserEngine:152 - Initiate JxBrowser Engine with user profile folder
2025-05-26 20:29:24,132 [INFO] ServerAccessManage:473 - Download File updaters.zip
2025-05-26 20:29:24,275 [WARN] MainUpdater:1194 - Updater busy. Cannot search thirdparties
2025-05-26 20:29:24,275 [INFO] ThirdPartyUpdaterWithRetryManager:96 - Updater plugin is busy. [1/15]
2025-05-26 20:29:24,330 [INFO] FileExtend:240 - Unzip File : updaters.zip
2025-05-26 20:29:24,330 [INFO] FileExtend:255 - Standard Zip Deflate
2025-05-26 20:29:25,073 [INFO] ServerAccessManage:473 - Download File PacksControlFlags.xml
2025-05-26 20:29:25,215 [INFO] ServerAccessManage:473 - Download File cubemx.pidx
2025-05-26 20:29:25,445 [INFO] LoadServerUpdatesThread:375 - End of LoadServerUpdate Thread
2025-05-26 20:29:25,714 [INFO] CheckServerUpdateThread:120 - End of CheckServer Thread
2025-05-26 20:29:27,534 [WARN] PackLoader:240 - Cannot read IP mode file for STMicroelectronics.FP-SNS-MOTENVWB1.1.4.0
2025-05-26 20:29:27,544 [WARN] PackLoader:240 - Cannot read IP mode file for STMicroelectronics.FP-ATR-ASTRA1.2.0.2
2025-05-26 20:29:27,547 [WARN] PackLoader:240 - Cannot read IP mode file for STMicroelectronics.FP-ATR-ASTRA1.2.0.1
2025-05-26 20:29:27,557 [WARN] PackLoader:240 - Cannot read IP mode file for STMicroelectronics.X-CUBE-SMBUS.2.1.0
2025-05-26 20:29:27,566 [WARN] PackLoader:240 - Cannot read IP mode file for STMicroelectronics.X-CUBE-WB05N.1.1.0
2025-05-26 20:29:27,571 [ERROR] Engine:466 - C:\Users\axeel\.stm32cubemx\thirdparties\pdsc\STMicroelectronics.X-CUBE-ST60.1.0.0.pdsc: PDSC version is not supported
2025-05-26 20:29:27,578 [WARN] PackLoader:240 - Cannot read IP mode file for STMicroelectronics.X-CUBE-TOUCHGFX.4.23.0
2025-05-26 20:29:27,580 [WARN] PackLoader:240 - Cannot read IP mode file for STMicroelectronics.X-CUBE-TOUCHGFX.4.23.2
2025-05-26 20:29:27,606 [WARN] PackLoader:240 - Cannot read IP mode file for STMicroelectronics.X-CUBE-AZRTOS-F7.1.1.0
2025-05-26 20:29:27,615 [WARN] PackLoader:240 - Cannot read IP mode file for STMicroelectronics.FP-SNS-MOTENV1.4.3.2
2025-05-26 20:29:27,660 [WARN] PackLoader:240 - Cannot read IP mode file for STMicroelectronics.X-CUBE-MEMS1.11.0.0
2025-05-26 20:29:27,781 [WARN] PackLoader:240 - Cannot read IP mode file for STMicroelectronics.FP-SNS-FLIGHT1.5.0.2
2025-05-26 20:29:27,789 [WARN] PackLoader:240 - Cannot read IP mode file for STMicroelectronics.X-CUBE-DISPLAY.3.0.0
2025-05-26 20:29:27,797 [WARN] PackLoader:240 - Cannot read IP mode file for STMicroelectronics.X-CUBE-BLE1.7.0.0
2025-05-26 20:29:27,805 [WARN] PackLoader:240 - Cannot read IP mode file for STMicroelectronics.X-CUBE-NFC10.1.0.0
2025-05-26 20:29:27,812 [WARN] PackLoader:240 - Cannot read IP mode file for STMicroelectronics.X-CUBE-BLEMGR.4.0.0
2025-05-26 20:29:27,818 [WARN] PackLoader:240 - Cannot read IP mode file for emotas.I-CUBE-CANOPEN.1.3.0
2025-05-26 20:29:27,824 [WARN] PackLoader:240 - Cannot read IP mode file for STMicroelectronics.X-CUBE-BLEMGR.3.1.0
2025-05-26 20:29:27,829 [WARN] PackLoader:240 - Cannot read IP mode file for STMicroelectronics.X-CUBE-AI.10.0.0
2025-05-26 20:29:27,837 [WARN] PackLoader:240 - Cannot read IP mode file for STMicroelectronics.FP-SNS-SMARTAG2.1.2.0
2025-05-26 20:29:27,840 [ERROR] Engine:466 - C:\Users\axeel\.stm32cubemx\thirdparties\pdsc\STMicroelectronics.FP-SNS-FLIGHT1.5.1.0.pdsc: PDSC version is not supported
2025-05-26 20:29:27,876 [WARN] PackLoader:240 - Cannot read IP mode file for STMicroelectronics.X-CUBE-MEMS1.11.1.0
2025-05-26 20:29:27,974 [INFO] LogOutputStream:77 - [STDOUT_REDIRECT] 1 : Invalid condition id : UX_CORESTACK_Condition cause : null
2025-05-26 20:29:27,976 [INFO] LogOutputStream:77 - [STDOUT_REDIRECT] 1 : Invalid condition id : UX_CORESTACK_Condition cause : null
2025-05-26 20:29:27,977 [INFO] LogOutputStream:77 - [STDOUT_REDIRECT] 1 : Invalid condition id : UX_CORESTACK_Condition cause : null
2025-05-26 20:29:27,978 [INFO] LogOutputStream:77 - [STDOUT_REDIRECT] 1 : Invalid condition id : UX_CORESTACK_Condition cause : null
2025-05-26 20:29:27,979 [INFO] LogOutputStream:77 - [STDOUT_REDIRECT] 1 : Invalid condition id : UX_CORESTACK_Condition cause : null
2025-05-26 20:29:27,981 [WARN] PackLoader:240 - Cannot read IP mode file for STMicroelectronics.X-CUBE-AZRTOS-WL.2.0.0
2025-05-26 20:29:27,986 [WARN] PackLoader:240 - Cannot read IP mode file for STMicroelectronics.FP-SNS-MOTENV1.5.0.0
2025-05-26 20:29:27,993 [WARN] PackLoader:240 - Cannot read IP mode file for wolfSSL.I-CUBE-wolfMQTT.1.19.0
2025-05-26 20:29:28,001 [WARN] PackLoader:240 - Cannot read IP mode file for WES.I-CUBE-Cesium.1.3.0
2025-05-26 20:29:28,008 [WARN] PackLoader:240 - Cannot read IP mode file for STMicroelectronics.X-CUBE-BLE2.3.3.0
2025-05-26 20:29:28,014 [WARN] PackLoader:240 - Cannot read IP mode file for STMicroelectronics.X-CUBE-NFC9.1.0.0
2025-05-26 20:29:28,019 [WARN] PackLoader:240 - Cannot read IP mode file for STMicroelectronics.X-CUBE-BLE1.7.1.0
2025-05-26 20:29:28,028 [WARN] PackLoader:240 - Cannot read IP mode file for STMicroelectronics.X-CUBE-TCPP.4.1.0
2025-05-26 20:29:28,036 [WARN] PackLoader:240 - Cannot read IP mode file for STMicroelectronics.X-CUBE-ALGOBUILD.1.3.0
2025-05-26 20:29:28,067 [WARN] PackLoader:240 - Cannot read IP mode file for STMicroelectronics.X-CUBE-MEMS1.11.2.0
2025-05-26 20:29:28,180 [WARN] PackLoader:240 - Cannot read IP mode file for STMicroelectronics.X-CUBE-AZRTOS-G0.1.1.0
2025-05-26 20:29:28,188 [WARN] PackLoader:240 - Cannot read IP mode file for STMicroelectronics.X-CUBE-SAFEA1.1.2.2
2025-05-26 20:29:28,194 [WARN] PackLoader:240 - Cannot read IP mode file for STMicroelectronics.X-CUBE-NFC4.3.0.0
2025-05-26 20:29:28,197 [WARN] PackLoader:240 - Cannot read IP mode file for wolfSSL.I-CUBE-wolfMQTT.1.18.0
2025-05-26 20:29:28,208 [WARN] PackLoader:240 - Cannot read IP mode file for EmbeddedOffice.I-CUBE-FS-RTOS.1.0.1
2025-05-26 20:29:28,208 [ERROR] ConditionMgr:805 - Attr not supported : Dmpu
2025-05-26 20:29:28,208 [ERROR] ConditionMgr:805 - Attr not supported : Dmpu
2025-05-26 20:29:28,208 [ERROR] ConditionMgr:805 - Attr not supported : Dmpu
2025-05-26 20:29:28,208 [ERROR] ConditionMgr:805 - Attr not supported : Dmpu
2025-05-26 20:29:28,208 [ERROR] ConditionMgr:805 - Attr not supported : Dmpu
2025-05-26 20:29:28,208 [ERROR] ConditionMgr:805 - Attr not supported : Dmpu
2025-05-26 20:29:28,208 [ERROR] ConditionMgr:805 - Attr not supported : Dmpu
2025-05-26 20:29:28,208 [ERROR] ConditionMgr:805 - Attr not supported : Dmpu
2025-05-26 20:29:28,208 [ERROR] ConditionMgr:805 - Attr not supported : Dmpu
2025-05-26 20:29:28,208 [ERROR] ConditionMgr:805 - Attr not supported : Dmpu
2025-05-26 20:29:28,208 [ERROR] ConditionMgr:805 - Attr not supported : Dmpu
2025-05-26 20:29:28,208 [ERROR] ConditionMgr:805 - Attr not supported : Dmpu
2025-05-26 20:29:28,208 [ERROR] ConditionMgr:805 - Attr not supported : Dmpu
2025-05-26 20:29:28,208 [ERROR] ConditionMgr:805 - Attr not supported : Dmpu
2025-05-26 20:29:28,208 [ERROR] ConditionMgr:805 - Attr not supported : Dmpu
2025-05-26 20:29:28,208 [ERROR] ConditionMgr:805 - Attr not supported : Dmpu
2025-05-26 20:29:28,208 [ERROR] ConditionMgr:805 - Attr not supported : Dmpu
2025-05-26 20:29:28,208 [ERROR] ConditionMgr:805 - Attr not supported : Dmpu
2025-05-26 20:29:28,209 [ERROR] ConditionMgr:805 - Attr not supported : Dmpu
2025-05-26 20:29:28,209 [ERROR] ConditionMgr:805 - Attr not supported : Dmpu
2025-05-26 20:29:28,209 [ERROR] ConditionMgr:805 - Attr not supported : Dmpu
2025-05-26 20:29:28,209 [ERROR] ConditionMgr:805 - Attr not supported : Dmpu
2025-05-26 20:29:28,209 [ERROR] ConditionMgr:805 - Attr not supported : Dmpu
2025-05-26 20:29:28,209 [ERROR] ConditionMgr:805 - Attr not supported : Dmpu
2025-05-26 20:29:28,209 [ERROR] ConditionMgr:805 - Attr not supported : Dmpu
2025-05-26 20:29:28,209 [ERROR] ConditionMgr:805 - Attr not supported : Dmpu
2025-05-26 20:29:28,209 [ERROR] ConditionMgr:805 - Attr not supported : Dmpu
2025-05-26 20:29:28,209 [ERROR] ConditionMgr:805 - Attr not supported : Dmpu
2025-05-26 20:29:28,209 [ERROR] ConditionMgr:805 - Attr not supported : Dmpu
2025-05-26 20:29:28,209 [ERROR] ConditionMgr:805 - Attr not supported : Dmpu
2025-05-26 20:29:28,209 [ERROR] ConditionMgr:805 - Attr not supported : Dmpu
2025-05-26 20:29:28,209 [ERROR] ConditionMgr:805 - Attr not supported : Dmpu
2025-05-26 20:29:28,209 [ERROR] ConditionMgr:805 - Attr not supported : Dmpu
2025-05-26 20:29:28,209 [ERROR] ConditionMgr:805 - Attr not supported : Dmpu
2025-05-26 20:29:28,209 [ERROR] ConditionMgr:805 - Attr not supported : Dmpu
2025-05-26 20:29:28,209 [ERROR] ConditionMgr:805 - Attr not supported : Dmpu
2025-05-26 20:29:28,209 [ERROR] ConditionMgr:805 - Attr not supported : Dmpu
2025-05-26 20:29:28,209 [ERROR] ConditionMgr:805 - Attr not supported : Dmpu
2025-05-26 20:29:28,209 [ERROR] ConditionMgr:805 - Attr not supported : Dmpu
2025-05-26 20:29:28,209 [ERROR] ConditionMgr:805 - Attr not supported : Dmpu
2025-05-26 20:29:28,209 [ERROR] ConditionMgr:805 - Attr not supported : Dmpu
2025-05-26 20:29:28,209 [ERROR] ConditionMgr:805 - Attr not supported : Dmpu
2025-05-26 20:29:28,209 [ERROR] ConditionMgr:805 - Attr not supported : Dmpu
2025-05-26 20:29:28,209 [ERROR] ConditionMgr:805 - Attr not supported : Dmpu
2025-05-26 20:29:28,209 [ERROR] ConditionMgr:805 - Attr not supported : Dmpu
2025-05-26 20:29:28,209 [ERROR] ConditionMgr:805 - Attr not supported : Dmpu
2025-05-26 20:29:28,209 [ERROR] ConditionMgr:805 - Attr not supported : Dmpu
2025-05-26 20:29:28,209 [ERROR] ConditionMgr:805 - Attr not supported : Dmpu
2025-05-26 20:29:28,210 [ERROR] ConditionMgr:805 - Attr not supported : Dmpu
2025-05-26 20:29:28,210 [ERROR] ConditionMgr:805 - Attr not supported : Dmpu
2025-05-26 20:29:28,210 [ERROR] ConditionMgr:805 - Attr not supported : Dmpu
2025-05-26 20:29:28,210 [ERROR] ConditionMgr:805 - Attr not supported : Dmpu
2025-05-26 20:29:28,210 [ERROR] ConditionMgr:805 - Attr not supported : Dmpu
2025-05-26 20:29:28,210 [ERROR] ConditionMgr:805 - Attr not supported : Dmpu
2025-05-26 20:29:28,210 [ERROR] ConditionMgr:805 - Attr not supported : Dmpu
2025-05-26 20:29:28,210 [ERROR] ConditionMgr:805 - Attr not supported : Dmpu
2025-05-26 20:29:28,210 [ERROR] ConditionMgr:805 - Attr not supported : Dmpu
2025-05-26 20:29:28,210 [ERROR] ConditionMgr:805 - Attr not supported : Dmpu
2025-05-26 20:29:28,210 [ERROR] ConditionMgr:805 - Attr not supported : Dmpu
2025-05-26 20:29:28,210 [ERROR] ConditionMgr:805 - Attr not supported : Dmpu
2025-05-26 20:29:28,210 [ERROR] ConditionMgr:805 - Attr not supported : Dmpu
2025-05-26 20:29:28,210 [ERROR] ConditionMgr:805 - Attr not supported : Dmpu
2025-05-26 20:29:28,210 [ERROR] ConditionMgr:805 - Attr not supported : Dmpu
2025-05-26 20:29:28,210 [ERROR] ConditionMgr:805 - Attr not supported : Dmpu
2025-05-26 20:29:28,214 [WARN] PackLoader:240 - Cannot read IP mode file for STMicroelectronics.X-CUBE-WB05N.2.0.0
2025-05-26 20:29:28,216 [ERROR] Engine:466 - C:\Users\axeel\.stm32cubemx\thirdparties\pdsc\STMicroelectronics.X-CUBE-TCPP.4.2.0.pdsc: PDSC version is not supported
2025-05-26 20:29:28,223 [WARN] PackLoader:240 - Cannot read IP mode file for RealThread.X-CUBE-RT-Thread_Nano.4.1.1
2025-05-26 20:29:28,227 [WARN] PackLoader:240 - Cannot read IP mode file for STMicroelectronics.FP-ATR-SIGFOX1.3.2.0
2025-05-26 20:29:28,234 [WARN] ConditionMgr:438 - getConditionDescription Invalid condition id : Cortex-A Device cause : null
2025-05-26 20:29:28,264 [WARN] ConditionMgr:1039 - genDependencies : Invalid condition id : Cortex-A Device cause : null
2025-05-26 20:29:28,264 [WARN] ConditionMgr:1039 - genDependencies : Invalid condition id : Cortex-A Device cause : null
2025-05-26 20:29:28,265 [WARN] ConditionMgr:1039 - genDependencies : Invalid condition id : Cortex-A Device cause : null
2025-05-26 20:29:28,272 [WARN] PackLoader:240 - Cannot read IP mode file for STMicroelectronics.X-CUBE-EEPRMA1.5.1.0
2025-05-26 20:29:28,297 [WARN] PackLoader:240 - Cannot read IP mode file for SEGGER.I-CUBE-embOS.1.3.1
2025-05-26 20:29:28,326 [WARN] PackLoader:240 - Cannot read IP mode file for STMicroelectronics.X-CUBE-ALGOBUILD.1.4.0
2025-05-26 20:29:28,333 [WARN] PackLoader:240 - Cannot read IP mode file for STMicroelectronics.X-CUBE-AI.9.1.0
2025-05-26 20:29:28,344 [WARN] PackLoader:240 - Cannot read IP mode file for STMicroelectronics.X-CUBE-GNSS1.6.0.0
2025-05-26 20:29:28,375 [WARN] PackLoader:240 - Cannot read IP mode file for STMicroelectronics.X-CUBE-AZRTOS-F4.1.1.0
2025-05-26 20:29:28,416 [ERROR] Engine:466 - C:\Users\axeel\.stm32cubemx\thirdparties\pdsc\Avnet-IotConnect.X-CUBE-IoTC-DA16k-PMOD.1.0.0.pdsc: PDSC version is not supported
2025-05-26 20:29:28,427 [WARN] PackLoader:240 - Cannot read IP mode file for STMicroelectronics.X-CUBE-ISPU.2.1.0
2025-05-26 20:29:28,448 [WARN] PackLoader:240 - Cannot read IP mode file for STMicroelectronics.X-CUBE-FREERTOS.1.2.0
2025-05-26 20:29:28,479 [WARN] PackLoader:240 - Cannot read IP mode file for wolfSSL.I-CUBE-wolfSSL.5.6.6
2025-05-26 20:29:28,511 [WARN] PackLoader:240 - Cannot read IP mode file for STMicroelectronics.X-CUBE-AZRTOS-L5.2.0.0
2025-05-26 20:29:28,530 [WARN] PackLoader:240 - Cannot read IP mode file for STMicroelectronics.X-CUBE-NFC6.3.1.0
2025-05-26 20:29:28,550 [WARN] PackLoader:240 - Cannot read IP mode file for ITTIA_DB.I-CUBE-ITTIADB.8.8.0
2025-05-26 20:29:28,560 [WARN] PackLoader:240 - Cannot read IP mode file for STMicroelectronics.X-CUBE-DPower.1.2.0
2025-05-26 20:29:28,568 [WARN] PackLoader:240 - Cannot read IP mode file for STMicroelectronics.X-CUBE-AI.9.0.0
2025-05-26 20:29:28,576 [WARN] PackLoader:240 - Cannot read IP mode file for STMicroelectronics.X-CUBE-FREERTOS.1.3.1
2025-05-26 20:29:28,586 [WARN] PackLoader:240 - Cannot read IP mode file for STMicroelectronics.X-CUBE-FREERTOS.1.3.0
2025-05-26 20:29:28,595 [WARN] PackLoader:240 - Cannot read IP mode file for STMicroelectronics.X-CUBE-NFC7.1.0.1
2025-05-26 20:29:28,604 [WARN] PackLoader:240 - Cannot read IP mode file for wolfSSL.I-CUBE-wolfTPM.3.2.0
2025-05-26 20:29:28,615 [WARN] PackLoader:240 - Cannot read IP mode file for STMicroelectronics.X-CUBE-NFC6.3.0.0
2025-05-26 20:29:28,627 [WARN] PackLoader:240 - Cannot read IP mode file for STMicroelectronics.X-CUBE-DPower.1.3.0
2025-05-26 20:29:28,632 [WARN] PackLoader:240 - Cannot read IP mode file for STMicroelectronics.X-CUBE-AI.8.1.0
2025-05-26 20:29:28,651 [WARN] ConditionMgr:438 - getConditionDescription Invalid condition id : LAN8742 Phy interface Condition cause : null
2025-05-26 20:29:28,652 [WARN] PackLoader:240 - Cannot read IP mode file for STMicroelectronics.X-CUBE-AZRTOS-L4.2.0.0
2025-05-26 20:29:28,654 [WARN] ConditionMgr:1039 - genDependencies : Invalid condition id : LAN8742 Phy interface Condition cause : null
2025-05-26 20:29:28,654 [WARN] ConditionMgr:1039 - genDependencies : Invalid condition id : LAN8742 Phy interface Condition cause : null
2025-05-26 20:29:28,654 [WARN] ConditionMgr:1039 - genDependencies : Invalid condition id : LAN8742 Phy interface Condition cause : null
2025-05-26 20:29:28,667 [WARN] PackLoader:240 - Cannot read IP mode file for STMicroelectronics.X-CUBE-SFXS2LP1.4.0.0
2025-05-26 20:29:28,684 [WARN] PackLoader:240 - Cannot read IP mode file for STMicroelectronics.X-CUBE-AZRTOS-H7.3.3.0
2025-05-26 20:29:28,698 [WARN] PackLoader:240 - Cannot read IP mode file for STMicroelectronics.X-CUBE-IPS.3.0.0
2025-05-26 20:29:28,713 [WARN] ConditionMgr:438 - getConditionDescription Invalid condition id : UX DEVICE CLASS RTOS Condition cause : null
2025-05-26 20:29:28,713 [WARN] ConditionMgr:438 - getConditionDescription Invalid condition id : UX DEVICE CLASS RTOS Condition cause : null
2025-05-26 20:29:28,715 [WARN] PackLoader:240 - Cannot read IP mode file for STMicroelectronics.X-CUBE-AZRTOS-WB.2.0.0
2025-05-26 20:29:28,716 [WARN] ConditionMgr:1039 - genDependencies : Invalid condition id : UX DEVICE CLASS RTOS Condition cause : null
2025-05-26 20:29:28,716 [WARN] ConditionMgr:1039 - genDependencies : Invalid condition id : UX DEVICE CLASS RTOS Condition cause : null
2025-05-26 20:29:28,717 [WARN] ConditionMgr:1039 - genDependencies : Invalid condition id : UX DEVICE CLASS RTOS Condition cause : null
2025-05-26 20:29:28,717 [WARN] ConditionMgr:1039 - genDependencies : Invalid condition id : UX DEVICE CLASS RTOS Condition cause : null
2025-05-26 20:29:28,717 [WARN] ConditionMgr:1039 - genDependencies : Invalid condition id : UX DEVICE CLASS RTOS Condition cause : null
2025-05-26 20:29:28,724 [WARN] PackLoader:240 - Cannot read IP mode file for STMicroelectronics.X-CUBE-GNSS1.7.0.0
2025-05-26 20:29:28,730 [WARN] PackLoader:240 - Cannot read IP mode file for STMicroelectronics.X-CUBE-GNSS1.7.0.1
2025-05-26 20:29:28,735 [WARN] PackLoader:240 - Cannot read IP mode file for STMicroelectronics.X-CUBE-TOUCHGFX.4.25.0
2025-05-26 20:29:28,741 [WARN] PackLoader:240 - Cannot read IP mode file for STMicroelectronics.FP-SNS-STBOX1.2.0.0
2025-05-26 20:29:28,751 [WARN] PackLoader:240 - Cannot read IP mode file for STMicroelectronics.X-CUBE-SUBG2.5.0.0
2025-05-26 20:29:28,768 [WARN] PackLoader:240 - Cannot read IP mode file for STMicroelectronics.X-CUBE-AZRTOS-H7RS.1.1.0
2025-05-26 20:29:28,788 [WARN] PackLoader:240 - Cannot read IP mode file for STMicroelectronics.X-CUBE-AZRTOS-G4.2.0.0
2025-05-26 20:29:28,801 [WARN] PackLoader:240 - Cannot read IP mode file for Infineon.AIROC-Wi-Fi-Bluetooth-STM32.1.5.1
2025-05-26 20:29:28,809 [WARN] PackLoader:240 - Cannot read IP mode file for STMicroelectronics.X-CUBE-NFC7.2.0.0
2025-05-26 20:29:28,813 [WARN] PackLoader:240 - Cannot read IP mode file for STMicroelectronics.FP-SNS-MOTENVWB1.1.3.1
2025-05-26 20:29:28,820 [WARN] PackLoader:240 - Cannot read IP mode file for STMicroelectronics.X-CUBE-ISPU.2.0.0
2025-05-26 20:29:28,824 [ERROR] Engine:466 - C:\Users\axeel\.stm32cubemx\thirdparties\pdsc\STMicroelectronics.X-CUBE-IPS.3.1.0.pdsc: PDSC version is not supported
2025-05-26 20:29:28,829 [WARN] PackLoader:240 - Cannot read IP mode file for STMicroelectronics.X-CUBE-ALS.1.0.2
2025-05-26 20:29:28,882 [WARN] PackLoader:240 - Cannot read IP mode file for STMicroelectronics.X-CUBE-MEMS1.10.0.0
2025-05-26 20:29:29,035 [WARN] PackLoader:240 - Cannot read IP mode file for STMicroelectronics.X-CUBE-FREERTOS.1.1.0
2025-05-26 20:29:29,040 [WARN] PackLoader:240 - Cannot read IP mode file for STMicroelectronics.X-CUBE-TOUCHGFX.4.24.0
2025-05-26 20:29:29,043 [WARN] PackLoader:240 - Cannot read IP mode file for STMicroelectronics.X-CUBE-TOUCHGFX.4.24.2
2025-05-26 20:29:29,047 [WARN] PackLoader:240 - Cannot read IP mode file for STMicroelectronics.X-CUBE-TOUCHGFX.4.24.1
2025-05-26 20:29:29,054 [WARN] PackLoader:240 - Cannot read IP mode file for portGmbH.I-Cube-SoM-uGOAL.1.1.0
2025-05-26 20:29:29,060 [WARN] PackLoader:240 - Cannot read IP mode file for STMicroelectronics.X-CUBE-ALS.1.0.1
2025-05-26 20:29:29,075 [WARN] PackLoader:240 - Cannot read IP mode file for STMicroelectronics.X-CUBE-AZRTOS-H7RS.1.0.0
2025-05-26 20:29:29,081 [WARN] PackLoader:240 - Cannot read IP mode file for STMicroelectronics.FP-ATR-ASTRA1.2.0.0
2025-05-26 20:29:29,089 [WARN] PackLoader:240 - Cannot read IP mode file for STMicroelectronics.X-CUBE-TOF1.3.4.2
2025-05-26 20:29:29,100 [ERROR] Engine:466 - C:\Users\axeel\.stm32cubemx\thirdparties\pdsc\STMicroelectronics.X-CUBE-TOF1.3.4.3.pdsc: PDSC version is not supported
2025-05-26 20:29:29,107 [WARN] PackLoader:240 - Cannot read IP mode file for STMicroelectronics.X-CUBE-TOF1.3.4.1
2025-05-26 20:29:29,128 [WARN] PackLoader:240 - Cannot read IP mode file for STMicroelectronics.X-CUBE-AZRTOS-H7.3.2.0
2025-05-26 20:29:29,134 [WARN] PackLoader:240 - Cannot read IP mode file for wolfSSL.I-CUBE-wolfSSH.1.4.17
2025-05-26 20:29:29,135 [INFO] ThirdParty:978 - Integrity check success = true
2025-05-26 20:29:29,135 [INFO] IntegrityCheckThread:100 - exiting critical section [integrity check]
2025-05-26 20:29:29,135 [INFO] IntegrityCheckThread:103 - End integrity checks thread
2025-05-26 20:29:30,413 [INFO] WebApp:161 - Instantiating new browser for Auth
2025-05-26 20:29:31,170 [INFO] WebApp:779 - Register for checkConnection events
2025-05-26 20:29:31,170 [INFO] WebApp:414 - Apply proxy settings
2025-05-26 20:29:31,170 [INFO] WebApp:499 - Chromium requires no authentication
2025-05-26 20:29:31,181 [INFO] WebApp:442 - Direct internet connection detected
2025-05-26 20:29:31,360 [INFO] WebApp:192 - Starting web application
2025-05-26 20:29:31,361 [INFO] WebApp:544 - Web application path used C:\ST\STM32CubeIDE_1.14.1\STM32CubeIDE\plugins\com.st.stm32cube.common.mx_6.11.0.202403141607\db\plugins\mcufinder\reactClient1\index.html
2025-05-26 22:13:10,246 [INFO] McuFinderGlobals:63 - Set McuFinder mode to 2 (CubeIDE integrated)
2025-05-26 22:13:10,277 [INFO] MainUpdater:2873 - connection check result : 10
2025-05-26 22:13:10,284 [INFO] MainUpdater:2873 - connection check result : 10
2025-05-26 22:13:10,474 [INFO] MicroXplorer:468 - Change Database Path : 
2025-05-26 22:13:10,475 [INFO] MicroXplorer:498 - Change Database Version : DB.6.0.110
2025-05-26 22:13:10,479 [WARN] ThirdParty:871 - waiting for thirdparty lock release [close project]
2025-05-26 22:13:10,479 [INFO] ThirdParty:873 - entering critical section [close project]
2025-05-26 22:13:10,481 [INFO] ThirdParty:883 - exiting critical section [close project]
2025-05-26 22:13:10,483 [INFO] PinOutPanel:1561 - setPackage(No Configuration,No Configuration)
2025-05-26 22:13:10,487 [INFO] UtilMem:75 - Begin LoadConfig() Used Memory: 594242560 Bytes (1073741824)
2025-05-26 22:13:10,490 [INFO] MicroXplorer:468 - Change Database Path : 
2025-05-26 22:13:10,491 [INFO] MicroXplorer:498 - Change Database Version : DB.6.0.110
2025-05-26 22:13:10,491 [INFO] OpenFileManager:312 - Change cursor
2025-05-26 22:13:10,540 [INFO] Mcu:2021 - Initializing MCU STM32F411C(C-E)Ux STM32F411CEUx STM32F411CEU6
2025-05-26 22:13:12,021 [INFO] Context:663 - Trying to add GPIOservice into a context  which must be forbidden
2025-05-26 22:13:12,509 [INFO] RtosManager:555 - Registered RTOS mode: class=CMSIS, group=RTOS, mode=CMSIS_V1, owner=FREERTOS
2025-05-26 22:13:12,509 [INFO] RtosManager:555 - Registered RTOS mode: class=CMSIS, group=RTOS2, mode=CMSIS_V2, owner=FREERTOS
2025-05-26 22:13:12,509 [INFO] RtosManager:555 - Registered RTOS mode: class=RTOS, group=Core, mode=CMSIS_V1, owner=FREERTOS
2025-05-26 22:13:12,509 [INFO] RtosManager:555 - Registered RTOS mode: class=RTOS, group=Core, mode=CMSIS_V2, owner=FREERTOS
2025-05-26 22:13:12,510 [WARN] ModelIntegratedComponent:184 - Missing modes for component STMicroelectronics:FreeRTOS:0.0.1:STMicroelectronics:RTOS:FreeRTOS:Core:::10.2.0:
2025-05-26 22:13:12,516 [WARN] ModelIntegratedComponent:63 - No mode defined for component null
2025-05-26 22:13:12,516 [WARN] ModelIntegratedComponent:63 - No mode defined for component null
2025-05-26 22:13:12,516 [WARN] ModelIntegratedComponent:63 - No mode defined for component null
2025-05-26 22:13:12,516 [WARN] ModelIntegratedComponent:63 - No mode defined for component null
2025-05-26 22:13:12,516 [WARN] ModelIntegratedComponent:63 - No mode defined for component null
2025-05-26 22:13:12,516 [WARN] ModelIntegratedComponent:63 - No mode defined for component null
2025-05-26 22:13:12,516 [WARN] ModelIntegratedComponent:63 - No mode defined for component null
2025-05-26 22:13:12,516 [WARN] ModelIntegratedComponent:63 - No mode defined for component null
2025-05-26 22:13:12,516 [WARN] ModelIntegratedComponent:63 - No mode defined for component null
2025-05-26 22:13:12,516 [WARN] ModelIntegratedComponent:63 - No mode defined for component null
2025-05-26 22:13:12,516 [WARN] ModelIntegratedComponent:63 - No mode defined for component null
2025-05-26 22:13:12,517 [WARN] ModelIntegratedComponent:63 - No mode defined for component null
2025-05-26 22:13:12,517 [WARN] ModelIntegratedComponent:63 - No mode defined for component null
2025-05-26 22:13:12,517 [WARN] ModelIntegratedComponent:63 - No mode defined for component null
2025-05-26 22:13:12,517 [WARN] ModelIntegratedComponent:63 - No mode defined for component null
2025-05-26 22:13:12,517 [WARN] ModelIntegratedComponent:63 - No mode defined for component null
2025-05-26 22:13:12,517 [WARN] ModelIntegratedComponent:63 - No mode defined for component null
2025-05-26 22:13:12,517 [WARN] ModelIntegratedComponent:63 - No mode defined for component null
2025-05-26 22:13:12,517 [WARN] ModelIntegratedComponent:63 - No mode defined for component null
2025-05-26 22:13:12,517 [WARN] ModelIntegratedComponent:63 - No mode defined for component null
2025-05-26 22:13:12,517 [WARN] ModelIntegratedComponent:63 - No mode defined for component null
2025-05-26 22:13:12,517 [WARN] ModelIntegratedComponent:63 - No mode defined for component null
2025-05-26 22:13:12,517 [WARN] ModelIntegratedComponent:63 - No mode defined for component null
2025-05-26 22:13:12,517 [WARN] ModelIntegratedComponent:63 - No mode defined for component null
2025-05-26 22:13:12,517 [WARN] ModelIntegratedComponent:63 - No mode defined for component null
2025-05-26 22:13:12,517 [WARN] ModelIntegratedComponent:63 - No mode defined for component null
2025-05-26 22:13:12,517 [WARN] ModelIntegratedComponent:63 - No mode defined for component null
2025-05-26 22:13:12,517 [WARN] ModelIntegratedComponent:63 - No mode defined for component null
2025-05-26 22:13:12,518 [WARN] ModelIntegratedComponent:63 - No mode defined for component null
2025-05-26 22:13:12,518 [WARN] ModelIntegratedComponent:63 - No mode defined for component null
2025-05-26 22:13:12,518 [WARN] ModelIntegratedComponent:63 - No mode defined for component null
2025-05-26 22:13:12,518 [WARN] ModelIntegratedComponent:63 - No mode defined for component null
2025-05-26 22:13:12,518 [WARN] ModelIntegratedComponent:63 - No mode defined for component null
2025-05-26 22:13:12,518 [WARN] ModelIntegratedComponent:63 - No mode defined for component null
2025-05-26 22:13:12,559 [WARN] ModelIntegratedComponent:182 - Modes not found for component STMicroelectronics:USB_DEVICE:1.0.0:STMicroelectronics:USB::USB Device:Audio HS::1.0:USB_DEVICE_1_0_RESTRICTED_HS
2025-05-26 22:13:12,559 [WARN] ModelIntegratedComponent:188 - Modes not found for component STMicroelectronics:USB_DEVICE:1.0.0:STMicroelectronics:USB::USB Device:Audio HS::1.0:USB_DEVICE_1_0_RESTRICTED_HS
2025-05-26 22:13:12,559 [WARN] ModelIntegratedComponent:182 - Modes not found for component STMicroelectronics:USB_DEVICE:1.0.0:STMicroelectronics:USB::USB Device:CDC HS::1.0:USB_DEVICE_1_0_RESTRICTED_HS
2025-05-26 22:13:12,559 [WARN] ModelIntegratedComponent:188 - Modes not found for component STMicroelectronics:USB_DEVICE:1.0.0:STMicroelectronics:USB::USB Device:CDC HS::1.0:USB_DEVICE_1_0_RESTRICTED_HS
2025-05-26 22:13:12,559 [WARN] ModelIntegratedComponent:182 - Modes not found for component STMicroelectronics:USB_DEVICE:1.0.0:STMicroelectronics:USB::USB Device:DFU HS::1.0:USB_DEVICE_1_0_RESTRICTED_HS
2025-05-26 22:13:12,559 [WARN] ModelIntegratedComponent:188 - Modes not found for component STMicroelectronics:USB_DEVICE:1.0.0:STMicroelectronics:USB::USB Device:DFU HS::1.0:USB_DEVICE_1_0_RESTRICTED_HS
2025-05-26 22:13:12,559 [WARN] ModelIntegratedComponent:182 - Modes not found for component STMicroelectronics:USB_DEVICE:1.0.0:STMicroelectronics:USB::USB Device:HID HS::1.0:USB_DEVICE_1_0_RESTRICTED_HS
2025-05-26 22:13:12,559 [WARN] ModelIntegratedComponent:188 - Modes not found for component STMicroelectronics:USB_DEVICE:1.0.0:STMicroelectronics:USB::USB Device:HID HS::1.0:USB_DEVICE_1_0_RESTRICTED_HS
2025-05-26 22:13:12,559 [WARN] ModelIntegratedComponent:182 - Modes not found for component STMicroelectronics:USB_DEVICE:1.0.0:STMicroelectronics:USB::USB Device:Custom HID HS::1.0:USB_DEVICE_1_0_RESTRICTED_HS
2025-05-26 22:13:12,559 [WARN] ModelIntegratedComponent:188 - Modes not found for component STMicroelectronics:USB_DEVICE:1.0.0:STMicroelectronics:USB::USB Device:Custom HID HS::1.0:USB_DEVICE_1_0_RESTRICTED_HS
2025-05-26 22:13:12,559 [WARN] ModelIntegratedComponent:182 - Modes not found for component STMicroelectronics:USB_DEVICE:1.0.0:STMicroelectronics:USB::USB Device:MSC HS::1.0:USB_DEVICE_1_0_RESTRICTED_HS
2025-05-26 22:13:12,559 [WARN] ModelIntegratedComponent:188 - Modes not found for component STMicroelectronics:USB_DEVICE:1.0.0:STMicroelectronics:USB::USB Device:MSC HS::1.0:USB_DEVICE_1_0_RESTRICTED_HS
2025-05-26 22:13:12,606 [WARN] ModelIntegratedComponent:182 - Modes not found for component STMicroelectronics:USB_HOST:1.0.0:STMicroelectronics:USB::USB Host:Audio HS::1.0:USB_HOST_1_0_RESTRICTED_HS
2025-05-26 22:13:12,606 [WARN] ModelIntegratedComponent:188 - Modes not found for component STMicroelectronics:USB_HOST:1.0.0:STMicroelectronics:USB::USB Host:Audio HS::1.0:USB_HOST_1_0_RESTRICTED_HS
2025-05-26 22:13:12,606 [WARN] ModelIntegratedComponent:182 - Modes not found for component STMicroelectronics:USB_HOST:1.0.0:STMicroelectronics:USB::USB Host:CDC HS::1.0:USB_HOST_1_0_RESTRICTED_HS
2025-05-26 22:13:12,606 [WARN] ModelIntegratedComponent:188 - Modes not found for component STMicroelectronics:USB_HOST:1.0.0:STMicroelectronics:USB::USB Host:CDC HS::1.0:USB_HOST_1_0_RESTRICTED_HS
2025-05-26 22:13:12,606 [WARN] ModelIntegratedComponent:182 - Modes not found for component STMicroelectronics:USB_HOST:1.0.0:STMicroelectronics:USB::USB Host:MSC HS::1.0:USB_HOST_1_0_RESTRICTED_HS
2025-05-26 22:13:12,606 [WARN] ModelIntegratedComponent:188 - Modes not found for component STMicroelectronics:USB_HOST:1.0.0:STMicroelectronics:USB::USB Host:MSC HS::1.0:USB_HOST_1_0_RESTRICTED_HS
2025-05-26 22:13:12,606 [WARN] ModelIntegratedComponent:182 - Modes not found for component STMicroelectronics:USB_HOST:1.0.0:STMicroelectronics:USB::USB Host:HID HS::1.0:USB_HOST_1_0_RESTRICTED_HS
2025-05-26 22:13:12,606 [WARN] ModelIntegratedComponent:188 - Modes not found for component STMicroelectronics:USB_HOST:1.0.0:STMicroelectronics:USB::USB Host:HID HS::1.0:USB_HOST_1_0_RESTRICTED_HS
2025-05-26 22:13:12,606 [WARN] ModelIntegratedComponent:182 - Modes not found for component STMicroelectronics:USB_HOST:1.0.0:STMicroelectronics:USB::USB Host:MTP HS::1.0:USB_HOST_1_0_RESTRICTED_HS
2025-05-26 22:13:12,606 [WARN] ModelIntegratedComponent:188 - Modes not found for component STMicroelectronics:USB_HOST:1.0.0:STMicroelectronics:USB::USB Host:MTP HS::1.0:USB_HOST_1_0_RESTRICTED_HS
2025-05-26 22:13:12,668 [INFO] ThirdPartyModel:298 - Start build external matchings
2025-05-26 22:13:13,408 [INFO] ThirdPartyModel:316 - End build external matchings
2025-05-26 22:13:13,431 [INFO] ImportTextPane:194 - (OptionalMessage_ERROR) IP (RCC) : Parameter (48MHZClocksFreq_Value) has invalid value (100000000)
2025-05-26 22:13:13,431 [INFO] ImportTextPane:194 - (OptionalMessage_ERROR) IP (RCC) : Parameter (RTCHSEDivFreq_Value) has invalid value (12500000)
2025-05-26 22:13:13,672 [INFO] ApiDb:581 - Connected to CubeFinder SQLite database (C:\Users\axeel\.stmcufinder\plugins\mcufinder\mcu\cube-finder-db.db)
2025-05-26 22:13:13,754 [INFO] ApiDb:668 - CubeFinder database Data Model version=2.1
2025-05-26 22:13:13,754 [INFO] ApiDb:669 - CubeFinder database Configuration version=3.0.39
2025-05-26 22:13:13,756 [INFO] ApiDb:670 - CubeFinder database generation date=2025-04-23 (1745419778)
2025-05-26 22:13:13,756 [INFO] ApiDb:671 - CubeFinder database FW Pack versions=[FP-ATR-ASTRA1_V2.0.0, FP-SNS-FLIGHT1_V5.1.0, FP-SNS-MOTENV1_V5.0.0, FP-SNS-MOTENVWB1_V1.4.0, FP-SNS-SMARTAG2_V1.2.0, FP-SNS-STBOX1_V2.0.0, STM32Cube_FW_C0_V1.4.0, STM32Cube_FW_F4_V1.28.1, STM32Cube_FW_F7_V1.17.2, STM32Cube_FW_G0_V1.6.2, STM32Cube_FW_G4_V1.6.1, STM32Cube_FW_H5_V1.5.0, STM32Cube_FW_H7RS_V1.2.0, STM32Cube_FW_H7_V1.12.1, STM32Cube_FW_L0_V1.12.2, STM32Cube_FW_L4_V1.18.1, STM32Cube_FW_L5_V1.5.1, STM32Cube_FW_N6_V1.1.1, STM32Cube_FW_U0_V1.2.0, STM32Cube_FW_U3_V1.1.0, STM32Cube_FW_U5_V1.7.0, STM32Cube_FW_WB0_V1.2.0, STM32Cube_FW_WBA_V1.6.0, STM32Cube_FW_WB_V1.22.0, STM32Cube_FW_WL3_V1.1.0, STM32Cube_FW_WL_V1.3.1, X-CUBE-ALGOBUILD_V1.4.0, X-CUBE-ALS_V1.0.2, X-CUBE-AZRTOS-F4_V1.1.0, X-CUBE-AZRTOS-F7_V1.1.0, X-CUBE-AZRTOS-G0_V1.1.0, X-CUBE-AZRTOS-G4_V2.0.0, X-CUBE-AZRTOS-H7RS_V1.1.0, X-CUBE-AZRTOS-H7_V3.3.0, X-CUBE-AZRTOS-L4_V2.0.0, X-CUBE-AZRTOS-L5_V2.0.0, X-CUBE-AZRTOS-WB_V2.0.0, X-CUBE-AZRTOS-WL_V2.0.0, X-CUBE-BLE1_V7.1.0, X-CUBE-BLE2_V3.3.0, X-CUBE-BLEMGR_V4.0.0, X-CUBE-EEPRMA1_V5.1.0, X-CUBE-FREERTOS_V1.3.0, X-CUBE-GNSS1_V6.0.0, X-CUBE-MEMS1_V11.2.0, X-CUBE-NFC4_V3.0.0, X-CUBE-NFC7_V1.0.1, X-CUBE-SFXS2LP1_V4.0.0, X-CUBE-SUBG2_V5.0.0, X-CUBE-TOF1_V3.4.3]
2025-05-26 22:13:13,852 [INFO] DbBoardsSqlite:226 - include board P-NUCLEO-WB55-NUCLEO as a kit item of type 'Nucleo-64'
2025-05-26 22:13:13,852 [INFO] DbBoardsSqlite:226 - include board P-NUCLEO-WB55-USBDONGLE as a kit item of type 'Nucleo USB Dongle'
2025-05-26 22:13:13,853 [INFO] DbBoardsSqlite:226 - include board STEVAL-IDP005V1 as a kit item of type 'Evaluation Board'
2025-05-26 22:13:13,854 [INFO] DbBoardsSqlite:226 - include board STEVAL-IDP005V2 as a kit item of type 'Evaluation Board'
2025-05-26 22:13:14,342 [INFO] ApiDb:240 - Found 483 in-development CPN: [B-G473E-ZEST1S, B-WB1M-WPAN1, B-WL5M-SUBG1, NUCLEO-C031C6, NUCLEO-H503RB, NUCLEO-H533RE, NUCLEO-H563ZI, NUCLEO-H7S3L8, NUCLEO-U031R8, NUCLEO-U083RC, NUCLEO-U545RE-Q, NUCLEO-U5A5ZJ-Q, NUCLEO-WBA52CG, NUCLEO-WBA55CG, STEVAL-PROTEUS1, STEVAL-SMARTAG2, STEVAL-STWINBX1, STM320518-EVAL, STM32C0116-DK, STM32C011D6Y3TR, STM32C011D6Y6TR, STM32C011F4P3, STM32C011F4P6, STM32C011F4U3, STM32C011F4U6TR, STM32C011F6P3, STM32C011F6P6, STM32C011F6U3, STM32C011F6U6TR, STM32C011J4M3, STM32C011J4M6, STM32C011J6M3, STM32C011J6M6, STM32C0316-DK, STM32C031C4T3, STM32C031C4T6, STM32C031C4U3, STM32C031C4U6, STM32C031C6T3, STM32C031C6T6, STM32C031C6U3, STM32C031C6U6, STM32C031F4P3, STM32C031F4P6, STM32C031F6P3, STM32C031F6P6, STM32C031G4U3, STM32C031G4U6, STM32C031G6U3, STM32C031G6U6, STM32C031K4T3, STM32C031K4T6, STM32C031K4U3, STM32C031K4U6, STM32C031K6T3, STM32C031K6T6, STM32C031K6U3, STM32C031K6U6, STM32G071K8TXN, STM32G071K8UXN, STM32G081GBU6N, STM32G081KBT6N, STM32G081KBUXN, STM32G0B1CCT6N, STM32G0B1KCT6, STM32G0B1NEY6TR, STM32G0B1RCT6N, STM32G0C1CCT6, STM32G0C1CCT6N, STM32G0C1CCU6N, STM32G0C1CET6N, STM32G0C1CEU6N, STM32G0C1KCT6, STM32G0C1NEY6TR, STM32G0C1RCI6N, STM32G0C1RCT6N, STM32G0C1REI6N, STM32G0C1RET6N, STM32G0C1VCI6, STM32G0C1VEI6, STM32G471CCT6, STM32G471CCU6, STM32G471CET3, STM32G471CET6, STM32G471CEU3, STM32G471CEU6, STM32G471MCT6, STM32G471MET3, STM32G471MET6, STM32G471MEY6TR, STM32G471QCT6, STM32G471QET3, STM32G471RCT6, STM32G471RET3, STM32G471RET6, STM32G471VCH6, STM32G471VCI6, STM32G471VCT6, STM32G471VEH3, STM32G471VEH6, STM32G471VEI3, STM32G471VEI6, STM32G471VET3, STM32G471VET6, STM32G474CCT6, STM32H503CBT6, STM32H503CBU6, STM32H503EBY6TR, STM32H503KBU6, STM32H503RBT6, STM32H523CCT6, STM32H523CCU6, STM32H523CET6, STM32H523CEU6, STM32H523HEY6TR, STM32H523RCT6, STM32H523RET6, STM32H523VCI6, STM32H523VCT6, STM32H523VEI6, STM32H523VET6, STM32H523ZCJ6, STM32H523ZCT6, STM32H523ZEJ6, STM32H523ZET6, STM32H533CET6, STM32H533CEU6, STM32H533HEY6TR, STM32H533RET6, STM32H533VEI6, STM32H533VET6, STM32H533ZEJ6, STM32H533ZET6, STM32H562AGI6, STM32H562AII6, STM32H562IGK6, STM32H562IGT6, STM32H562IIK6, STM32H562IIT6, STM32H562RGT6, STM32H562RGV6, STM32H562RIT6, STM32H562RIV6, STM32H562VGT6, STM32H562VIT6, STM32H562ZGT6, STM32H562ZIT6, STM32H563AGI6, STM32H563AII3Q, STM32H563AII6, STM32H563IGK6, STM32H563IGT6, STM32H563IIK3Q, STM32H563IIK6, STM32H563IIT3Q, STM32H563IIT6, STM32H563MIY3QTR, STM32H563RGT6, STM32H563RGV6, STM32H563RIT6, STM32H563RIV6, STM32H563VGT6, STM32H563VIT3Q, STM32H563VIT6, STM32H563ZGT6, STM32H563ZIT3Q, STM32H563ZIT6, STM32H573AII3Q, STM32H573AII6, STM32H573I-DK, STM32H573IIK3Q, STM32H573IIK6, STM32H573IIT3Q, STM32H573IIT6, STM32H573MIY3QTR, STM32H573RIT6, STM32H573RIV6, STM32H573VIT3Q, STM32H573VIT6, STM32H573ZIT3Q, STM32H573ZIT6, STM32H7R3A8I6, STM32H7R3I8K6, STM32H7R3I8T6, STM32H7R3L8H6, STM32H7R3L8H6H, STM32H7R3R8V6, STM32H7R3V8H6, STM32H7R3V8T6, STM32H7R3V8Y6, STM32H7R3Z8J6, STM32H7R3Z8T6, STM32H7R7A8I6, STM32H7R7I8K6, STM32H7R7I8T6, STM32H7R7L8H6, STM32H7R7L8H6H, STM32H7R7Z8J6, STM32H7S3A8I6, STM32H7S3I8K6, STM32H7S3I8T6, STM32H7S3L8H6, STM32H7S3L8H6H, STM32H7S3R8V6, STM32H7S3V8H6, STM32H7S3V8T6, STM32H7S3V8Y6, STM32H7S3Z8J6, STM32H7S3Z8T6, STM32H7S78-DK, STM32H7S7A8I6, STM32H7S7I8K6, STM32H7S7I8T6, STM32H7S7L8H6, STM32H7S7L8H6H, STM32H7S7Z8J6, STM32L4R5QGI6STR, STM32MP131AAE3, STM32MP131AAF3, STM32MP131AAG3, STM32MP131CAE3, STM32MP131CAF3, STM32MP131CAG3, STM32MP131DAE7, STM32MP131DAF7, STM32MP131DAG7, STM32MP131FAE7, STM32MP131FAF7, STM32MP131FAG7, STM32MP133AAE3, STM32MP133AAF3, STM32MP133AAG3, STM32MP133CAE3, STM32MP133CAF3, STM32MP133CAG3, STM32MP133DAE7, STM32MP133DAF7, STM32MP133DAG7, STM32MP133FAE7, STM32MP133FAF7, STM32MP133FAG7, STM32MP135AAE3, STM32MP135AAF3, STM32MP135AAG3, STM32MP135CAE3, STM32MP135CAF3, STM32MP135CAG3, STM32MP135DAE7, STM32MP135DAF7, STM32MP135DAG7, STM32MP135F-DK, STM32MP135FAE7, STM32MP135FAF7, STM32MP135FAF7T, STM32MP135FAF7U, STM32MP135FAG7, STM32U031C6T6, STM32U031C6U6, STM32U031C8T6, STM32U031C8U6, STM32U031F4P6, STM32U031F6P6, STM32U031F8P6, STM32U031G6Y6TR, STM32U031G8Y6TR, STM32U031K4U6, STM32U031K6U6, STM32U031K8U6, STM32U031R6I6, STM32U031R6T6, STM32U031R8I6, STM32U031R8T6, STM32U073C8T6, STM32U073C8U6, STM32U073CBT6, STM32U073CBU6, STM32U073CCT6, STM32U073CCU6, STM32U073H8Y6TR, STM32U073HBY6TR, STM32U073HCY6TR, STM32U073K8U6, STM32U073KBU6, STM32U073KCU6, STM32U073M8I6, STM32U073M8T6, STM32U073MBI6, STM32U073MBT6, STM32U073MCI6, STM32U073MCT6, STM32U073R8I6, STM32U073R8T6, STM32U073RBI6, STM32U073RBT6, STM32U073RCI6, STM32U073RCT6, STM32U083C-DK, STM32U083CCT6, STM32U083CCU6, STM32U083HCY6TR, STM32U083KCU6, STM32U083MCI6, STM32U083MCT6, STM32U083RCI6, STM32U083RCT6, STM32U535CBT6, STM32U535CBT6Q, STM32U535CBU6, STM32U535CBU6Q, STM32U535CCT6, STM32U535CCT6Q, STM32U535CCU6, STM32U535CCU6Q, STM32U535CET6, STM32U535CET6Q, STM32U535CEU6, STM32U535CEU6Q, STM32U535JEY6QTR, STM32U535NCY6QTR, STM32U535NEY6QTR, STM32U535RBI6, STM32U535RBI6Q, STM32U535RBT6, STM32U535RBT6Q, STM32U535RCI6, STM32U535RCI6Q, STM32U535RCT6, STM32U535RCT6Q, STM32U535REI6, STM32U535REI6Q, STM32U535RET6, STM32U535RET6Q, STM32U535VCI6, STM32U535VCI6Q, STM32U535VCT6, STM32U535VCT6Q, STM32U535VEI6, STM32U535VEI6Q, STM32U535VET6, STM32U535VET6Q, STM32U545CET6, STM32U545CET6Q, STM32U545CEU6, STM32U545CEU6Q, STM32U545JEY6QTR, STM32U545NEY6QTR, STM32U545REI6, STM32U545REI6Q, STM32U545RET6, STM32U545RET6Q, STM32U545VEI6, STM32U545VEI6Q, STM32U545VET6, STM32U545VET6Q, STM32U595AIH6, STM32U595AIH6Q, STM32U595AJH6, STM32U595AJH6Q, STM32U595QII6, STM32U595QII6Q, STM32U595QJI6, STM32U595QJI6Q, STM32U595RIT6, STM32U595RIT6Q, STM32U595RJT6, STM32U595RJT6Q, STM32U595VIT6, STM32U595VIT6Q, STM32U595VJT6, STM32U595VJT6Q, STM32U595ZIT6, STM32U595ZIT6Q, STM32U595ZIY6QTR, STM32U595ZJT6, STM32U595ZJT6Q, STM32U595ZJY6QTR, STM32U599BJY6QTR, STM32U599NIH6Q, STM32U599NJH6Q, STM32U599VIT6Q, STM32U599VJT6, STM32U599VJT6Q, STM32U599ZIT6Q, STM32U599ZIY6QTR, STM32U599ZJT6Q, STM32U599ZJY6QTR, STM32U5A5AJH6, STM32U5A5AJH6Q, STM32U5A5QII3Q , STM32U5A5QJI6, STM32U5A5QJI6Q, STM32U5A5RJT6, STM32U5A5RJT6Q, STM32U5A5VJT6, STM32U5A5VJT6Q, STM32U5A5ZJT6, STM32U5A5ZJT6Q, STM32U5A5ZJY6QTR, STM32U5A9BJY6QTR, STM32U5A9J-DK, STM32U5A9NJH6Q, STM32U5A9VJT6Q, STM32U5A9ZJT6Q, STM32U5A9ZJY6QTR, STM32U5F7VIT6, STM32U5F7VIT6Q, STM32U5F7VJT6, STM32U5F7VJT6Q, STM32U5F9BJY6QTR, STM32U5F9NJH6Q, STM32U5F9VIT6Q, STM32U5F9VJT6Q, STM32U5F9ZIJ6QTR, STM32U5F9ZIT6Q, STM32U5F9ZJJ6QTR, STM32U5F9ZJT6Q, STM32U5G7VJT6, STM32U5G7VJT6Q, STM32U5G9BJY6QTR, STM32U5G9J-DK1, STM32U5G9J-DK2, STM32U5G9NJH6Q, STM32U5G9VJT6Q, STM32U5G9ZJJ6QTR, STM32U5G9ZJT6Q, STM32WB1MMCH6, STM32WBA50KEU6, STM32WBA50KEU6TR, STM32WBA50KGU6, STM32WBA50KGU6TR, STM32WBA52CEU6, STM32WBA52CEU6TR, STM32WBA52CEU7, STM32WBA52CEU7TR, STM32WBA52CGU6, STM32WBA52CGU6TR, STM32WBA52CGU6U, STM32WBA52CGU7, STM32WBA52CGU7TR, STM32WBA52KEU6, STM32WBA52KEU6TR, STM32WBA52KGU6, STM32WBA52KGU6TR, STM32WBA54CEU6, STM32WBA54CEU6TR, STM32WBA54CEU7, STM32WBA54CEU7TR, STM32WBA54CGU6, STM32WBA54CGU6TR, STM32WBA54CGU7, STM32WBA54CGU7TR, STM32WBA54KEU6, STM32WBA54KEU6TR, STM32WBA54KEU7, STM32WBA54KEU7TR, STM32WBA54KGU6, STM32WBA54KGU6TR, STM32WBA54KGU7, STM32WBA54KGU7TR, STM32WBA55CEU6, STM32WBA55CEU6TR, STM32WBA55CEU7, STM32WBA55CEU7TR, STM32WBA55CGU6, STM32WBA55CGU6TR, STM32WBA55CGU6U, STM32WBA55CGU7, STM32WBA55CGU7TR, STM32WBA55G-DK1, STM32WBA55HEF6, STM32WBA55HEF7, STM32WBA55HGF6, STM32WBA55HGF7, STM32WBA55UEI6, STM32WBA55UEI6TR, STM32WBA55UEI7, STM32WBA55UEI7TR, STM32WBA55UGI6, STM32WBA55UGI6TR, STM32WBA55UGI7, STM32WBA55UGI7TR, STM32WL5MOCH6, STM32WL5MOCH6TR]
2025-05-26 22:13:14,345 [INFO] ApiDb:668 - CubeFinder database Data Model version=2.1
2025-05-26 22:13:14,345 [INFO] ApiDb:669 - CubeFinder database Configuration version=3.0.39
2025-05-26 22:13:14,345 [INFO] ApiDb:670 - CubeFinder database generation date=2025-04-23 (1745419778)
2025-05-26 22:13:14,345 [INFO] ApiDb:671 - CubeFinder database FW Pack versions=[FP-ATR-ASTRA1_V2.0.0, FP-SNS-FLIGHT1_V5.1.0, FP-SNS-MOTENV1_V5.0.0, FP-SNS-MOTENVWB1_V1.4.0, FP-SNS-SMARTAG2_V1.2.0, FP-SNS-STBOX1_V2.0.0, STM32Cube_FW_C0_V1.4.0, STM32Cube_FW_F4_V1.28.1, STM32Cube_FW_F7_V1.17.2, STM32Cube_FW_G0_V1.6.2, STM32Cube_FW_G4_V1.6.1, STM32Cube_FW_H5_V1.5.0, STM32Cube_FW_H7RS_V1.2.0, STM32Cube_FW_H7_V1.12.1, STM32Cube_FW_L0_V1.12.2, STM32Cube_FW_L4_V1.18.1, STM32Cube_FW_L5_V1.5.1, STM32Cube_FW_N6_V1.1.1, STM32Cube_FW_U0_V1.2.0, STM32Cube_FW_U3_V1.1.0, STM32Cube_FW_U5_V1.7.0, STM32Cube_FW_WB0_V1.2.0, STM32Cube_FW_WBA_V1.6.0, STM32Cube_FW_WB_V1.22.0, STM32Cube_FW_WL3_V1.1.0, STM32Cube_FW_WL_V1.3.1, X-CUBE-ALGOBUILD_V1.4.0, X-CUBE-ALS_V1.0.2, X-CUBE-AZRTOS-F4_V1.1.0, X-CUBE-AZRTOS-F7_V1.1.0, X-CUBE-AZRTOS-G0_V1.1.0, X-CUBE-AZRTOS-G4_V2.0.0, X-CUBE-AZRTOS-H7RS_V1.1.0, X-CUBE-AZRTOS-H7_V3.3.0, X-CUBE-AZRTOS-L4_V2.0.0, X-CUBE-AZRTOS-L5_V2.0.0, X-CUBE-AZRTOS-WB_V2.0.0, X-CUBE-AZRTOS-WL_V2.0.0, X-CUBE-BLE1_V7.1.0, X-CUBE-BLE2_V3.3.0, X-CUBE-BLEMGR_V4.0.0, X-CUBE-EEPRMA1_V5.1.0, X-CUBE-FREERTOS_V1.3.0, X-CUBE-GNSS1_V6.0.0, X-CUBE-MEMS1_V11.2.0, X-CUBE-NFC4_V3.0.0, X-CUBE-NFC7_V1.0.1, X-CUBE-SFXS2LP1_V4.0.0, X-CUBE-SUBG2_V5.0.0, X-CUBE-TOF1_V3.4.3]
2025-05-26 22:13:15,834 [INFO] ApiDb:240 - Found 483 in-development CPN: [B-G473E-ZEST1S, B-WB1M-WPAN1, B-WL5M-SUBG1, NUCLEO-C031C6, NUCLEO-H503RB, NUCLEO-H533RE, NUCLEO-H563ZI, NUCLEO-H7S3L8, NUCLEO-U031R8, NUCLEO-U083RC, NUCLEO-U545RE-Q, NUCLEO-U5A5ZJ-Q, NUCLEO-WBA52CG, NUCLEO-WBA55CG, STEVAL-PROTEUS1, STEVAL-SMARTAG2, STEVAL-STWINBX1, STM320518-EVAL, STM32C0116-DK, STM32C011D6Y3TR, STM32C011D6Y6TR, STM32C011F4P3, STM32C011F4P6, STM32C011F4U3, STM32C011F4U6TR, STM32C011F6P3, STM32C011F6P6, STM32C011F6U3, STM32C011F6U6TR, STM32C011J4M3, STM32C011J4M6, STM32C011J6M3, STM32C011J6M6, STM32C0316-DK, STM32C031C4T3, STM32C031C4T6, STM32C031C4U3, STM32C031C4U6, STM32C031C6T3, STM32C031C6T6, STM32C031C6U3, STM32C031C6U6, STM32C031F4P3, STM32C031F4P6, STM32C031F6P3, STM32C031F6P6, STM32C031G4U3, STM32C031G4U6, STM32C031G6U3, STM32C031G6U6, STM32C031K4T3, STM32C031K4T6, STM32C031K4U3, STM32C031K4U6, STM32C031K6T3, STM32C031K6T6, STM32C031K6U3, STM32C031K6U6, STM32G071K8TXN, STM32G071K8UXN, STM32G081GBU6N, STM32G081KBT6N, STM32G081KBUXN, STM32G0B1CCT6N, STM32G0B1KCT6, STM32G0B1NEY6TR, STM32G0B1RCT6N, STM32G0C1CCT6, STM32G0C1CCT6N, STM32G0C1CCU6N, STM32G0C1CET6N, STM32G0C1CEU6N, STM32G0C1KCT6, STM32G0C1NEY6TR, STM32G0C1RCI6N, STM32G0C1RCT6N, STM32G0C1REI6N, STM32G0C1RET6N, STM32G0C1VCI6, STM32G0C1VEI6, STM32G471CCT6, STM32G471CCU6, STM32G471CET3, STM32G471CET6, STM32G471CEU3, STM32G471CEU6, STM32G471MCT6, STM32G471MET3, STM32G471MET6, STM32G471MEY6TR, STM32G471QCT6, STM32G471QET3, STM32G471RCT6, STM32G471RET3, STM32G471RET6, STM32G471VCH6, STM32G471VCI6, STM32G471VCT6, STM32G471VEH3, STM32G471VEH6, STM32G471VEI3, STM32G471VEI6, STM32G471VET3, STM32G471VET6, STM32G474CCT6, STM32H503CBT6, STM32H503CBU6, STM32H503EBY6TR, STM32H503KBU6, STM32H503RBT6, STM32H523CCT6, STM32H523CCU6, STM32H523CET6, STM32H523CEU6, STM32H523HEY6TR, STM32H523RCT6, STM32H523RET6, STM32H523VCI6, STM32H523VCT6, STM32H523VEI6, STM32H523VET6, STM32H523ZCJ6, STM32H523ZCT6, STM32H523ZEJ6, STM32H523ZET6, STM32H533CET6, STM32H533CEU6, STM32H533HEY6TR, STM32H533RET6, STM32H533VEI6, STM32H533VET6, STM32H533ZEJ6, STM32H533ZET6, STM32H562AGI6, STM32H562AII6, STM32H562IGK6, STM32H562IGT6, STM32H562IIK6, STM32H562IIT6, STM32H562RGT6, STM32H562RGV6, STM32H562RIT6, STM32H562RIV6, STM32H562VGT6, STM32H562VIT6, STM32H562ZGT6, STM32H562ZIT6, STM32H563AGI6, STM32H563AII3Q, STM32H563AII6, STM32H563IGK6, STM32H563IGT6, STM32H563IIK3Q, STM32H563IIK6, STM32H563IIT3Q, STM32H563IIT6, STM32H563MIY3QTR, STM32H563RGT6, STM32H563RGV6, STM32H563RIT6, STM32H563RIV6, STM32H563VGT6, STM32H563VIT3Q, STM32H563VIT6, STM32H563ZGT6, STM32H563ZIT3Q, STM32H563ZIT6, STM32H573AII3Q, STM32H573AII6, STM32H573I-DK, STM32H573IIK3Q, STM32H573IIK6, STM32H573IIT3Q, STM32H573IIT6, STM32H573MIY3QTR, STM32H573RIT6, STM32H573RIV6, STM32H573VIT3Q, STM32H573VIT6, STM32H573ZIT3Q, STM32H573ZIT6, STM32H7R3A8I6, STM32H7R3I8K6, STM32H7R3I8T6, STM32H7R3L8H6, STM32H7R3L8H6H, STM32H7R3R8V6, STM32H7R3V8H6, STM32H7R3V8T6, STM32H7R3V8Y6, STM32H7R3Z8J6, STM32H7R3Z8T6, STM32H7R7A8I6, STM32H7R7I8K6, STM32H7R7I8T6, STM32H7R7L8H6, STM32H7R7L8H6H, STM32H7R7Z8J6, STM32H7S3A8I6, STM32H7S3I8K6, STM32H7S3I8T6, STM32H7S3L8H6, STM32H7S3L8H6H, STM32H7S3R8V6, STM32H7S3V8H6, STM32H7S3V8T6, STM32H7S3V8Y6, STM32H7S3Z8J6, STM32H7S3Z8T6, STM32H7S78-DK, STM32H7S7A8I6, STM32H7S7I8K6, STM32H7S7I8T6, STM32H7S7L8H6, STM32H7S7L8H6H, STM32H7S7Z8J6, STM32L4R5QGI6STR, STM32MP131AAE3, STM32MP131AAF3, STM32MP131AAG3, STM32MP131CAE3, STM32MP131CAF3, STM32MP131CAG3, STM32MP131DAE7, STM32MP131DAF7, STM32MP131DAG7, STM32MP131FAE7, STM32MP131FAF7, STM32MP131FAG7, STM32MP133AAE3, STM32MP133AAF3, STM32MP133AAG3, STM32MP133CAE3, STM32MP133CAF3, STM32MP133CAG3, STM32MP133DAE7, STM32MP133DAF7, STM32MP133DAG7, STM32MP133FAE7, STM32MP133FAF7, STM32MP133FAG7, STM32MP135AAE3, STM32MP135AAF3, STM32MP135AAG3, STM32MP135CAE3, STM32MP135CAF3, STM32MP135CAG3, STM32MP135DAE7, STM32MP135DAF7, STM32MP135DAG7, STM32MP135F-DK, STM32MP135FAE7, STM32MP135FAF7, STM32MP135FAF7T, STM32MP135FAF7U, STM32MP135FAG7, STM32U031C6T6, STM32U031C6U6, STM32U031C8T6, STM32U031C8U6, STM32U031F4P6, STM32U031F6P6, STM32U031F8P6, STM32U031G6Y6TR, STM32U031G8Y6TR, STM32U031K4U6, STM32U031K6U6, STM32U031K8U6, STM32U031R6I6, STM32U031R6T6, STM32U031R8I6, STM32U031R8T6, STM32U073C8T6, STM32U073C8U6, STM32U073CBT6, STM32U073CBU6, STM32U073CCT6, STM32U073CCU6, STM32U073H8Y6TR, STM32U073HBY6TR, STM32U073HCY6TR, STM32U073K8U6, STM32U073KBU6, STM32U073KCU6, STM32U073M8I6, STM32U073M8T6, STM32U073MBI6, STM32U073MBT6, STM32U073MCI6, STM32U073MCT6, STM32U073R8I6, STM32U073R8T6, STM32U073RBI6, STM32U073RBT6, STM32U073RCI6, STM32U073RCT6, STM32U083C-DK, STM32U083CCT6, STM32U083CCU6, STM32U083HCY6TR, STM32U083KCU6, STM32U083MCI6, STM32U083MCT6, STM32U083RCI6, STM32U083RCT6, STM32U535CBT6, STM32U535CBT6Q, STM32U535CBU6, STM32U535CBU6Q, STM32U535CCT6, STM32U535CCT6Q, STM32U535CCU6, STM32U535CCU6Q, STM32U535CET6, STM32U535CET6Q, STM32U535CEU6, STM32U535CEU6Q, STM32U535JEY6QTR, STM32U535NCY6QTR, STM32U535NEY6QTR, STM32U535RBI6, STM32U535RBI6Q, STM32U535RBT6, STM32U535RBT6Q, STM32U535RCI6, STM32U535RCI6Q, STM32U535RCT6, STM32U535RCT6Q, STM32U535REI6, STM32U535REI6Q, STM32U535RET6, STM32U535RET6Q, STM32U535VCI6, STM32U535VCI6Q, STM32U535VCT6, STM32U535VCT6Q, STM32U535VEI6, STM32U535VEI6Q, STM32U535VET6, STM32U535VET6Q, STM32U545CET6, STM32U545CET6Q, STM32U545CEU6, STM32U545CEU6Q, STM32U545JEY6QTR, STM32U545NEY6QTR, STM32U545REI6, STM32U545REI6Q, STM32U545RET6, STM32U545RET6Q, STM32U545VEI6, STM32U545VEI6Q, STM32U545VET6, STM32U545VET6Q, STM32U595AIH6, STM32U595AIH6Q, STM32U595AJH6, STM32U595AJH6Q, STM32U595QII6, STM32U595QII6Q, STM32U595QJI6, STM32U595QJI6Q, STM32U595RIT6, STM32U595RIT6Q, STM32U595RJT6, STM32U595RJT6Q, STM32U595VIT6, STM32U595VIT6Q, STM32U595VJT6, STM32U595VJT6Q, STM32U595ZIT6, STM32U595ZIT6Q, STM32U595ZIY6QTR, STM32U595ZJT6, STM32U595ZJT6Q, STM32U595ZJY6QTR, STM32U599BJY6QTR, STM32U599NIH6Q, STM32U599NJH6Q, STM32U599VIT6Q, STM32U599VJT6, STM32U599VJT6Q, STM32U599ZIT6Q, STM32U599ZIY6QTR, STM32U599ZJT6Q, STM32U599ZJY6QTR, STM32U5A5AJH6, STM32U5A5AJH6Q, STM32U5A5QII3Q , STM32U5A5QJI6, STM32U5A5QJI6Q, STM32U5A5RJT6, STM32U5A5RJT6Q, STM32U5A5VJT6, STM32U5A5VJT6Q, STM32U5A5ZJT6, STM32U5A5ZJT6Q, STM32U5A5ZJY6QTR, STM32U5A9BJY6QTR, STM32U5A9J-DK, STM32U5A9NJH6Q, STM32U5A9VJT6Q, STM32U5A9ZJT6Q, STM32U5A9ZJY6QTR, STM32U5F7VIT6, STM32U5F7VIT6Q, STM32U5F7VJT6, STM32U5F7VJT6Q, STM32U5F9BJY6QTR, STM32U5F9NJH6Q, STM32U5F9VIT6Q, STM32U5F9VJT6Q, STM32U5F9ZIJ6QTR, STM32U5F9ZIT6Q, STM32U5F9ZJJ6QTR, STM32U5F9ZJT6Q, STM32U5G7VJT6, STM32U5G7VJT6Q, STM32U5G9BJY6QTR, STM32U5G9J-DK1, STM32U5G9J-DK2, STM32U5G9NJH6Q, STM32U5G9VJT6Q, STM32U5G9ZJJ6QTR, STM32U5G9ZJT6Q, STM32WB1MMCH6, STM32WBA50KEU6, STM32WBA50KEU6TR, STM32WBA50KGU6, STM32WBA50KGU6TR, STM32WBA52CEU6, STM32WBA52CEU6TR, STM32WBA52CEU7, STM32WBA52CEU7TR, STM32WBA52CGU6, STM32WBA52CGU6TR, STM32WBA52CGU6U, STM32WBA52CGU7, STM32WBA52CGU7TR, STM32WBA52KEU6, STM32WBA52KEU6TR, STM32WBA52KGU6, STM32WBA52KGU6TR, STM32WBA54CEU6, STM32WBA54CEU6TR, STM32WBA54CEU7, STM32WBA54CEU7TR, STM32WBA54CGU6, STM32WBA54CGU6TR, STM32WBA54CGU7, STM32WBA54CGU7TR, STM32WBA54KEU6, STM32WBA54KEU6TR, STM32WBA54KEU7, STM32WBA54KEU7TR, STM32WBA54KGU6, STM32WBA54KGU6TR, STM32WBA54KGU7, STM32WBA54KGU7TR, STM32WBA55CEU6, STM32WBA55CEU6TR, STM32WBA55CEU7, STM32WBA55CEU7TR, STM32WBA55CGU6, STM32WBA55CGU6TR, STM32WBA55CGU6U, STM32WBA55CGU7, STM32WBA55CGU7TR, STM32WBA55G-DK1, STM32WBA55HEF6, STM32WBA55HEF7, STM32WBA55HGF6, STM32WBA55HGF7, STM32WBA55UEI6, STM32WBA55UEI6TR, STM32WBA55UEI7, STM32WBA55UEI7TR, STM32WBA55UGI6, STM32WBA55UGI6TR, STM32WBA55UGI7, STM32WBA55UGI7TR, STM32WL5MOCH6, STM32WL5MOCH6TR]
2025-05-26 22:13:15,836 [INFO] DbMcus:218 - Found 4657 MCUs, 4657 are supported
2025-05-26 22:13:15,836 [INFO] ApiDb:423 - Load user favorites file C:\Users\axeel/.stm32cubeide/favorites.mcus.txt: 0 item(s)
2025-05-26 22:13:15,836 [INFO] ApiDb:427 - User favorites MCUs=[]
2025-05-26 22:13:15,836 [INFO] DbMcus:224 - Set 0 / 0 favorites MCUs
2025-05-26 22:13:16,115 [INFO] BoardInfo:889 - No configuration file found for board NUCLEO-C051C8
2025-05-26 22:13:16,115 [INFO] DbBoards:161 - Board is not supported: NUCLEO-C051C8
2025-05-26 22:13:16,116 [INFO] BoardInfo:889 - No configuration file found for board NUCLEO-C071RB
2025-05-26 22:13:16,117 [INFO] DbBoards:161 - Board is not supported: NUCLEO-C071RB
2025-05-26 22:13:16,118 [INFO] BoardInfo:889 - No configuration file found for board NUCLEO-C092RC
2025-05-26 22:13:16,118 [INFO] DbBoards:161 - Board is not supported: NUCLEO-C092RC
2025-05-26 22:13:16,174 [INFO] BoardInfo:889 - No configuration file found for board NUCLEO-N657X0-Q
2025-05-26 22:13:16,174 [INFO] DbBoards:161 - Board is not supported: NUCLEO-N657X0-Q
2025-05-26 22:13:16,178 [INFO] BoardInfo:889 - No configuration file found for board NUCLEO-U385RG-Q
2025-05-26 22:13:16,178 [INFO] DbBoards:161 - Board is not supported: NUCLEO-U385RG-Q
2025-05-26 22:13:16,181 [INFO] BoardInfo:889 - No configuration file found for board NUCLEO-WB05KZ
2025-05-26 22:13:16,181 [INFO] DbBoards:161 - Board is not supported: NUCLEO-WB05KZ
2025-05-26 22:13:16,182 [INFO] BoardInfo:889 - No configuration file found for board NUCLEO-WB07CC
2025-05-26 22:13:16,182 [INFO] DbBoards:161 - Board is not supported: NUCLEO-WB07CC
2025-05-26 22:13:16,183 [INFO] BoardInfo:889 - No configuration file found for board NUCLEO-WB09KE
2025-05-26 22:13:16,183 [INFO] DbBoards:161 - Board is not supported: NUCLEO-WB09KE
2025-05-26 22:13:16,186 [INFO] BoardInfo:889 - No configuration file found for board NUCLEO-WBA65RI
2025-05-26 22:13:16,186 [INFO] DbBoards:161 - Board is not supported: NUCLEO-WBA65RI
2025-05-26 22:13:16,188 [INFO] BoardInfo:889 - No configuration file found for board NUCLEO-WL33CC1
2025-05-26 22:13:16,188 [INFO] DbBoards:161 - Board is not supported: NUCLEO-WL33CC1
2025-05-26 22:13:16,189 [INFO] BoardInfo:889 - No configuration file found for board NUCLEO-WL33CC2
2025-05-26 22:13:16,190 [INFO] DbBoards:161 - Board is not supported: NUCLEO-WL33CC2
2025-05-26 22:13:16,194 [INFO] BoardInfo:889 - No configuration file found for board P-NUCLEO-WB55
2025-05-26 22:13:16,195 [INFO] DbBoards:161 - Kit is not supported: P-NUCLEO-WB55
2025-05-26 22:13:16,198 [INFO] BoardInfo:889 - No configuration file found for board STEVAL-BFA001V1B
2025-05-26 22:13:16,198 [INFO] DbBoards:161 - Kit is not supported: STEVAL-BFA001V1B
2025-05-26 22:13:16,199 [INFO] BoardInfo:889 - No configuration file found for board STEVAL-BFA001V2B
2025-05-26 22:13:16,199 [INFO] DbBoards:161 - Kit is not supported: STEVAL-BFA001V2B
2025-05-26 22:13:16,283 [INFO] BoardInfo:889 - No configuration file found for board STM32MP257F-DK
2025-05-26 22:13:16,284 [INFO] DbBoards:161 - Board is not supported: STM32MP257F-DK
2025-05-26 22:13:16,284 [INFO] BoardInfo:889 - No configuration file found for board STM32MP257F-EV1
2025-05-26 22:13:16,285 [INFO] DbBoards:161 - Board is not supported: STM32MP257F-EV1
2025-05-26 22:13:16,285 [INFO] BoardInfo:889 - No configuration file found for board STM32N6570-DK
2025-05-26 22:13:16,285 [INFO] DbBoards:161 - Board is not supported: STM32N6570-DK
2025-05-26 22:13:16,294 [INFO] BoardInfo:889 - No configuration file found for board STM32WBA65I-DK1
2025-05-26 22:13:16,295 [INFO] DbBoards:161 - Board is not supported: STM32WBA65I-DK1
2025-05-26 22:13:16,295 [INFO] DbBoards:168 - Found 210 boards, 192 are supported
2025-05-26 22:13:16,295 [INFO] DbBoards:169 - Found 210 boards, 8 of them is supported for  Bsp
2025-05-26 22:13:16,299 [INFO] ApiDb:423 - Load user favorites file C:\Users\axeel/.stm32cubeide/favorites.boards.txt: 0 item(s)
2025-05-26 22:13:16,299 [INFO] ApiDb:427 - User favorites Boards=[]
2025-05-26 22:13:16,299 [INFO] DbBoards:198 - Set 0 / 0 favorites Boards
2025-05-26 22:13:16,362 [INFO] UtilMem:75 - End LoadConfig() Used Memory: 800986768 Bytes (1073741824)
2025-05-26 22:13:16,521 [WARN] ThirdParty:833 - waiting for thirdparty lock release [change project]
2025-05-26 22:13:16,522 [INFO] ThirdParty:835 - entering critical section [change project]
2025-05-26 22:13:16,522 [INFO] ThirdParty:1030 - CMSIS Pack Vendor :STMicroelectronics USBPD 4.1
2025-05-26 22:13:16,522 [INFO] ThirdParty:1030 - CMSIS Pack Vendor :STMicroelectronics X-CUBE-GNSS1 6.0.0
2025-05-26 22:13:16,522 [INFO] ThirdParty:1030 - CMSIS Pack Vendor :STMicroelectronics USB_HOST 2.0.0
2025-05-26 22:13:16,522 [INFO] ThirdParty:1030 - CMSIS Pack Vendor :STMicroelectronics FP-SNS-MOTENVWB1 1.4.0
2025-05-26 22:13:16,522 [INFO] ThirdParty:1030 - CMSIS Pack Vendor :STMicroelectronics X-CUBE-AZRTOS-F4 1.1.0
2025-05-26 22:13:16,522 [INFO] ThirdParty:1030 - CMSIS Pack Vendor :STMicroelectronics LIBJPEG 8.0.0
2025-05-26 22:13:16,522 [INFO] ThirdParty:1030 - CMSIS Pack Vendor :STMicroelectronics FP-ATR-ASTRA1 2.0.2
2025-05-26 22:13:16,522 [INFO] ThirdParty:1030 - CMSIS Pack Vendor :STMicroelectronics FP-ATR-ASTRA1 2.0.1
2025-05-26 22:13:16,522 [INFO] ThirdParty:1030 - CMSIS Pack Vendor :STMicroelectronics X-CUBE-SMBUS 2.1.0
2025-05-26 22:13:16,522 [INFO] ThirdParty:1030 - CMSIS Pack Vendor :STMicroelectronics X-CUBE-WB05N 1.1.0
2025-05-26 22:13:16,522 [INFO] ThirdParty:1030 - CMSIS Pack Vendor :STMicroelectronics X-CUBE-ISPU 2.1.0
2025-05-26 22:13:16,522 [INFO] ThirdParty:1030 - CMSIS Pack Vendor :STMicroelectronics X-CUBE-FREERTOS 1.2.0
2025-05-26 22:13:16,522 [INFO] ThirdParty:1030 - CMSIS Pack Vendor :wolfSSL I-CUBE-wolfSSL 5.6.6
2025-05-26 22:13:16,522 [INFO] ThirdParty:1030 - CMSIS Pack Vendor :STMicroelectronics X-CUBE-TOUCHGFX 4.23.0
2025-05-26 22:13:16,522 [INFO] ThirdParty:1030 - CMSIS Pack Vendor :STMicroelectronics X-CUBE-TOUCHGFX 4.23.2
2025-05-26 22:13:16,523 [INFO] ThirdParty:1030 - CMSIS Pack Vendor :STMicroelectronics X-CUBE-AZRTOS-F7 1.1.0
2025-05-26 22:13:16,523 [INFO] ThirdParty:1030 - CMSIS Pack Vendor :STMicroelectronics X-CUBE-AZRTOS-L5 2.0.0
2025-05-26 22:13:16,523 [INFO] ThirdParty:1030 - CMSIS Pack Vendor :STMicroelectronics USB_DEVICE 2.0.0
2025-05-26 22:13:16,523 [INFO] ThirdParty:1030 - CMSIS Pack Vendor :STMicroelectronics X-CUBE-NFC6 3.1.0
2025-05-26 22:13:16,523 [INFO] ThirdParty:1030 - CMSIS Pack Vendor :ITTIA_DB I-CUBE-ITTIADB 8.8.0
2025-05-26 22:13:16,523 [INFO] ThirdParty:1030 - CMSIS Pack Vendor :STMicroelectronics FP-SNS-MOTENV1 4.3.2
2025-05-26 22:13:16,523 [INFO] ThirdParty:1030 - CMSIS Pack Vendor :STMicroelectronics X-CUBE-MEMS1 11.0.0
2025-05-26 22:13:16,523 [INFO] ThirdParty:1030 - CMSIS Pack Vendor :STMicroelectronics FreeRTOS 0.0.1
2025-05-26 22:13:16,523 [INFO] ThirdParty:1030 - CMSIS Pack Vendor :STMicroelectronics X-CUBE-DPower 1.2.0
2025-05-26 22:13:16,523 [INFO] ThirdParty:1030 - CMSIS Pack Vendor :STMicroelectronics FP-SNS-FLIGHT1 5.0.2
2025-05-26 22:13:16,523 [INFO] ThirdParty:1030 - CMSIS Pack Vendor :STMicroelectronics X-CUBE-AI 9.0.0
2025-05-26 22:13:16,523 [INFO] ThirdParty:1030 - CMSIS Pack Vendor :STMicroelectronics PDM2PCM 3.3.0
2025-05-26 22:13:16,523 [INFO] ThirdParty:1030 - CMSIS Pack Vendor :STMicroelectronics X-CUBE-DISPLAY 3.0.0
2025-05-26 22:13:16,523 [INFO] ThirdParty:1030 - CMSIS Pack Vendor :STMicroelectronics X-CUBE-BLE1 7.0.0
2025-05-26 22:13:16,523 [INFO] ThirdParty:1030 - CMSIS Pack Vendor :STMicroelectronics X-CUBE-NFC10 1.0.0
2025-05-26 22:13:16,523 [INFO] ThirdParty:1030 - CMSIS Pack Vendor :STMicroelectronics X-CUBE-BLEMGR 4.0.0
2025-05-26 22:13:16,523 [INFO] ThirdParty:1030 - CMSIS Pack Vendor :STMicroelectronics X-CUBE-FREERTOS 1.3.1
2025-05-26 22:13:16,523 [INFO] ThirdParty:1030 - CMSIS Pack Vendor :STMicroelectronics HAL Drivers 0.0.0
2025-05-26 22:13:16,523 [INFO] ThirdParty:1030 - CMSIS Pack Vendor :emotas I-CUBE-CANOPEN 1.3.0
2025-05-26 22:13:16,523 [INFO] ThirdParty:1030 - CMSIS Pack Vendor :STMicroelectronics X-CUBE-FREERTOS 1.3.0
2025-05-26 22:13:16,523 [INFO] ThirdParty:1030 - CMSIS Pack Vendor :STMicroelectronics X-CUBE-NFC7 1.0.1
2025-05-26 22:13:16,523 [INFO] ThirdParty:1030 - CMSIS Pack Vendor :STMicroelectronics MBEDTLS 2.14.1
2025-05-26 22:13:16,523 [INFO] ThirdParty:1030 - CMSIS Pack Vendor :wolfSSL I-CUBE-wolfTPM 3.2.0
2025-05-26 22:13:16,523 [INFO] ThirdParty:1030 - CMSIS Pack Vendor :STMicroelectronics X-CUBE-NFC6 3.0.0
2025-05-26 22:13:16,524 [INFO] ThirdParty:1030 - CMSIS Pack Vendor :STMicroelectronics X-CUBE-BLEMGR 3.1.0
2025-05-26 22:13:16,524 [INFO] ThirdParty:1030 - CMSIS Pack Vendor :STMicroelectronics X-CUBE-AI 10.0.0
2025-05-26 22:13:16,524 [INFO] ThirdParty:1030 - CMSIS Pack Vendor :STMicroelectronics FP-SNS-SMARTAG2 1.2.0
2025-05-26 22:13:16,524 [INFO] ThirdParty:1030 - CMSIS Pack Vendor :STMicroelectronics X-CUBE-MEMS1 11.1.0
2025-05-26 22:13:16,524 [INFO] ThirdParty:1030 - CMSIS Pack Vendor :STMicroelectronics X-CUBE-AZRTOS-WL 2.0.0
2025-05-26 22:13:16,524 [INFO] ThirdParty:1030 - CMSIS Pack Vendor :STMicroelectronics X-CUBE-DPower 1.3.0
2025-05-26 22:13:16,524 [INFO] ThirdParty:1030 - CMSIS Pack Vendor :STMicroelectronics FP-SNS-MOTENV1 5.0.0
2025-05-26 22:13:16,524 [INFO] ThirdParty:1030 - CMSIS Pack Vendor :STMicroelectronics USB_DEVICE 1.0.0
2025-05-26 22:13:16,524 [INFO] ThirdParty:1030 - CMSIS Pack Vendor :STMicroelectronics X-CUBE-AI 8.1.0
2025-05-26 22:13:16,524 [INFO] ThirdParty:1030 - CMSIS Pack Vendor :wolfSSL I-CUBE-wolfMQTT 1.19.0
2025-05-26 22:13:16,524 [INFO] ThirdParty:1030 - CMSIS Pack Vendor :STMicroelectronics X-CUBE-AZRTOS-L4 2.0.0
2025-05-26 22:13:16,524 [INFO] ThirdParty:1030 - CMSIS Pack Vendor :STMicroelectronics ThreadX 0.0.2
2025-05-26 22:13:16,524 [INFO] ThirdParty:1030 - CMSIS Pack Vendor :WES I-CUBE-Cesium 1.3.0
2025-05-26 22:13:16,524 [INFO] ThirdParty:1030 - CMSIS Pack Vendor :STMicroelectronics lwIP 2.1.2
2025-05-26 22:13:16,524 [INFO] ThirdParty:1030 - CMSIS Pack Vendor :STMicroelectronics X-CUBE-SFXS2LP1 4.0.0
2025-05-26 22:13:16,524 [INFO] ThirdParty:1030 - CMSIS Pack Vendor :STMicroelectronics X-CUBE-BLE2 3.3.0
2025-05-26 22:13:16,524 [INFO] ThirdParty:1030 - CMSIS Pack Vendor :STMicroelectronics PDM2PCM 3.2.0
2025-05-26 22:13:16,524 [INFO] ThirdParty:1030 - CMSIS Pack Vendor :STMicroelectronics X-CUBE-AZRTOS-H7 3.3.0
2025-05-26 22:13:16,524 [INFO] ThirdParty:1030 - CMSIS Pack Vendor :STMicroelectronics X-CUBE-NFC9 1.0.0
2025-05-26 22:13:16,524 [INFO] ThirdParty:1030 - CMSIS Pack Vendor :STMicroelectronics X-CUBE-BLE1 7.1.0
2025-05-26 22:13:16,524 [INFO] ThirdParty:1030 - CMSIS Pack Vendor :STMicroelectronics USB_DEVICE 3.0.0
2025-05-26 22:13:16,524 [INFO] ThirdParty:1030 - CMSIS Pack Vendor :STMicroelectronics X-CUBE-TCPP 4.1.0
2025-05-26 22:13:16,524 [INFO] ThirdParty:1030 - CMSIS Pack Vendor :STMicroelectronics X-CUBE-IPS 3.0.0
2025-05-26 22:13:16,525 [INFO] ThirdParty:1030 - CMSIS Pack Vendor :STMicroelectronics X-CUBE-AZRTOS-WB 2.0.0
2025-05-26 22:13:16,525 [INFO] ThirdParty:1030 - CMSIS Pack Vendor :STMicroelectronics X-CUBE-GNSS1 7.0.0
2025-05-26 22:13:16,525 [INFO] ThirdParty:1030 - CMSIS Pack Vendor :STMicroelectronics X-CUBE-GNSS1 7.0.1
2025-05-26 22:13:16,525 [INFO] ThirdParty:1030 - CMSIS Pack Vendor :STMicroelectronics X-CUBE-TOUCHGFX 4.25.0
2025-05-26 22:13:16,525 [INFO] ThirdParty:1030 - CMSIS Pack Vendor :STMicroelectronics FP-SNS-STBOX1 2.0.0
2025-05-26 22:13:16,525 [INFO] ThirdParty:1030 - CMSIS Pack Vendor :STMicroelectronics X-CUBE-ALGOBUILD 1.3.0
2025-05-26 22:13:16,525 [INFO] ThirdParty:1030 - CMSIS Pack Vendor :STMicroelectronics X-CUBE-MEMS1 11.2.0
2025-05-26 22:13:16,525 [INFO] ThirdParty:1030 - CMSIS Pack Vendor :STMicroelectronics X-CUBE-AZRTOS-G0 1.1.0
2025-05-26 22:13:16,525 [INFO] ThirdParty:1030 - CMSIS Pack Vendor :STMicroelectronics X-CUBE-SAFEA1 1.2.2
2025-05-26 22:13:16,525 [INFO] ThirdParty:1030 - CMSIS Pack Vendor :STMicroelectronics X-CUBE-NFC4 3.0.0
2025-05-26 22:13:16,525 [INFO] ThirdParty:1030 - CMSIS Pack Vendor :STMicroelectronics X-CUBE-SUBG2 5.0.0
2025-05-26 22:13:16,525 [INFO] ThirdParty:1030 - CMSIS Pack Vendor :STMicroelectronics X-CUBE-AZRTOS-H7RS 1.1.0
2025-05-26 22:13:16,525 [INFO] ThirdParty:1030 - CMSIS Pack Vendor :STMicroelectronics STM32_WPAN 1.0.0
2025-05-26 22:13:16,525 [INFO] ThirdParty:1030 - CMSIS Pack Vendor :wolfSSL I-CUBE-wolfMQTT 1.18.0
2025-05-26 22:13:16,525 [INFO] ThirdParty:1030 - CMSIS Pack Vendor :EmbeddedOffice I-CUBE-FS-RTOS 1.0.1
2025-05-26 22:13:16,525 [INFO] ThirdParty:1030 - CMSIS Pack Vendor :STMicroelectronics lwIP 2.0.3
2025-05-26 22:13:16,525 [INFO] ThirdParty:1030 - CMSIS Pack Vendor :STMicroelectronics USB_HOST 1.0.0
2025-05-26 22:13:16,525 [INFO] ThirdParty:1030 - CMSIS Pack Vendor :STMicroelectronics X-CUBE-AZRTOS-G4 2.0.0
2025-05-26 22:13:16,525 [INFO] ThirdParty:1030 - CMSIS Pack Vendor :STMicroelectronics X-CUBE-WB05N 2.0.0
2025-05-26 22:13:16,525 [INFO] ThirdParty:1030 - CMSIS Pack Vendor :STMicroelectronics PDM2PCM 3.1.0
2025-05-26 22:13:16,525 [INFO] ThirdParty:1030 - CMSIS Pack Vendor :Infineon AIROC-Wi-Fi-Bluetooth-STM32 1.5.1
2025-05-26 22:13:16,525 [INFO] ThirdParty:1030 - CMSIS Pack Vendor :STMicroelectronics X-CUBE-NFC7 2.0.0
2025-05-26 22:13:16,525 [INFO] ThirdParty:1030 - CMSIS Pack Vendor :RealThread X-CUBE-RT-Thread_Nano 4.1.1
2025-05-26 22:13:16,525 [INFO] ThirdParty:1030 - CMSIS Pack Vendor :STMicroelectronics FP-SNS-MOTENVWB1 1.3.1
2025-05-26 22:13:16,525 [INFO] ThirdParty:1030 - CMSIS Pack Vendor :STMicroelectronics FP-ATR-SIGFOX1 3.2.0
2025-05-26 22:13:16,525 [INFO] ThirdParty:1030 - CMSIS Pack Vendor :quantropi X-CUBE-qispace-sdk-base 1.9.3
2025-05-26 22:13:16,525 [INFO] ThirdParty:1030 - CMSIS Pack Vendor :STMicroelectronics X-CUBE-ISPU 2.0.0
2025-05-26 22:13:16,525 [INFO] ThirdParty:1030 - CMSIS Pack Vendor :STMicroelectronics X-CUBE-EEPRMA1 5.1.0
2025-05-26 22:13:16,525 [INFO] ThirdParty:1030 - CMSIS Pack Vendor :STMicroelectronics MBEDTLS 2.16.2
2025-05-26 22:13:16,525 [INFO] ThirdParty:1030 - CMSIS Pack Vendor :STMicroelectronics X-CUBE-ALS 1.0.2
2025-05-26 22:13:16,525 [INFO] ThirdParty:1030 - CMSIS Pack Vendor :STMicroelectronics X-CUBE-MEMS1 10.0.0
2025-05-26 22:13:16,525 [INFO] ThirdParty:1030 - CMSIS Pack Vendor :STMicroelectronics X-CUBE-FREERTOS 1.1.0
2025-05-26 22:13:16,525 [INFO] ThirdParty:1030 - CMSIS Pack Vendor :STMicroelectronics X-CUBE-TOUCHGFX 4.24.0
2025-05-26 22:13:16,525 [INFO] ThirdParty:1030 - CMSIS Pack Vendor :STMicroelectronics X-CUBE-TOUCHGFX 4.24.2
2025-05-26 22:13:16,525 [INFO] ThirdParty:1030 - CMSIS Pack Vendor :STMicroelectronics X-CUBE-TOUCHGFX 4.24.1
2025-05-26 22:13:16,525 [INFO] ThirdParty:1030 - CMSIS Pack Vendor :portGmbH I-Cube-SoM-uGOAL 1.1.0
2025-05-26 22:13:16,525 [INFO] ThirdParty:1030 - CMSIS Pack Vendor :STMicroelectronics X-CUBE-ALS 1.0.1
2025-05-26 22:13:16,525 [INFO] ThirdParty:1030 - CMSIS Pack Vendor :STMicroelectronics ThreadX 1.0.0
2025-05-26 22:13:16,525 [INFO] ThirdParty:1030 - CMSIS Pack Vendor :SEGGER I-CUBE-embOS 1.3.1
2025-05-26 22:13:16,525 [INFO] ThirdParty:1030 - CMSIS Pack Vendor :STMicroelectronics X-CUBE-ALGOBUILD 1.4.0
2025-05-26 22:13:16,525 [INFO] ThirdParty:1030 - CMSIS Pack Vendor :STMicroelectronics X-CUBE-AZRTOS-H7RS 1.0.0
2025-05-26 22:13:16,525 [INFO] ThirdParty:1030 - CMSIS Pack Vendor :STMicroelectronics FP-ATR-ASTRA1 2.0.0
2025-05-26 22:13:16,525 [INFO] ThirdParty:1030 - CMSIS Pack Vendor :STMicroelectronics X-CUBE-TOF1 3.4.2
2025-05-26 22:13:16,525 [INFO] ThirdParty:1030 - CMSIS Pack Vendor :STMicroelectronics X-CUBE-AI 9.1.0
2025-05-26 22:13:16,525 [INFO] ThirdParty:1030 - CMSIS Pack Vendor :STMicroelectronics X-CUBE-TOF1 3.4.1
2025-05-26 22:13:16,525 [INFO] ThirdParty:1030 - CMSIS Pack Vendor :STMicroelectronics X-CUBE-AZRTOS-H7 3.2.0
2025-05-26 22:13:16,525 [INFO] ThirdParty:1030 - CMSIS Pack Vendor :wolfSSL I-CUBE-wolfSSH 1.4.17
2025-05-26 22:13:16,525 [INFO] ThirdParty:841 - exiting critical section [change project]
2025-05-26 22:13:16,843 [INFO] PinOutPanel:1561 - setPackage(No Configuration,No Configuration)
2025-05-26 22:13:16,845 [INFO] PinOutPanel:1561 - setPackage(STM32F411CEUx,UFQFPN48)
2025-05-26 22:13:17,379 [INFO] UtilMem:75 - Before build in PCC Used Memory: 697224552 Bytes (1073741824)
2025-05-26 22:13:18,376 [INFO] UtilMem:75 - After build in PCC Used Memory: 766954832 Bytes (1073741824)
2025-05-26 22:13:18,397 [INFO] IPUIPlugin:80 - create IPUIPlugin
2025-05-26 22:13:18,397 [INFO] IPUIPlugin:80 - create IPUIPlugin
2025-05-26 22:13:18,397 [INFO] IPUIPlugin:80 - create IPUIPlugin
2025-05-26 22:13:18,397 [INFO] IPUIPlugin:80 - create IPUIPlugin
2025-05-26 22:13:18,397 [INFO] IPUIPlugin:80 - create IPUIPlugin
2025-05-26 22:13:18,397 [INFO] IPUIPlugin:80 - create IPUIPlugin
2025-05-26 22:13:18,397 [INFO] IPUIPlugin:80 - create IPUIPlugin
2025-05-26 22:13:18,397 [INFO] IPUIPlugin:80 - create IPUIPlugin
2025-05-26 22:13:18,397 [INFO] IPUIPlugin:80 - create IPUIPlugin
2025-05-26 22:13:18,397 [INFO] IPUIPlugin:80 - create IPUIPlugin
2025-05-26 22:13:18,397 [INFO] IPUIPlugin:80 - create IPUIPlugin
2025-05-26 22:13:18,397 [INFO] IPUIPlugin:80 - create IPUIPlugin
2025-05-26 22:13:18,398 [INFO] IPUIPlugin:80 - create IPUIPlugin
2025-05-26 22:13:18,398 [INFO] IPUIPlugin:80 - create IPUIPlugin
2025-05-26 22:13:18,398 [INFO] IPUIPlugin:80 - create IPUIPlugin
2025-05-26 22:13:18,398 [INFO] IPUIPlugin:80 - create IPUIPlugin
2025-05-26 22:13:18,398 [INFO] IPUIPlugin:80 - create IPUIPlugin
2025-05-26 22:13:18,398 [INFO] IPUIPlugin:80 - create IPUIPlugin
2025-05-26 22:13:18,398 [INFO] IPUIPlugin:80 - create IPUIPlugin
2025-05-26 22:13:18,398 [INFO] IPUIPlugin:80 - create IPUIPlugin
2025-05-26 22:13:18,398 [INFO] IPUIPlugin:80 - create IPUIPlugin
2025-05-26 22:13:18,398 [INFO] IPUIPlugin:80 - create IPUIPlugin
2025-05-26 22:13:18,398 [INFO] IPUIPlugin:80 - create IPUIPlugin
2025-05-26 22:13:18,399 [INFO] IPUIPlugin:80 - create IPUIPlugin
2025-05-26 22:13:18,399 [INFO] IPUIPlugin:80 - create IPUIPlugin
2025-05-26 22:13:18,399 [INFO] IPUIPlugin:80 - create IPUIPlugin
2025-05-26 22:13:18,399 [INFO] IPUIPlugin:80 - create IPUIPlugin
2025-05-26 22:13:18,399 [INFO] IPUIPlugin:80 - create IPUIPlugin
2025-05-26 22:13:18,399 [INFO] IPUIPlugin:80 - create IPUIPlugin
2025-05-26 22:13:18,399 [INFO] IPUIPlugin:80 - create IPUIPlugin
2025-05-26 22:13:18,399 [INFO] IPUIPlugin:80 - create IPUIPlugin
2025-05-26 22:13:18,399 [INFO] IPUIPlugin:80 - create IPUIPlugin
2025-05-26 22:13:18,399 [INFO] IPUIPlugin:80 - create IPUIPlugin
2025-05-26 22:13:18,400 [INFO] IPUIPlugin:80 - create IPUIPlugin
2025-05-26 22:13:18,400 [INFO] IPUIPlugin:80 - create IPUIPlugin
2025-05-26 22:13:18,400 [INFO] IPUIPlugin:80 - create IPUIPlugin
2025-05-26 22:13:18,400 [INFO] IPUIPlugin:80 - create IPUIPlugin
2025-05-26 22:13:18,400 [INFO] IPUIPlugin:80 - create IPUIPlugin
2025-05-26 22:13:18,400 [INFO] IPUIPlugin:80 - create IPUIPlugin
2025-05-26 22:13:18,400 [INFO] IPUIPlugin:80 - create IPUIPlugin
2025-05-26 22:13:18,400 [INFO] IPUIPlugin:80 - create IPUIPlugin
2025-05-26 22:13:18,400 [INFO] IPUIPlugin:80 - create IPUIPlugin
2025-05-26 22:13:18,402 [INFO] IPUIPlugin:80 - create IPUIPlugin
2025-05-26 22:13:18,495 [INFO] ApiDbMcu:508 - Load IP Config File for PDM2PCM
2025-05-26 22:13:18,505 [WARN] IP:2120 - I2C_Coeff_DF not found: check if there is a RefParameter without a condition.
2025-05-26 22:13:18,505 [WARN] IP:2120 - Analog_Filter not found: check if there is a RefParameter without a condition.
2025-05-26 22:13:18,748 [INFO] CADModel:165 - CPN selected for project levelSTM32F411CEU6
2025-05-26 22:13:18,748 [INFO] CADModel:114 - Register for checkConnection events
2025-05-26 22:13:18,808 [INFO] OpenFileManager:343 - Restore cursor
2025-05-26 22:13:18,965 [WARN] IP:2120 - I2C_Coeff_DF not found: check if there is a RefParameter without a condition.
2025-05-26 22:13:18,965 [WARN] IP:2120 - Analog_Filter not found: check if there is a RefParameter without a condition.
2025-05-26 22:13:18,966 [WARN] IP:2120 - I2C_Coeff_DF not found: check if there is a RefParameter without a condition.
2025-05-26 22:13:18,966 [WARN] IP:2120 - Analog_Filter not found: check if there is a RefParameter without a condition.
